#
# There is insufficient memory for the Java Runtime Environment to continue.
# Native memory allocation (malloc) failed to allocate 83728 bytes. Error detail: Chunk::new
# Possible reasons:
#   The system is out of physical RAM or swap space
#   This process is running with CompressedOops enabled, and the Java Heap may be blocking the growth of the native heap
# Possible solutions:
#   Reduce memory load on the system
#   Increase physical memory or swap space
#   Check if swap backing store is full
#   Decrease Java heap size (-Xmx/-Xms)
#   Decrease number of Java threads
#   Decrease Java thread stack sizes (-Xss)
#   Set larger code cache with -XX:ReservedCodeCacheSize=
#   JVM is running with Zero Based Compressed Oops mode in which the Java heap is
#     placed in the first 32GB address space. The Java Heap base address is the
#     maximum limit for the native heap growth. Please use -XX:HeapBaseMinAddress
#     to set the Java Heap base and to place the Java Heap above 32GB virtual address.
# This output file may be truncated or incomplete.
#
#  Out of Memory Error (arena.cpp:191), pid=10208, tid=964
#
# JRE version: OpenJDK Runtime Environment Temurin-17.0.11+9 (17.0.11+9) (build 17.0.11+9)
# Java VM: OpenJDK 64-Bit Server VM Temurin-17.0.11+9 (17.0.11+9, mixed mode, sharing, tiered, compressed oops, compressed class ptrs, g1 gc, windows-amd64)
# No core dump will be written. Minidumps are not enabled by default on client versions of Windows
#

---------------  S U M M A R Y ------------

Command Line: --enable-native-access=ALL-UNNAMED -Dclassworlds.conf=C:\Users\singh\.m2\wrapper\dists\apache-maven-3.9.16\0daed3be3ebd1c706f0e69e8b07c6b73f5cc4ea3dfce72a8d0ec2e849ca2ddb0\bin\m2.conf -Dmaven.home=C:\Users\singh\.m2\wrapper\dists\apache-maven-3.9.16\0daed3be3ebd1c706f0e69e8b07c6b73f5cc4ea3dfce72a8d0ec2e849ca2ddb0 -Dlibrary.jansi.path=C:\Users\singh\.m2\wrapper\dists\apache-maven-3.9.16\0daed3be3ebd1c706f0e69e8b07c6b73f5cc4ea3dfce72a8d0ec2e849ca2ddb0\lib\jansi-native -Dmaven.multiModuleProjectDirectory=D:\Airtel\SprinBoot\System org.codehaus.plexus.classworlds.launcher.Launcher spring-boot:run

Host: 13th Gen Intel(R) Core(TM) i7-1355U, 12 cores, 15G,  Windows 11 , 64 bit Build 26100 (10.0.26100.8328)
Time: Mon Jun  1 13:28:41 2026 India Standard Time elapsed time: 3.915434 seconds (0d 0h 0m 3s)

---------------  T H R E A D  ---------------

Current thread (0x0000021eda21c560):  JavaThread "C2 CompilerThread1" daemon [_thread_in_native, id=964, stack(0x000000a673500000,0x000000a673600000)]


Current CompileTask:
C2:   3915 3733   !   4       org.apache.maven.model.ConfigurationContainer::clone (98 bytes)

Stack: [0x000000a673500000,0x000000a673600000]
Native frames: (J=compiled Java code, j=interpreted, Vv=VM code, C=native code)
V  [jvm.dll+0x67d429]
V  [jvm.dll+0x834b7a]
V  [jvm.dll+0x83663e]
V  [jvm.dll+0x836ca3]
V  [jvm.dll+0x247dbf]
V  [jvm.dll+0xac534]
V  [jvm.dll+0xacb7c]
V  [jvm.dll+0x11f347]
V  [jvm.dll+0x60f335]
V  [jvm.dll+0x60d9da]
V  [jvm.dll+0x21a2e8]
V  [jvm.dll+0x2198b1]
V  [jvm.dll+0x1a534d]
V  [jvm.dll+0x2295cd]
V  [jvm.dll+0x22779c]
V  [jvm.dll+0x7e9d07]
V  [jvm.dll+0x7e410a]
V  [jvm.dll+0x67c315]
C  [ucrtbase.dll+0x37b0]
C  [KERNEL32.DLL+0x2e957]
C  [ntdll.dll+0x427c]


---------------  P R O C E S S  ---------------

Threads class SMR info:
_java_thread_list=0x0000021edb1fb600, length=15, elements={
0x0000021ef18affb0, 0x0000021eda005e70, 0x0000021eda009860, 0x0000021eda01ea70,
0x0000021eda021350, 0x0000021eda022790, 0x0000021eda023bd0, 0x0000021eda026700,
0x0000021eda029c40, 0x0000021eda02cd00, 0x0000021eda179420, 0x0000021eda183bc0,
0x0000021eda21c560, 0x0000021edacab9c0, 0x0000021edb248cc0
}

Java Threads: ( => current thread )
  0x0000021ef18affb0 JavaThread "main" [_thread_in_Java, id=18980, stack(0x000000a672200000,0x000000a672300000)]
  0x0000021eda005e70 JavaThread "Reference Handler" daemon [_thread_blocked, id=3032, stack(0x000000a672900000,0x000000a672a00000)]
  0x0000021eda009860 JavaThread "Finalizer" daemon [_thread_blocked, id=19408, stack(0x000000a672a00000,0x000000a672b00000)]
  0x0000021eda01ea70 JavaThread "Signal Dispatcher" daemon [_thread_blocked, id=8444, stack(0x000000a672b00000,0x000000a672c00000)]
  0x0000021eda021350 JavaThread "Attach Listener" daemon [_thread_blocked, id=19200, stack(0x000000a672c00000,0x000000a672d00000)]
  0x0000021eda022790 JavaThread "Service Thread" daemon [_thread_blocked, id=32072, stack(0x000000a672d00000,0x000000a672e00000)]
  0x0000021eda023bd0 JavaThread "Monitor Deflation Thread" daemon [_thread_blocked, id=10680, stack(0x000000a672e00000,0x000000a672f00000)]
  0x0000021eda026700 JavaThread "C2 CompilerThread0" daemon [_thread_in_native, id=9500, stack(0x000000a672f00000,0x000000a673000000)]
  0x0000021eda029c40 JavaThread "C1 CompilerThread0" daemon [_thread_in_native, id=34544, stack(0x000000a673000000,0x000000a673100000)]
  0x0000021eda02cd00 JavaThread "Sweeper thread" daemon [_thread_blocked, id=31220, stack(0x000000a673100000,0x000000a673200000)]
  0x0000021eda179420 JavaThread "Notification Thread" daemon [_thread_blocked, id=16424, stack(0x000000a673200000,0x000000a673300000)]
  0x0000021eda183bc0 JavaThread "Common-Cleaner" daemon [_thread_blocked, id=10636, stack(0x000000a673400000,0x000000a673500000)]
=>0x0000021eda21c560 JavaThread "C2 CompilerThread1" daemon [_thread_in_native, id=964, stack(0x000000a673500000,0x000000a673600000)]
  0x0000021edacab9c0 JavaThread "Thread-1" daemon [_thread_blocked, id=26180, stack(0x000000a673e00000,0x000000a673f00000)]
  0x0000021edb248cc0 JavaThread "C2 CompilerThread2" daemon [_thread_in_native, id=3624, stack(0x000000a673b00000,0x000000a673c00000)]

Other Threads:
  0x0000021effc39260 VMThread "VM Thread" [stack: 0x000000a672800000,0x000000a672900000] [id=11444]
  0x0000021eda181910 WatcherThread [stack: 0x000000a673300000,0x000000a673400000] [id=10324]
  0x0000021ef191e1d0 GCTaskThread "GC Thread#0" [stack: 0x000000a672300000,0x000000a672400000] [id=23060]
  0x0000021edabcc850 GCTaskThread "GC Thread#1" [stack: 0x000000a673600000,0x000000a673700000] [id=16924]
  0x0000021edabcbe30 GCTaskThread "GC Thread#2" [stack: 0x000000a673700000,0x000000a673800000] [id=18896]
  0x0000021edabcc0f0 GCTaskThread "GC Thread#3" [stack: 0x000000a673800000,0x000000a673900000] [id=36780]
  0x0000021edabbe010 GCTaskThread "GC Thread#4" [stack: 0x000000a673900000,0x000000a673a00000] [id=29924]
  0x0000021edabbe2d0 GCTaskThread "GC Thread#5" [stack: 0x000000a673a00000,0x000000a673b00000] [id=33156]
  0x0000021edacaf490 GCTaskThread "GC Thread#6" [stack: 0x000000a673c00000,0x000000a673d00000] [id=9156]
  0x0000021edace0260 GCTaskThread "GC Thread#7" [stack: 0x000000a673d00000,0x000000a673e00000] [id=23452]
  0x0000021ef192fbc0 ConcurrentGCThread "G1 Main Marker" [stack: 0x000000a672400000,0x000000a672500000] [id=21716]
  0x0000021ef19304f0 ConcurrentGCThread "G1 Conc#0" [stack: 0x000000a672500000,0x000000a672600000] [id=34260]
  0x0000021effaf3d30 ConcurrentGCThread "G1 Refine#0" [stack: 0x000000a672600000,0x000000a672700000] [id=24304]
  0x0000021effaf4570 ConcurrentGCThread "G1 Service" [stack: 0x000000a672700000,0x000000a672800000] [id=24908]

Threads with active compile tasks:
C2 CompilerThread0     3948 3667       4       org.eclipse.sisu.inject.LocatedBeans$Itr::hasNext (169 bytes)
C1 CompilerThread0     3948 3795       3       java.util.ArrayList::listIterator (15 bytes)
C2 CompilerThread1     3948 3733   !   4       org.apache.maven.model.ConfigurationContainer::clone (98 bytes)
C2 CompilerThread2     3948 3773       4       java.util.regex.Pattern$Slice::match (79 bytes)

VM state: not at safepoint (normal execution)

VM Mutex/Monitor currently owned by a thread: None

Heap address: 0x0000000704800000, size: 4024 MB, Compressed Oops mode: Zero based, Oop shift amount: 3

CDS archive(s) mapped at: [0x0000021e95000000-0x0000021e95bb0000-0x0000021e95bb0000), size 12255232, SharedBaseAddress: 0x0000021e95000000, ArchiveRelocationMode: 1.
Compressed class space mapped at: 0x0000021e96000000-0x0000021ed6000000, reserved size: 1073741824
Narrow klass base: 0x0000021e95000000, Narrow klass shift: 0, Narrow klass range: 0x100000000

GC Precious Log:
 CPUs: 12 total, 12 available
 Memory: 16095M
 Large Page Support: Disabled
 NUMA Support: Disabled
 Compressed Oops: Enabled (Zero based)
 Heap Region Size: 2M
 Heap Min Capacity: 8M
 Heap Initial Capacity: 252M
 Heap Max Capacity: 4024M
 Pre-touch: Disabled
 Parallel Workers: 10
 Concurrent Workers: 3
 Concurrent Refinement Workers: 10
 Periodic GC: Disabled

Heap:
 garbage-first heap   total 258048K, used 106959K [0x0000000704800000, 0x0000000800000000)
  region size 2048K, 52 young (106496K), 1 survivors (2048K)
 Metaspace       used 15509K, committed 15744K, reserved 1114112K
  class space    used 1868K, committed 1984K, reserved 1048576K

Heap Regions: E=young(eden), S=young(survivor), O=old, HS=humongous(starts), HC=humongous(continues), CS=collection set, F=free, OA=open archive, CA=closed archive, TAMS=top-at-mark-start (previous, next)
|   0|0x0000000704800000, 0x0000000704a00000, 0x0000000704a00000|100%| O|  |TAMS 0x0000000704800000, 0x0000000704800000| Untracked 
|   1|0x0000000704a00000, 0x0000000704b39a00, 0x0000000704c00000| 61%| O|  |TAMS 0x0000000704a00000, 0x0000000704a00000| Untracked 
|   2|0x0000000704c00000, 0x0000000704c00000, 0x0000000704e00000|  0%| F|  |TAMS 0x0000000704c00000, 0x0000000704c00000| Untracked 
|   3|0x0000000704e00000, 0x0000000704e00000, 0x0000000705000000|  0%| F|  |TAMS 0x0000000704e00000, 0x0000000704e00000| Untracked 
|   4|0x0000000705000000, 0x0000000705000000, 0x0000000705200000|  0%| F|  |TAMS 0x0000000705000000, 0x0000000705000000| Untracked 
|   5|0x0000000705200000, 0x0000000705200000, 0x0000000705400000|  0%| F|  |TAMS 0x0000000705200000, 0x0000000705200000| Untracked 
|   6|0x0000000705400000, 0x0000000705400000, 0x0000000705600000|  0%| F|  |TAMS 0x0000000705400000, 0x0000000705400000| Untracked 
|   7|0x0000000705600000, 0x0000000705600000, 0x0000000705800000|  0%| F|  |TAMS 0x0000000705600000, 0x0000000705600000| Untracked 
|   8|0x0000000705800000, 0x0000000705800000, 0x0000000705a00000|  0%| F|  |TAMS 0x0000000705800000, 0x0000000705800000| Untracked 
|   9|0x0000000705a00000, 0x0000000705a00000, 0x0000000705c00000|  0%| F|  |TAMS 0x0000000705a00000, 0x0000000705a00000| Untracked 
|  10|0x0000000705c00000, 0x0000000705c00000, 0x0000000705e00000|  0%| F|  |TAMS 0x0000000705c00000, 0x0000000705c00000| Untracked 
|  11|0x0000000705e00000, 0x0000000705e00000, 0x0000000706000000|  0%| F|  |TAMS 0x0000000705e00000, 0x0000000705e00000| Untracked 
|  12|0x0000000706000000, 0x0000000706000000, 0x0000000706200000|  0%| F|  |TAMS 0x0000000706000000, 0x0000000706000000| Untracked 
|  13|0x0000000706200000, 0x0000000706200000, 0x0000000706400000|  0%| F|  |TAMS 0x0000000706200000, 0x0000000706200000| Untracked 
|  14|0x0000000706400000, 0x0000000706400000, 0x0000000706600000|  0%| F|  |TAMS 0x0000000706400000, 0x0000000706400000| Untracked 
|  15|0x0000000706600000, 0x0000000706600000, 0x0000000706800000|  0%| F|  |TAMS 0x0000000706600000, 0x0000000706600000| Untracked 
|  16|0x0000000706800000, 0x0000000706800000, 0x0000000706a00000|  0%| F|  |TAMS 0x0000000706800000, 0x0000000706800000| Untracked 
|  17|0x0000000706a00000, 0x0000000706a00000, 0x0000000706c00000|  0%| F|  |TAMS 0x0000000706a00000, 0x0000000706a00000| Untracked 
|  18|0x0000000706c00000, 0x0000000706c00000, 0x0000000706e00000|  0%| F|  |TAMS 0x0000000706c00000, 0x0000000706c00000| Untracked 
|  19|0x0000000706e00000, 0x0000000706e00000, 0x0000000707000000|  0%| F|  |TAMS 0x0000000706e00000, 0x0000000706e00000| Untracked 
|  20|0x0000000707000000, 0x0000000707000000, 0x0000000707200000|  0%| F|  |TAMS 0x0000000707000000, 0x0000000707000000| Untracked 
|  21|0x0000000707200000, 0x0000000707200000, 0x0000000707400000|  0%| F|  |TAMS 0x0000000707200000, 0x0000000707200000| Untracked 
|  22|0x0000000707400000, 0x0000000707400000, 0x0000000707600000|  0%| F|  |TAMS 0x0000000707400000, 0x0000000707400000| Untracked 
|  23|0x0000000707600000, 0x0000000707600000, 0x0000000707800000|  0%| F|  |TAMS 0x0000000707600000, 0x0000000707600000| Untracked 
|  24|0x0000000707800000, 0x0000000707800000, 0x0000000707a00000|  0%| F|  |TAMS 0x0000000707800000, 0x0000000707800000| Untracked 
|  25|0x0000000707a00000, 0x0000000707a00000, 0x0000000707c00000|  0%| F|  |TAMS 0x0000000707a00000, 0x0000000707a00000| Untracked 
|  26|0x0000000707c00000, 0x0000000707c00000, 0x0000000707e00000|  0%| F|  |TAMS 0x0000000707c00000, 0x0000000707c00000| Untracked 
|  27|0x0000000707e00000, 0x0000000707e00000, 0x0000000708000000|  0%| F|  |TAMS 0x0000000707e00000, 0x0000000707e00000| Untracked 
|  28|0x0000000708000000, 0x0000000708000000, 0x0000000708200000|  0%| F|  |TAMS 0x0000000708000000, 0x0000000708000000| Untracked 
|  29|0x0000000708200000, 0x0000000708200000, 0x0000000708400000|  0%| F|  |TAMS 0x0000000708200000, 0x0000000708200000| Untracked 
|  30|0x0000000708400000, 0x0000000708400000, 0x0000000708600000|  0%| F|  |TAMS 0x0000000708400000, 0x0000000708400000| Untracked 
|  31|0x0000000708600000, 0x0000000708600000, 0x0000000708800000|  0%| F|  |TAMS 0x0000000708600000, 0x0000000708600000| Untracked 
|  32|0x0000000708800000, 0x0000000708800000, 0x0000000708a00000|  0%| F|  |TAMS 0x0000000708800000, 0x0000000708800000| Untracked 
|  33|0x0000000708a00000, 0x0000000708a00000, 0x0000000708c00000|  0%| F|  |TAMS 0x0000000708a00000, 0x0000000708a00000| Untracked 
|  34|0x0000000708c00000, 0x0000000708c00000, 0x0000000708e00000|  0%| F|  |TAMS 0x0000000708c00000, 0x0000000708c00000| Untracked 
|  35|0x0000000708e00000, 0x0000000708e00000, 0x0000000709000000|  0%| F|  |TAMS 0x0000000708e00000, 0x0000000708e00000| Untracked 
|  36|0x0000000709000000, 0x0000000709000000, 0x0000000709200000|  0%| F|  |TAMS 0x0000000709000000, 0x0000000709000000| Untracked 
|  37|0x0000000709200000, 0x0000000709200000, 0x0000000709400000|  0%| F|  |TAMS 0x0000000709200000, 0x0000000709200000| Untracked 
|  38|0x0000000709400000, 0x0000000709400000, 0x0000000709600000|  0%| F|  |TAMS 0x0000000709400000, 0x0000000709400000| Untracked 
|  39|0x0000000709600000, 0x0000000709600000, 0x0000000709800000|  0%| F|  |TAMS 0x0000000709600000, 0x0000000709600000| Untracked 
|  40|0x0000000709800000, 0x0000000709800000, 0x0000000709a00000|  0%| F|  |TAMS 0x0000000709800000, 0x0000000709800000| Untracked 
|  41|0x0000000709a00000, 0x0000000709a00000, 0x0000000709c00000|  0%| F|  |TAMS 0x0000000709a00000, 0x0000000709a00000| Untracked 
|  42|0x0000000709c00000, 0x0000000709c00000, 0x0000000709e00000|  0%| F|  |TAMS 0x0000000709c00000, 0x0000000709c00000| Untracked 
|  43|0x0000000709e00000, 0x0000000709e00000, 0x000000070a000000|  0%| F|  |TAMS 0x0000000709e00000, 0x0000000709e00000| Untracked 
|  44|0x000000070a000000, 0x000000070a000000, 0x000000070a200000|  0%| F|  |TAMS 0x000000070a000000, 0x000000070a000000| Untracked 
|  45|0x000000070a200000, 0x000000070a200000, 0x000000070a400000|  0%| F|  |TAMS 0x000000070a200000, 0x000000070a200000| Untracked 
|  46|0x000000070a400000, 0x000000070a400000, 0x000000070a600000|  0%| F|  |TAMS 0x000000070a400000, 0x000000070a400000| Untracked 
|  47|0x000000070a600000, 0x000000070a600000, 0x000000070a800000|  0%| F|  |TAMS 0x000000070a600000, 0x000000070a600000| Untracked 
|  48|0x000000070a800000, 0x000000070a800000, 0x000000070aa00000|  0%| F|  |TAMS 0x000000070a800000, 0x000000070a800000| Untracked 
|  49|0x000000070aa00000, 0x000000070aa00000, 0x000000070ac00000|  0%| F|  |TAMS 0x000000070aa00000, 0x000000070aa00000| Untracked 
|  50|0x000000070ac00000, 0x000000070ac00000, 0x000000070ae00000|  0%| F|  |TAMS 0x000000070ac00000, 0x000000070ac00000| Untracked 
|  51|0x000000070ae00000, 0x000000070ae00000, 0x000000070b000000|  0%| F|  |TAMS 0x000000070ae00000, 0x000000070ae00000| Untracked 
|  52|0x000000070b000000, 0x000000070b000000, 0x000000070b200000|  0%| F|  |TAMS 0x000000070b000000, 0x000000070b000000| Untracked 
|  53|0x000000070b200000, 0x000000070b200000, 0x000000070b400000|  0%| F|  |TAMS 0x000000070b200000, 0x000000070b200000| Untracked 
|  54|0x000000070b400000, 0x000000070b400000, 0x000000070b600000|  0%| F|  |TAMS 0x000000070b400000, 0x000000070b400000| Untracked 
|  55|0x000000070b600000, 0x000000070b600000, 0x000000070b800000|  0%| F|  |TAMS 0x000000070b600000, 0x000000070b600000| Untracked 
|  56|0x000000070b800000, 0x000000070b800000, 0x000000070ba00000|  0%| F|  |TAMS 0x000000070b800000, 0x000000070b800000| Untracked 
|  57|0x000000070ba00000, 0x000000070ba00000, 0x000000070bc00000|  0%| F|  |TAMS 0x000000070ba00000, 0x000000070ba00000| Untracked 
|  58|0x000000070bc00000, 0x000000070bc00000, 0x000000070be00000|  0%| F|  |TAMS 0x000000070bc00000, 0x000000070bc00000| Untracked 
|  59|0x000000070be00000, 0x000000070be00000, 0x000000070c000000|  0%| F|  |TAMS 0x000000070be00000, 0x000000070be00000| Untracked 
|  60|0x000000070c000000, 0x000000070c000000, 0x000000070c200000|  0%| F|  |TAMS 0x000000070c000000, 0x000000070c000000| Untracked 
|  61|0x000000070c200000, 0x000000070c200000, 0x000000070c400000|  0%| F|  |TAMS 0x000000070c200000, 0x000000070c200000| Untracked 
|  62|0x000000070c400000, 0x000000070c400000, 0x000000070c600000|  0%| F|  |TAMS 0x000000070c400000, 0x000000070c400000| Untracked 
|  63|0x000000070c600000, 0x000000070c600000, 0x000000070c800000|  0%| F|  |TAMS 0x000000070c600000, 0x000000070c600000| Untracked 
|  64|0x000000070c800000, 0x000000070c800000, 0x000000070ca00000|  0%| F|  |TAMS 0x000000070c800000, 0x000000070c800000| Untracked 
|  65|0x000000070ca00000, 0x000000070ca00000, 0x000000070cc00000|  0%| F|  |TAMS 0x000000070ca00000, 0x000000070ca00000| Untracked 
|  66|0x000000070cc00000, 0x000000070cc00000, 0x000000070ce00000|  0%| F|  |TAMS 0x000000070cc00000, 0x000000070cc00000| Untracked 
|  67|0x000000070ce00000, 0x000000070ce00000, 0x000000070d000000|  0%| F|  |TAMS 0x000000070ce00000, 0x000000070ce00000| Untracked 
|  68|0x000000070d000000, 0x000000070d000000, 0x000000070d200000|  0%| F|  |TAMS 0x000000070d000000, 0x000000070d000000| Untracked 
|  69|0x000000070d200000, 0x000000070d200000, 0x000000070d400000|  0%| F|  |TAMS 0x000000070d200000, 0x000000070d200000| Untracked 
|  70|0x000000070d400000, 0x000000070d400000, 0x000000070d600000|  0%| F|  |TAMS 0x000000070d400000, 0x000000070d400000| Untracked 
|  71|0x000000070d600000, 0x000000070d600000, 0x000000070d800000|  0%| F|  |TAMS 0x000000070d600000, 0x000000070d600000| Untracked 
|  72|0x000000070d800000, 0x000000070d800000, 0x000000070da00000|  0%| F|  |TAMS 0x000000070d800000, 0x000000070d800000| Untracked 
|  73|0x000000070da00000, 0x000000070da00000, 0x000000070dc00000|  0%| F|  |TAMS 0x000000070da00000, 0x000000070da00000| Untracked 
|  74|0x000000070dc00000, 0x000000070de00000, 0x000000070de00000|100%| E|  |TAMS 0x000000070dc00000, 0x000000070dc00000| Complete 
|  75|0x000000070de00000, 0x000000070e000000, 0x000000070e000000|100%| E|CS|TAMS 0x000000070de00000, 0x000000070de00000| Complete 
|  76|0x000000070e000000, 0x000000070e200000, 0x000000070e200000|100%| E|CS|TAMS 0x000000070e000000, 0x000000070e000000| Complete 
|  77|0x000000070e200000, 0x000000070e400000, 0x000000070e400000|100%| E|CS|TAMS 0x000000070e200000, 0x000000070e200000| Complete 
|  78|0x000000070e400000, 0x000000070e600000, 0x000000070e600000|100%| E|CS|TAMS 0x000000070e400000, 0x000000070e400000| Complete 
|  79|0x000000070e600000, 0x000000070e800000, 0x000000070e800000|100%| E|CS|TAMS 0x000000070e600000, 0x000000070e600000| Complete 
|  80|0x000000070e800000, 0x000000070ea00000, 0x000000070ea00000|100%| E|CS|TAMS 0x000000070e800000, 0x000000070e800000| Complete 
|  81|0x000000070ea00000, 0x000000070ec00000, 0x000000070ec00000|100%| E|CS|TAMS 0x000000070ea00000, 0x000000070ea00000| Complete 
|  82|0x000000070ec00000, 0x000000070ee00000, 0x000000070ee00000|100%| E|CS|TAMS 0x000000070ec00000, 0x000000070ec00000| Complete 
|  83|0x000000070ee00000, 0x000000070f000000, 0x000000070f000000|100%| E|CS|TAMS 0x000000070ee00000, 0x000000070ee00000| Complete 
|  84|0x000000070f000000, 0x000000070f200000, 0x000000070f200000|100%| E|CS|TAMS 0x000000070f000000, 0x000000070f000000| Complete 
|  85|0x000000070f200000, 0x000000070f400000, 0x000000070f400000|100%| E|CS|TAMS 0x000000070f200000, 0x000000070f200000| Complete 
|  86|0x000000070f400000, 0x000000070f600000, 0x000000070f600000|100%| E|CS|TAMS 0x000000070f400000, 0x000000070f400000| Complete 
|  87|0x000000070f600000, 0x000000070f800000, 0x000000070f800000|100%| E|CS|TAMS 0x000000070f600000, 0x000000070f600000| Complete 
|  88|0x000000070f800000, 0x000000070fa00000, 0x000000070fa00000|100%| E|CS|TAMS 0x000000070f800000, 0x000000070f800000| Complete 
|  89|0x000000070fa00000, 0x000000070fc00000, 0x000000070fc00000|100%| E|CS|TAMS 0x000000070fa00000, 0x000000070fa00000| Complete 
|  90|0x000000070fc00000, 0x000000070fe00000, 0x000000070fe00000|100%| E|CS|TAMS 0x000000070fc00000, 0x000000070fc00000| Complete 
|  91|0x000000070fe00000, 0x0000000710000000, 0x0000000710000000|100%| E|CS|TAMS 0x000000070fe00000, 0x000000070fe00000| Complete 
|  92|0x0000000710000000, 0x0000000710200000, 0x0000000710200000|100%| E|CS|TAMS 0x0000000710000000, 0x0000000710000000| Complete 
|  93|0x0000000710200000, 0x0000000710400000, 0x0000000710400000|100%| E|CS|TAMS 0x0000000710200000, 0x0000000710200000| Complete 
|  94|0x0000000710400000, 0x0000000710600000, 0x0000000710600000|100%| E|CS|TAMS 0x0000000710400000, 0x0000000710400000| Complete 
|  95|0x0000000710600000, 0x0000000710800000, 0x0000000710800000|100%| E|CS|TAMS 0x0000000710600000, 0x0000000710600000| Complete 
|  96|0x0000000710800000, 0x0000000710a00000, 0x0000000710a00000|100%| E|CS|TAMS 0x0000000710800000, 0x0000000710800000| Complete 
|  97|0x0000000710a00000, 0x0000000710c00000, 0x0000000710c00000|100%| E|CS|TAMS 0x0000000710a00000, 0x0000000710a00000| Complete 
|  98|0x0000000710c00000, 0x0000000710e00000, 0x0000000710e00000|100%| E|CS|TAMS 0x0000000710c00000, 0x0000000710c00000| Complete 
|  99|0x0000000710e00000, 0x0000000711000000, 0x0000000711000000|100%| E|CS|TAMS 0x0000000710e00000, 0x0000000710e00000| Complete 
| 100|0x0000000711000000, 0x0000000711200000, 0x0000000711200000|100%| E|CS|TAMS 0x0000000711000000, 0x0000000711000000| Complete 
| 101|0x0000000711200000, 0x0000000711400000, 0x0000000711400000|100%| E|CS|TAMS 0x0000000711200000, 0x0000000711200000| Complete 
| 102|0x0000000711400000, 0x0000000711600000, 0x0000000711600000|100%| E|CS|TAMS 0x0000000711400000, 0x0000000711400000| Complete 
| 103|0x0000000711600000, 0x0000000711800000, 0x0000000711800000|100%| E|CS|TAMS 0x0000000711600000, 0x0000000711600000| Complete 
| 104|0x0000000711800000, 0x0000000711a00000, 0x0000000711a00000|100%| E|CS|TAMS 0x0000000711800000, 0x0000000711800000| Complete 
| 105|0x0000000711a00000, 0x0000000711c00000, 0x0000000711c00000|100%| E|CS|TAMS 0x0000000711a00000, 0x0000000711a00000| Complete 
| 106|0x0000000711c00000, 0x0000000711e00000, 0x0000000711e00000|100%| E|CS|TAMS 0x0000000711c00000, 0x0000000711c00000| Complete 
| 107|0x0000000711e00000, 0x0000000711f3a2a0, 0x0000000712000000| 61%| S|CS|TAMS 0x0000000711e00000, 0x0000000711e00000| Complete 
| 108|0x0000000712000000, 0x0000000712200000, 0x0000000712200000|100%| E|CS|TAMS 0x0000000712000000, 0x0000000712000000| Complete 
| 109|0x0000000712200000, 0x0000000712400000, 0x0000000712400000|100%| E|CS|TAMS 0x0000000712200000, 0x0000000712200000| Complete 
| 110|0x0000000712400000, 0x0000000712600000, 0x0000000712600000|100%| E|CS|TAMS 0x0000000712400000, 0x0000000712400000| Complete 
| 111|0x0000000712600000, 0x0000000712800000, 0x0000000712800000|100%| E|CS|TAMS 0x0000000712600000, 0x0000000712600000| Complete 
| 112|0x0000000712800000, 0x0000000712a00000, 0x0000000712a00000|100%| E|CS|TAMS 0x0000000712800000, 0x0000000712800000| Complete 
| 113|0x0000000712a00000, 0x0000000712c00000, 0x0000000712c00000|100%| E|CS|TAMS 0x0000000712a00000, 0x0000000712a00000| Complete 
| 114|0x0000000712c00000, 0x0000000712e00000, 0x0000000712e00000|100%| E|CS|TAMS 0x0000000712c00000, 0x0000000712c00000| Complete 
| 115|0x0000000712e00000, 0x0000000713000000, 0x0000000713000000|100%| E|CS|TAMS 0x0000000712e00000, 0x0000000712e00000| Complete 
| 116|0x0000000713000000, 0x0000000713200000, 0x0000000713200000|100%| E|CS|TAMS 0x0000000713000000, 0x0000000713000000| Complete 
| 117|0x0000000713200000, 0x0000000713400000, 0x0000000713400000|100%| E|CS|TAMS 0x0000000713200000, 0x0000000713200000| Complete 
| 118|0x0000000713400000, 0x0000000713600000, 0x0000000713600000|100%| E|CS|TAMS 0x0000000713400000, 0x0000000713400000| Complete 
| 119|0x0000000713600000, 0x0000000713800000, 0x0000000713800000|100%| E|CS|TAMS 0x0000000713600000, 0x0000000713600000| Complete 
| 120|0x0000000713800000, 0x0000000713a00000, 0x0000000713a00000|100%| E|CS|TAMS 0x0000000713800000, 0x0000000713800000| Complete 
| 121|0x0000000713a00000, 0x0000000713c00000, 0x0000000713c00000|100%| E|CS|TAMS 0x0000000713a00000, 0x0000000713a00000| Complete 
| 122|0x0000000713c00000, 0x0000000713e00000, 0x0000000713e00000|100%| E|CS|TAMS 0x0000000713c00000, 0x0000000713c00000| Complete 
| 123|0x0000000713e00000, 0x0000000714000000, 0x0000000714000000|100%| E|CS|TAMS 0x0000000713e00000, 0x0000000713e00000| Complete 
| 124|0x0000000714000000, 0x0000000714200000, 0x0000000714200000|100%| E|CS|TAMS 0x0000000714000000, 0x0000000714000000| Complete 
| 125|0x0000000714200000, 0x0000000714400000, 0x0000000714400000|100%| E|CS|TAMS 0x0000000714200000, 0x0000000714200000| Complete 

Card table byte_map: [0x0000021efa100000,0x0000021efa8e0000] _byte_map_base: 0x0000021ef68dc000

Marking Bits (Prev, Next): (CMBitMap*) 0x0000021ef191f710, (CMBitMap*) 0x0000021ef191f750
 Prev Bits: [0x0000021efb0c0000, 0x0000021efefa0000)
 Next Bits: [0x0000021e8f000000, 0x0000021e92ee0000)

Polling page: 0x0000021eef7c0000

Metaspace:

Usage:
  Non-class:     13.33 MB used.
      Class:      1.82 MB used.
       Both:     15.15 MB used.

Virtual space:
  Non-class space:       64.00 MB reserved,      13.44 MB ( 21%) committed,  1 nodes.
      Class space:        1.00 GB reserved,       1.94 MB ( <1%) committed,  1 nodes.
             Both:        1.06 GB reserved,      15.38 MB (  1%) committed. 

Chunk freelists:
   Non-Class:  1.97 MB
       Class:  13.92 MB
        Both:  15.89 MB

MaxMetaspaceSize: unlimited
CompressedClassSpaceSize: 1.00 GB
Initial GC threshold: 21.00 MB
Current GC threshold: 21.00 MB
CDS: on
MetaspaceReclaimPolicy: balanced
 - commit_granule_bytes: 65536.
 - commit_granule_words: 8192.
 - virtual_space_node_default_size: 8388608.
 - enlarge_chunks_in_place: 1.
 - new_chunks_are_fully_committed: 0.
 - uncommit_free_chunks: 1.
 - use_allocation_guard: 0.
 - handle_deallocations: 1.


Internal statistics:

num_allocs_failed_limit: 0.
num_arena_births: 106.
num_arena_deaths: 0.
num_vsnodes_births: 2.
num_vsnodes_deaths: 0.
num_space_committed: 246.
num_space_uncommitted: 0.
num_chunks_returned_to_freelist: 0.
num_chunks_taken_from_freelist: 672.
num_chunk_merges: 0.
num_chunk_splits: 445.
num_chunks_enlarged: 343.
num_inconsistent_stats: 0.

CodeHeap 'non-profiled nmethods': size=120000Kb used=1965Kb max_used=1965Kb free=118034Kb
 bounds [0x0000021e87ad0000, 0x0000021e87d40000, 0x0000021e8f000000]
CodeHeap 'profiled nmethods': size=120000Kb used=7782Kb max_used=7782Kb free=112217Kb
 bounds [0x0000021e80000000, 0x0000021e807a0000, 0x0000021e87530000]
CodeHeap 'non-nmethods': size=5760Kb used=1176Kb max_used=1217Kb free=4583Kb
 bounds [0x0000021e87530000, 0x0000021e877a0000, 0x0000021e87ad0000]
 total_blobs=4259 nmethods=3792 adapters=379
 compilation: enabled
              stopped_count=0, restarted_count=0
 full_count=0

Compilation events (20 events):
Event: 3.885 Thread 0x0000021eda029c40 3765       3       java.util.concurrent.ConcurrentHashMap::containsKey (14 bytes)
Event: 3.885 Thread 0x0000021eda029c40 nmethod 3765 0x0000021e80784690 code [0x0000021e80784840, 0x0000021e807849e8]
Event: 3.886 Thread 0x0000021edb248cc0 nmethod 3735 0x0000021e87caec90 code [0x0000021e87caee60, 0x0000021e87caf9e8]
Event: 3.886 Thread 0x0000021edb248cc0 3762       4       java.util.concurrent.ConcurrentHashMap::putAll (63 bytes)
Event: 3.890 Thread 0x0000021eda029c40 3767       1       org.apache.maven.model.IssueManagement::getSystem (5 bytes)
Event: 3.891 Thread 0x0000021eda029c40 nmethod 3767 0x0000021e87cb0010 code [0x0000021e87cb01a0, 0x0000021e87cb0278]
Event: 3.892 Thread 0x0000021eda029c40 3768       3       java.util.TreeSet::add (22 bytes)
Event: 3.892 Thread 0x0000021eda029c40 nmethod 3768 0x0000021e80784a90 code [0x0000021e80784c40, 0x0000021e80784ea8]
Event: 3.896 Thread 0x0000021eda029c40 3769       3       java.lang.System$2::getEnumConstantsShared (8 bytes)
Event: 3.896 Thread 0x0000021eda029c40 nmethod 3769 0x0000021e80785010 code [0x0000021e807851c0, 0x0000021e80785408]
Event: 3.897 Thread 0x0000021eda029c40 3770       3       org.codehaus.plexus.util.xml.pull.MXParser::parseAttribute (1438 bytes)
Event: 3.898 Thread 0x0000021eda21c560 nmethod 3567 0x0000021e87cb0310 code [0x0000021e87cb0660, 0x0000021e87cb53c8]
Event: 3.899 Thread 0x0000021eda21c560 3733   !   4       org.apache.maven.model.ConfigurationContainer::clone (98 bytes)
Event: 3.906 Thread 0x0000021eda029c40 nmethod 3770 0x0000021e80785510 code [0x0000021e80785d00, 0x0000021e8078ad28]
Event: 3.906 Thread 0x0000021eda029c40 3771       3       org.apache.maven.model.merge.ModelMerger$ResourceKeyComputer::key (9 bytes)
Event: 3.906 Thread 0x0000021eda029c40 nmethod 3771 0x0000021e8078c710 code [0x0000021e8078c8c0, 0x0000021e8078cc18]
Event: 3.906 Thread 0x0000021eda029c40 3772       3       org.apache.maven.model.merge.ModelMerger$ResourceKeyComputer::key (9 bytes)
Event: 3.907 Thread 0x0000021eda029c40 nmethod 3772 0x0000021e8078cd90 code [0x0000021e8078cf20, 0x0000021e8078d118]
Event: 3.910 Thread 0x0000021eda029c40 3775  s    3       java.io.FileDescriptor::attach (73 bytes)
Event: 3.911 Thread 0x0000021eda029c40 nmethod 3775 0x0000021e8078d210 code [0x0000021e8078d440, 0x0000021e8078dfc8]

GC Heap History (4 events):
Event: 0.710 GC heap before
{Heap before GC invocations=0 (full 0):
 garbage-first heap   total 258048K, used 22528K [0x0000000704800000, 0x0000000800000000)
  region size 2048K, 11 young (22528K), 0 survivors (0K)
 Metaspace       used 4570K, committed 4736K, reserved 1114112K
  class space    used 533K, committed 576K, reserved 1048576K
}
Event: 0.715 GC heap after
{Heap after GC invocations=1 (full 0):
 garbage-first heap   total 258048K, used 3381K [0x0000000704800000, 0x0000000800000000)
  region size 2048K, 2 young (4096K), 2 survivors (4096K)
 Metaspace       used 4570K, committed 4736K, reserved 1114112K
  class space    used 533K, committed 576K, reserved 1048576K
}
Event: 1.497 GC heap before
{Heap before GC invocations=1 (full 0):
 garbage-first heap   total 258048K, used 36149K [0x0000000704800000, 0x0000000800000000)
  region size 2048K, 18 young (36864K), 2 survivors (4096K)
 Metaspace       used 7205K, committed 7360K, reserved 1114112K
  class space    used 869K, committed 960K, reserved 1048576K
}
Event: 1.503 GC heap after
{Heap after GC invocations=2 (full 0):
 garbage-first heap   total 258048K, used 4559K [0x0000000704800000, 0x0000000800000000)
  region size 2048K, 1 young (2048K), 1 survivors (2048K)
 Metaspace       used 7205K, committed 7360K, reserved 1114112K
  class space    used 869K, committed 960K, reserved 1048576K
}

Dll operation events (8 events):
Event: 0.010 Loaded shared library C:\Users\singh\AppData\Local\Programs\Eclipse Adoptium\jdk-17.0.11.9-hotspot\bin\java.dll
Event: 0.031 Loaded shared library C:\Users\singh\AppData\Local\Programs\Eclipse Adoptium\jdk-17.0.11.9-hotspot\bin\jsvml.dll
Event: 0.067 Loaded shared library C:\Users\singh\AppData\Local\Programs\Eclipse Adoptium\jdk-17.0.11.9-hotspot\bin\net.dll
Event: 0.069 Loaded shared library C:\Users\singh\AppData\Local\Programs\Eclipse Adoptium\jdk-17.0.11.9-hotspot\bin\nio.dll
Event: 0.072 Loaded shared library C:\Users\singh\AppData\Local\Programs\Eclipse Adoptium\jdk-17.0.11.9-hotspot\bin\zip.dll
Event: 0.262 Loaded shared library C:\Users\singh\.m2\wrapper\dists\apache-maven-3.9.16\0daed3be3ebd1c706f0e69e8b07c6b73f5cc4ea3dfce72a8d0ec2e849ca2ddb0\lib\jansi-native\Windows\x86_64\jansi.dll
Event: 0.263 Loaded shared library C:\Users\singh\AppData\Local\Programs\Eclipse Adoptium\jdk-17.0.11.9-hotspot\bin\jimage.dll
Event: 0.290 Loaded shared library C:\Users\singh\AppData\Local\Programs\Eclipse Adoptium\jdk-17.0.11.9-hotspot\bin\verify.dll

Deoptimization events (20 events):
Event: 3.743 Thread 0x0000021ef18affb0 Uncommon trap: trap_request=0xffffff76 fr.pc=0x0000021e87b59f2c relative=0x000000000000028c
Event: 3.743 Thread 0x0000021ef18affb0 Uncommon trap: reason=predicate action=maybe_recompile pc=0x0000021e87b59f2c method=java.nio.charset.CharsetDecoder.decode(Ljava/nio/ByteBuffer;Ljava/nio/CharBuffer;Z)Ljava/nio/charset/CoderResult; @ 54 c2
Event: 3.743 Thread 0x0000021ef18affb0 DEOPT PACKING pc=0x0000021e87b59f2c sp=0x000000a6722fbe80
Event: 3.743 Thread 0x0000021ef18affb0 DEOPT UNPACKING pc=0x0000021e875869a3 sp=0x000000a6722fbe20 mode 2
Event: 3.743 Thread 0x0000021ef18affb0 DEOPT PACKING pc=0x0000021e8069d6bd sp=0x000000a6722fc130
Event: 3.743 Thread 0x0000021ef18affb0 DEOPT UNPACKING pc=0x0000021e87587143 sp=0x000000a6722fb640 mode 0
Event: 3.791 Thread 0x0000021ef18affb0 DEOPT PACKING pc=0x0000021e8069d6bd sp=0x000000a6722fbcd0
Event: 3.791 Thread 0x0000021ef18affb0 DEOPT UNPACKING pc=0x0000021e87587143 sp=0x000000a6722fb1d8 mode 0
Event: 3.826 Thread 0x0000021ef18affb0 Uncommon trap: trap_request=0xffffffbe fr.pc=0x0000021e87ca9708 relative=0x00000000000009e8
Event: 3.826 Thread 0x0000021ef18affb0 Uncommon trap: reason=profile_predicate action=maybe_recompile pc=0x0000021e87ca9708 method=java.util.regex.Pattern$CharPropertyGreedy.match(Ljava/util/regex/Matcher;ILjava/lang/CharSequence;)Z @ 103 c2
Event: 3.826 Thread 0x0000021ef18affb0 DEOPT PACKING pc=0x0000021e87ca9708 sp=0x000000a6722fbaf0
Event: 3.826 Thread 0x0000021ef18affb0 DEOPT UNPACKING pc=0x0000021e875869a3 sp=0x000000a6722fba80 mode 2
Event: 3.826 Thread 0x0000021ef18affb0 Uncommon trap: trap_request=0xffffffbe fr.pc=0x0000021e87ca9708 relative=0x00000000000009e8
Event: 3.826 Thread 0x0000021ef18affb0 Uncommon trap: reason=profile_predicate action=maybe_recompile pc=0x0000021e87ca9708 method=java.util.regex.Pattern$CharPropertyGreedy.match(Ljava/util/regex/Matcher;ILjava/lang/CharSequence;)Z @ 103 c2
Event: 3.826 Thread 0x0000021ef18affb0 DEOPT PACKING pc=0x0000021e87ca9708 sp=0x000000a6722fb710
Event: 3.826 Thread 0x0000021ef18affb0 DEOPT UNPACKING pc=0x0000021e875869a3 sp=0x000000a6722fb6a0 mode 2
Event: 3.869 Thread 0x0000021ef18affb0 Uncommon trap: trap_request=0xffffff45 fr.pc=0x0000021e87c8f8f4 relative=0x00000000000027f4
Event: 3.869 Thread 0x0000021ef18affb0 Uncommon trap: reason=unstable_if action=reinterpret pc=0x0000021e87c8f8f4 method=org.codehaus.plexus.util.xml.pull.MXParser.parseAttribute()C @ 793 c2
Event: 3.869 Thread 0x0000021ef18affb0 DEOPT PACKING pc=0x0000021e87c8f8f4 sp=0x000000a6722fbd30
Event: 3.869 Thread 0x0000021ef18affb0 DEOPT UNPACKING pc=0x0000021e875869a3 sp=0x000000a6722fbcb8 mode 2

Classes unloaded (0 events):
No events

Classes redefined (0 events):
No events

Internal exceptions (20 events):
Event: 0.690 Thread 0x0000021ef18affb0 Exception <a 'java/lang/NoSuchMethodError'{0x0000000712f1bb50}: 'java.lang.Object java.lang.invoke.Invokers$Holder.invokeExact_MT(java.lang.Object, java.lang.Object, java.lang.Object, java.lang.Object, java.lang.Object, java.lang.Object)'> (0x0000000712f1bb50) 
thrown [s\src\hotspot\share\interpreter\linkResolver.cpp, line 759]
Event: 0.693 Thread 0x0000021ef18affb0 Exception <a 'java/lang/NoSuchMethodError'{0x0000000712f2cff0}: 'int java.lang.invoke.DirectMethodHandle$Holder.invokeSpecialIFC(java.lang.Object, java.lang.Object, java.lang.Object, java.lang.Object, java.lang.Object)'> (0x0000000712f2cff0) 
thrown [s\src\hotspot\share\interpreter\linkResolver.cpp, line 759]
Event: 0.773 Thread 0x0000021ef18affb0 Exception <a 'java/lang/NoSuchMethodError'{0x00000007143e8758}: 'java.lang.Object java.lang.invoke.DirectMethodHandle$Holder.newInvokeSpecial(java.lang.Object, java.lang.Object, java.lang.Object, java.lang.Object, java.lang.Object)'> (0x00000007143e8758) 
thrown [s\src\hotspot\share\interpreter\linkResolver.cpp, line 759]
Event: 0.828 Thread 0x0000021ef18affb0 Exception <a 'java/lang/NoSuchMethodError'{0x0000000714164810}: 'int java.lang.invoke.DirectMethodHandle$Holder.invokeStaticInit(java.lang.Object, java.lang.Object)'> (0x0000000714164810) 
thrown [s\src\hotspot\share\interpreter\linkResolver.cpp, line 759]
Event: 0.841 Thread 0x0000021ef18affb0 Exception <a 'java/lang/NoClassDefFoundError'{0x00000007141aed38}: javax/enterprise/inject/Typed> (0x00000007141aed38) 
thrown [s\src\hotspot\share\classfile\systemDictionary.cpp, line 245]
Event: 1.920 Thread 0x0000021ef18affb0 Exception <a 'java/lang/NoSuchMethodError'{0x0000000712dca7e0}: 'void java.lang.invoke.DirectMethodHandle$Holder.invokeStaticInit(java.lang.Object, java.lang.Object, java.lang.Object)'> (0x0000000712dca7e0) 
thrown [s\src\hotspot\share\interpreter\linkResolver.cpp, line 759]
Event: 1.933 Thread 0x0000021ef18affb0 Implicit null exception at 0x0000021e87b6f42f to 0x0000021e87b6f590
Event: 1.935 Thread 0x0000021ef18affb0 Exception <a 'java/lang/NoSuchMethodError'{0x0000000712a5aa68}: 'java.lang.Object java.lang.invoke.Invokers$Holder.invokeExact_MT(java.lang.Object, int, java.lang.Object)'> (0x0000000712a5aa68) 
thrown [s\src\hotspot\share\interpreter\linkResolver.cpp, line 759]
Event: 1.947 Thread 0x0000021ef18affb0 Exception <a 'java/lang/NoSuchMethodError'{0x0000000712ad5320}: 'int java.lang.invoke.DirectMethodHandle$Holder.invokeSpecial(java.lang.Object, java.lang.Object, java.lang.Object, java.lang.Object)'> (0x0000000712ad5320) 
thrown [s\src\hotspot\share\interpreter\linkResolver.cpp, line 759]
Event: 2.235 Thread 0x0000021ef18affb0 Exception <a 'java/lang/NoClassDefFoundError'{0x00000007120b17e8}: com/google/inject/servlet/ServletModuleTargetVisitor> (0x00000007120b17e8) 
thrown [s\src\hotspot\share\classfile\systemDictionary.cpp, line 245]
Event: 2.341 Thread 0x0000021ef18affb0 Exception <a 'java/lang/NoSuchMethodError'{0x0000000711d3b818}: 'java.lang.Object java.lang.invoke.DirectMethodHandle$Holder.invokeStaticInit(java.lang.Object, int, int, int, int)'> (0x0000000711d3b818) 
thrown [s\src\hotspot\share\interpreter\linkResolver.cpp, line 759]
Event: 2.449 Thread 0x0000021ef18affb0 Implicit null exception at 0x0000021e87af99f2 to 0x0000021e87af9fd4
Event: 2.449 Thread 0x0000021ef18affb0 Implicit null exception at 0x0000021e87b00472 to 0x0000021e87b00a68
Event: 2.596 Thread 0x0000021ef18affb0 Exception <a 'java/lang/NoSuchMethodError'{0x0000000711477338}: 'void java.lang.invoke.DirectMethodHandle$Holder.invokeSpecial(java.lang.Object, java.lang.Object, java.lang.Object, java.lang.Object, java.lang.Object)'> (0x0000000711477338) 
thrown [s\src\hotspot\share\interpreter\linkResolver.cpp, line 759]
Event: 2.600 Thread 0x0000021ef18affb0 Exception <a 'java/lang/NoSuchMethodError'{0x00000007114949c0}: 'void java.lang.invoke.DirectMethodHandle$Holder.invokeSpecial(java.lang.Object, java.lang.Object, java.lang.Object, java.lang.Object, java.lang.Object, java.lang.Object)'> (0x00000007114949c0) 
thrown [s\src\hotspot\share\interpreter\linkResolver.cpp, line 759]
Event: 2.621 Thread 0x0000021ef18affb0 Exception <a 'java/lang/NoSuchMethodError'{0x00000007115e7f18}: 'java.lang.Object java.lang.invoke.DirectMethodHandle$Holder.invokeVirtual(java.lang.Object, java.lang.Object, java.lang.Object)'> (0x00000007115e7f18) 
thrown [s\src\hotspot\share\interpreter\linkResolver.cpp, line 759]
Event: 3.280 Thread 0x0000021ef18affb0 Implicit null exception at 0x0000021e87c2c432 to 0x0000021e87c2c524
Event: 3.281 Thread 0x0000021ef18affb0 Implicit null exception at 0x0000021e87bab06b to 0x0000021e87bab240
Event: 3.281 Thread 0x0000021ef18affb0 Implicit null exception at 0x0000021e87bcee58 to 0x0000021e87bceeee
Event: 3.284 Thread 0x0000021ef18affb0 Exception <a 'java/lang/NoSuchMethodError'{0x000000070f969cd0}: 'void java.lang.invoke.DirectMethodHandle$Holder.invokeStatic(java.lang.Object, java.lang.Object, java.lang.Object, java.lang.Object)'> (0x000000070f969cd0) 
thrown [s\src\hotspot\share\interpreter\linkResolver.cpp, line 759]

VM Operations (20 events):
Event: 2.044 Executing VM operation: HandshakeAllThreads
Event: 2.045 Executing VM operation: HandshakeAllThreads done
Event: 2.210 Executing VM operation: HandshakeAllThreads
Event: 2.210 Executing VM operation: HandshakeAllThreads done
Event: 2.305 Executing VM operation: HandshakeAllThreads
Event: 2.305 Executing VM operation: HandshakeAllThreads done
Event: 2.325 Executing VM operation: ICBufferFull
Event: 2.325 Executing VM operation: ICBufferFull done
Event: 2.329 Executing VM operation: HandshakeAllThreads
Event: 2.329 Executing VM operation: HandshakeAllThreads done
Event: 2.407 Executing VM operation: HandshakeAllThreads
Event: 2.407 Executing VM operation: HandshakeAllThreads done
Event: 2.408 Executing VM operation: HandshakeAllThreads
Event: 2.408 Executing VM operation: HandshakeAllThreads done
Event: 2.882 Executing VM operation: HandshakeAllThreads
Event: 2.882 Executing VM operation: HandshakeAllThreads done
Event: 3.001 Executing VM operation: ICBufferFull
Event: 3.001 Executing VM operation: ICBufferFull done
Event: 3.378 Executing VM operation: ICBufferFull
Event: 3.378 Executing VM operation: ICBufferFull done

Events (20 events):
Event: 2.649 loading class java/util/spi/ResourceBundleProvider done
Event: 2.649 loading class sun/util/resources/LocaleData$LocaleDataResourceBundleProvider done
Event: 2.649 loading class sun/util/resources/LocaleData$CommonResourceBundleProvider done
Event: 2.650 loading class sun/util/resources/Bundles$2
Event: 2.650 loading class sun/util/resources/Bundles$2 done
Event: 2.665 Thread 0x0000021edb248cc0 Thread added: 0x0000021edb248cc0
Event: 2.806 loading class java/util/stream/Streams$RangeIntSpliterator
Event: 2.807 loading class java/util/stream/Streams$RangeIntSpliterator done
Event: 3.145 loading class java/util/stream/MatchOps$MatchKind
Event: 3.145 loading class java/util/stream/MatchOps$MatchKind done
Event: 3.145 loading class java/util/stream/MatchOps
Event: 3.146 loading class java/util/stream/MatchOps done
Event: 3.146 loading class java/util/stream/MatchOps$MatchOp
Event: 3.146 loading class java/util/stream/MatchOps$MatchOp done
Event: 3.146 loading class java/util/stream/MatchOps$BooleanTerminalSink
Event: 3.146 loading class java/util/stream/MatchOps$BooleanTerminalSink done
Event: 3.146 loading class java/util/stream/MatchOps$1MatchSink
Event: 3.147 loading class java/util/stream/MatchOps$1MatchSink done
Event: 3.743 loading class sun/nio/cs/ISO_8859_1$Decoder
Event: 3.743 loading class sun/nio/cs/ISO_8859_1$Decoder done


Dynamic libraries:
0x00007ff712cc0000 - 0x00007ff712cce000 	C:\Users\singh\AppData\Local\Programs\Eclipse Adoptium\jdk-17.0.11.9-hotspot\bin\java.exe
0x00007ffd5b9e0000 - 0x00007ffd5bc47000 	C:\WINDOWS\SYSTEM32\ntdll.dll
0x00007ffd5a690000 - 0x00007ffd5a759000 	C:\WINDOWS\System32\KERNEL32.DLL
0x00007ffd584d0000 - 0x00007ffd588c7000 	C:\WINDOWS\System32\KERNELBASE.dll
0x00007ffd58ab0000 - 0x00007ffd58bfb000 	C:\WINDOWS\System32\ucrtbase.dll
0x00007ffd33350000 - 0x00007ffd33367000 	C:\Users\singh\AppData\Local\Programs\Eclipse Adoptium\jdk-17.0.11.9-hotspot\bin\jli.dll
0x00007ffd1dd80000 - 0x00007ffd1dd9b000 	C:\Users\singh\AppData\Local\Programs\Eclipse Adoptium\jdk-17.0.11.9-hotspot\bin\VCRUNTIME140.dll
0x00007ffd59d80000 - 0x00007ffd59f46000 	C:\WINDOWS\System32\USER32.dll
0x00007ffd59680000 - 0x00007ffd596a7000 	C:\WINDOWS\System32\win32u.dll
0x00007ffd36c60000 - 0x00007ffd36ef2000 	C:\WINDOWS\WinSxS\amd64_microsoft.windows.common-controls_6595b64144ccf1df_6.0.26100.8457_none_3e0b2faee331e92d\COMCTL32.dll
0x00007ffd5b970000 - 0x00007ffd5b99b000 	C:\WINDOWS\System32\GDI32.dll
0x00007ffd59cd0000 - 0x00007ffd59d79000 	C:\WINDOWS\System32\msvcrt.dll
0x00007ffd588d0000 - 0x00007ffd589fc000 	C:\WINDOWS\System32\gdi32full.dll
0x00007ffd596b0000 - 0x00007ffd59753000 	C:\WINDOWS\System32\msvcp_win.dll
0x00007ffd5a530000 - 0x00007ffd5a562000 	C:\WINDOWS\System32\IMM32.DLL
0x00007ffd48ff0000 - 0x00007ffd48ffc000 	C:\Users\singh\AppData\Local\Programs\Eclipse Adoptium\jdk-17.0.11.9-hotspot\bin\vcruntime140_1.dll
0x00007ffd07120000 - 0x00007ffd071ad000 	C:\Users\singh\AppData\Local\Programs\Eclipse Adoptium\jdk-17.0.11.9-hotspot\bin\msvcp140.dll
0x00007ffc57690000 - 0x00007ffc582f2000 	C:\Users\singh\AppData\Local\Programs\Eclipse Adoptium\jdk-17.0.11.9-hotspot\bin\server\jvm.dll
0x00007ffd597d0000 - 0x00007ffd59886000 	C:\WINDOWS\System32\ADVAPI32.dll
0x00007ffd59f50000 - 0x00007ffd59ff7000 	C:\WINDOWS\System32\sechost.dll
0x00007ffd5a570000 - 0x00007ffd5a688000 	C:\WINDOWS\System32\RPCRT4.dll
0x00007ffd58270000 - 0x00007ffd582ce000 	C:\WINDOWS\SYSTEM32\POWRPROF.dll
0x00007ffd55490000 - 0x00007ffd554c6000 	C:\WINDOWS\SYSTEM32\WINMM.dll
0x00007ffd44380000 - 0x00007ffd4438b000 	C:\WINDOWS\SYSTEM32\VERSION.dll
0x00007ffd332f0000 - 0x00007ffd332fa000 	C:\WINDOWS\SYSTEM32\WSOCK32.dll
0x00007ffd5a000000 - 0x00007ffd5a080000 	C:\WINDOWS\System32\WS2_32.dll
0x00007ffd58250000 - 0x00007ffd58264000 	C:\WINDOWS\SYSTEM32\UMPDC.dll
0x00007ffd571a0000 - 0x00007ffd571bb000 	C:\WINDOWS\SYSTEM32\kernel.appcore.dll
0x00007ffd36bb0000 - 0x00007ffd36bba000 	C:\Users\singh\AppData\Local\Programs\Eclipse Adoptium\jdk-17.0.11.9-hotspot\bin\jimage.dll
0x00007ffd56240000 - 0x00007ffd56482000 	C:\WINDOWS\SYSTEM32\DBGHELP.DLL
0x00007ffd5a0a0000 - 0x00007ffd5a423000 	C:\WINDOWS\System32\combase.dll
0x00007ffd598a0000 - 0x00007ffd59979000 	C:\WINDOWS\System32\OLEAUT32.dll
0x00007ffd2e1d0000 - 0x00007ffd2e20b000 	C:\WINDOWS\SYSTEM32\dbgcore.DLL
0x00007ffd58a00000 - 0x00007ffd58aa8000 	C:\WINDOWS\System32\bcryptPrimitives.dll
0x00007ffd1dd50000 - 0x00007ffd1dd75000 	C:\Users\singh\AppData\Local\Programs\Eclipse Adoptium\jdk-17.0.11.9-hotspot\bin\java.dll
0x00007ffca0b30000 - 0x00007ffca0c07000 	C:\Users\singh\AppData\Local\Programs\Eclipse Adoptium\jdk-17.0.11.9-hotspot\bin\jsvml.dll
0x00007ffd5b1f0000 - 0x00007ffd5b95e000 	C:\WINDOWS\System32\SHELL32.dll
0x00007ffd58e10000 - 0x00007ffd5967c000 	C:\WINDOWS\System32\windows.storage.dll
0x00007ffd5b010000 - 0x00007ffd5b106000 	C:\WINDOWS\System32\SHCORE.dll
0x00007ffd59760000 - 0x00007ffd597c6000 	C:\WINDOWS\System32\shlwapi.dll
0x00007ffd58330000 - 0x00007ffd58359000 	C:\WINDOWS\SYSTEM32\profapi.dll
0x00007ffd1dc70000 - 0x00007ffd1dc89000 	C:\Users\singh\AppData\Local\Programs\Eclipse Adoptium\jdk-17.0.11.9-hotspot\bin\net.dll
0x00007ffd52720000 - 0x00007ffd52849000 	C:\WINDOWS\SYSTEM32\WINHTTP.dll
0x00007ffd57710000 - 0x00007ffd5777c000 	C:\WINDOWS\system32\mswsock.dll
0x00007ffd1dc50000 - 0x00007ffd1dc66000 	C:\Users\singh\AppData\Local\Programs\Eclipse Adoptium\jdk-17.0.11.9-hotspot\bin\nio.dll
0x00007ffd1d920000 - 0x00007ffd1d938000 	C:\Users\singh\AppData\Local\Programs\Eclipse Adoptium\jdk-17.0.11.9-hotspot\bin\zip.dll
0x00007ffd1d8f0000 - 0x00007ffd1d914000 	C:\Users\singh\.m2\wrapper\dists\apache-maven-3.9.16\0daed3be3ebd1c706f0e69e8b07c6b73f5cc4ea3dfce72a8d0ec2e849ca2ddb0\lib\jansi-native\Windows\x86_64\jansi.dll
0x00007ffd314e0000 - 0x00007ffd314f0000 	C:\Users\singh\AppData\Local\Programs\Eclipse Adoptium\jdk-17.0.11.9-hotspot\bin\verify.dll

dbghelp: loaded successfully - version: 4.0.5 - missing functions: none
symbol engine: initialized successfully - sym options: 0x614 - pdb path: .;C:\Users\singh\AppData\Local\Programs\Eclipse Adoptium\jdk-17.0.11.9-hotspot\bin;C:\WINDOWS\SYSTEM32;C:\WINDOWS\WinSxS\amd64_microsoft.windows.common-controls_6595b64144ccf1df_6.0.26100.8457_none_3e0b2faee331e92d;C:\Users\singh\AppData\Local\Programs\Eclipse Adoptium\jdk-17.0.11.9-hotspot\bin\server;C:\Users\singh\.m2\wrapper\dists\apache-maven-3.9.16\0daed3be3ebd1c706f0e69e8b07c6b73f5cc4ea3dfce72a8d0ec2e849ca2ddb0\lib\jansi-native\Windows\x86_64

VM Arguments:
jvm_args: --enable-native-access=ALL-UNNAMED -Dclassworlds.conf=C:\Users\singh\.m2\wrapper\dists\apache-maven-3.9.16\0daed3be3ebd1c706f0e69e8b07c6b73f5cc4ea3dfce72a8d0ec2e849ca2ddb0\bin\m2.conf -Dmaven.home=C:\Users\singh\.m2\wrapper\dists\apache-maven-3.9.16\0daed3be3ebd1c706f0e69e8b07c6b73f5cc4ea3dfce72a8d0ec2e849ca2ddb0 -Dlibrary.jansi.path=C:\Users\singh\.m2\wrapper\dists\apache-maven-3.9.16\0daed3be3ebd1c706f0e69e8b07c6b73f5cc4ea3dfce72a8d0ec2e849ca2ddb0\lib\jansi-native -Dmaven.multiModuleProjectDirectory=D:\Airtel\SprinBoot\System 
java_command: org.codehaus.plexus.classworlds.launcher.Launcher spring-boot:run
java_class_path (initial): C:\Users\singh\.m2\wrapper\dists\apache-maven-3.9.16\0daed3be3ebd1c706f0e69e8b07c6b73f5cc4ea3dfce72a8d0ec2e849ca2ddb0\boot\plexus-classworlds-2.11.0.jar
Launcher Type: SUN_STANDARD

[Global flags]
     intx CICompilerCount                          = 4                                         {product} {ergonomic}
     uint ConcGCThreads                            = 3                                         {product} {ergonomic}
     uint G1ConcRefinementThreads                  = 10                                        {product} {ergonomic}
   size_t G1HeapRegionSize                         = 2097152                                   {product} {ergonomic}
    uintx GCDrainStackTargetSize                   = 64                                        {product} {ergonomic}
   size_t InitialHeapSize                          = 264241152                                 {product} {ergonomic}
   size_t MarkStackSize                            = 4194304                                   {product} {ergonomic}
   size_t MaxHeapSize                              = 4219469824                                {product} {ergonomic}
   size_t MaxNewSize                               = 2531262464                                {product} {ergonomic}
   size_t MinHeapDeltaBytes                        = 2097152                                   {product} {ergonomic}
   size_t MinHeapSize                              = 8388608                                   {product} {ergonomic}
    uintx NonNMethodCodeHeapSize                   = 5839372                                {pd product} {ergonomic}
    uintx NonProfiledCodeHeapSize                  = 122909434                              {pd product} {ergonomic}
    uintx ProfiledCodeHeapSize                     = 122909434                              {pd product} {ergonomic}
    uintx ReservedCodeCacheSize                    = 251658240                              {pd product} {ergonomic}
     bool SegmentedCodeCache                       = true                                      {product} {ergonomic}
   size_t SoftMaxHeapSize                          = 4219469824                             {manageable} {ergonomic}
     bool UseCompressedClassPointers               = true                           {product lp64_product} {ergonomic}
     bool UseCompressedOops                        = true                           {product lp64_product} {ergonomic}
     bool UseG1GC                                  = true                                      {product} {ergonomic}
     bool UseLargePagesIndividualAllocation        = false                                  {pd product} {ergonomic}

Logging:
Log output configuration:
 #0: stdout all=warning uptime,level,tags
 #1: stderr all=off uptime,level,tags

Environment Variables:
JAVA_HOME=C:\Users\singh\AppData\Local\Programs\Eclipse Adoptium\jdk-17.0.11.9-hotspot\
PATH=D:\SQL\dbhomeXE\bin;C:\Program Files\Python310\Scripts\;C:\Program Files\Python310\;C:\Program Files\Microsoft\jdk-17.0.13.11-hotspot\bin;C:\Program Files\Eclipse Adoptium\jdk-21.0.3.9-hotspot\bin;C:\WINDOWS\system32;C:\WINDOWS;C:\WINDOWS\System32\Wbem;C:\WINDOWS\System32\WindowsPowerShell\v1.0\;C:\WINDOWS\System32\OpenSSH\;C:\MinGW\bin;C:\Program Files\Microsoft SQL Server\Client SDK\ODBC\170\Tools\Binn\;C:\Program Files (x86)\Microsoft SQL Server\150\Tools\Binn\;C:\Program Files\Microsoft SQL Server\150\Tools\Binn\;C:\Program Files\Microsoft SQL Server\150\DTS\Binn\;C:\Program Files (x86)\Windows Kits\8.1\Windows Performance Toolkit\;C:\Program Files\dotnet\;C:\Program Files\Git\cmd;C:\ProgramData\chocolatey\bin;C:\Program Files\nodejs\;C:\Program Files\Maven\apache-maven-3.9.15\bin;;C:\Program Files\Docker\Docker\resources\bin;C:\Program Files\MySQL\MySQL Shell 8.0\bin\;C:\Users\singh\AppData\Local\Programs\Python\Python313\Scripts\;C:\Users\singh\AppData\Local\Programs\Python\Python313\;C:\Users\singh\AppData\Local\Programs\Python\Launcher\;C:\Users\singh\AppData\Local\Programs\Eclipse Adoptium\jdk-17.0.11.9-hotspot\bin;C:\Users\singh\AppData\Local\Microsoft\WindowsApps;C:\Users\singh\AppData\Local\Programs\Microsoft VS Code\bin;C:\Users\singh\AppData\Roaming\npm;D:\Antigravity\Antigravity\bin;c:\Users\singh\.vscode\extensions\vscjava.vscode-java-debug-0.59.0\bundled\scripts\noConfigScripts
USERNAME=singh
LANG=en_US.UTF-8
OS=Windows_NT
PROCESSOR_IDENTIFIER=Intel64 Family 6 Model 186 Stepping 3, GenuineIntel
TMP=D:\Temp
TEMP=D:\Temp\Temp



Periodic native trim disabled


---------------  S Y S T E M  ---------------

OS:
 Windows 11 , 64 bit Build 26100 (10.0.26100.8328)
OS uptime: 5 days 21:32 hours
Hyper-V role detected

CPU: total 12 (initial active 12) (6 cores per cpu, 2 threads per core) family 6 model 186 stepping 3 microcode 0x4128, cx8, cmov, fxsr, ht, mmx, 3dnowpref, sse, sse2, sse3, ssse3, sse4.1, sse4.2, popcnt, lzcnt, tsc, tscinvbit, avx, avx2, aes, erms, clmul, bmi1, bmi2, adx, sha, fma, vzeroupper, clflush, clflushopt, clwb, hv
Processor Information for processor 0
  Max Mhz: 1700, Current Mhz: 1700, Mhz Limit: 1700
Processor Information for processor 1
  Max Mhz: 1700, Current Mhz: 1700, Mhz Limit: 1700
Processor Information for processor 2
  Max Mhz: 1700, Current Mhz: 1700, Mhz Limit: 1700
Processor Information for processor 3
  Max Mhz: 1700, Current Mhz: 1700, Mhz Limit: 1700
Processor Information for processor 4
  Max Mhz: 1700, Current Mhz: 1200, Mhz Limit: 1190
Processor Information for processor 5
  Max Mhz: 1700, Current Mhz: 1200, Mhz Limit: 1190
Processor Information for processor 6
  Max Mhz: 1700, Current Mhz: 1200, Mhz Limit: 1190
Processor Information for processor 7
  Max Mhz: 1700, Current Mhz: 1200, Mhz Limit: 1190
Processor Information for processor 8
  Max Mhz: 1700, Current Mhz: 1200, Mhz Limit: 1190
Processor Information for processor 9
  Max Mhz: 1700, Current Mhz: 1200, Mhz Limit: 1190
Processor Information for processor 10
  Max Mhz: 1700, Current Mhz: 1200, Mhz Limit: 1190
Processor Information for processor 11
  Max Mhz: 1700, Current Mhz: 1200, Mhz Limit: 1190

Memory: 4k page, system-wide physical 16095M (1731M free)
TotalPageFile size 31707M (AvailPageFile size 19M)
current process WorkingSet (physical memory assigned to process): 194M, peak: 198M
current process commit charge ("private bytes"): 390M, peak: 394M

vm_info: OpenJDK 64-Bit Server VM (17.0.11+9) for windows-amd64 JRE (17.0.11+9), built on Apr 17 2024 06:07:48 by "admin" with MS VC++ 16.10 / 16.11 (VS2019)

END.
