#
# There is insufficient memory for the Java Runtime Environment to continue.
# Native memory allocation (malloc) failed to allocate 1646416 bytes. Error detail: Chunk::new
# Possible reasons:
#   The system is out of physical RAM or swap space
#   This process is running with CompressedOops enabled, and the Java Heap may be blocking the growth of the native heap
# Possible solutions:
#   Reduce memory load on the system
#   Increase physical memory or swap space
#   Check if swap backing store is full
#   Decrease Java heap size (-Xmx/-Xms)
#   Decrease number of Java threads
#   Decrease Java thread stack sizes (-Xss)
#   Set larger code cache with -XX:ReservedCodeCacheSize=
#   JVM is running with Unscaled Compressed Oops mode in which the Java heap is
#     placed in the first 4GB address space. The Java Heap base address is the
#     maximum limit for the native heap growth. Please use -XX:HeapBaseMinAddress
#     to set the Java Heap base and to place the Java Heap above 4GB virtual address.
# This output file may be truncated or incomplete.
#
#  Out of Memory Error (arena.cpp:168), pid=27088, tid=15488
#
# JRE version: OpenJDK Runtime Environment Temurin-21.0.10+7 (21.0.10+7) (build 21.0.10+7-LTS)
# Java VM: OpenJDK 64-Bit Server VM Temurin-21.0.10+7 (21.0.10+7-LTS, mixed mode, sharing, tiered, compressed oops, compressed class ptrs, parallel gc, windows-amd64)
# No core dump will be written. Minidumps are not enabled by default on client versions of Windows
#

---------------  S U M M A R Y ------------

Command Line: --add-modules=ALL-SYSTEM --add-opens=java.base/java.util=ALL-UNNAMED --add-opens=java.base/java.lang=ALL-UNNAMED --add-opens=java.base/sun.nio.fs=ALL-UNNAMED -Declipse.application=org.eclipse.jdt.ls.core.id1 -Dosgi.bundles.defaultStartLevel=4 -Declipse.product=org.eclipse.jdt.ls.core.product -Djava.import.generatesMetadataFilesAtProjectRoot=false -DDetectVMInstallationsJob.disabled=true -Dfile.encoding=utf8 -XX:+UseParallelGC -XX:GCTimeRatio=4 -XX:AdaptiveSizePolicyWeight=90 -Dsun.zip.disableMemoryMapping=true -Xmx2G -Xms100m -Xlog:disable -javaagent:c:\Users\singh\.vscode\extensions\redhat.java-1.54.0-win32-x64\lombok\lombok-1.18.39-4050.jar -XX:+HeapDumpOnOutOfMemoryError -XX:HeapDumpPath=c:\Users\singh\AppData\Roaming\Code\User\workspaceStorage\404dc8cd7f8cac0b2001f1f3d6f6cd5e\redhat.java -Daether.dependencyCollector.impl=bf c:\Users\singh\.vscode\extensions\redhat.java-1.54.0-win32-x64\server\plugins\org.eclipse.equinox.launcher_1.7.100.v20251111-0406.jar -configuration c:\Users\singh\AppData\Roaming\Code\User\globalStorage\redhat.java\1.54.0\config_win -data c:\Users\singh\AppData\Roaming\Code\User\workspaceStorage\404dc8cd7f8cac0b2001f1f3d6f6cd5e\redhat.java\jdt_ws --pipe=\\.\pipe\lsp-36b0414214d64f08beea036149bdf364-sock

Host: 13th Gen Intel(R) Core(TM) i7-1355U, 12 cores, 15G,  Windows 11 , 64 bit Build 26100 (10.0.26100.8328)
Time: Mon Jun  1 16:17:44 2026 India Standard Time elapsed time: 104.809254 seconds (0d 0h 1m 44s)

---------------  T H R E A D  ---------------

Current thread (0x000001796aa8ac40):  JavaThread "C2 CompilerThread1" daemon [_thread_in_native, id=15488, stack(0x0000006b04800000,0x0000006b04900000) (1024K)]


Current CompileTask:
C2:104809 15558       4       org.eclipse.jdt.internal.compiler.util.SoftClassCache$ClassBytes::getBytes (65 bytes)

Stack: [0x0000006b04800000,0x0000006b04900000]
Native frames: (J=compiled Java code, j=interpreted, Vv=VM code, C=native code)
V  [jvm.dll+0x6d7a39]
V  [jvm.dll+0x8b4b26]
V  [jvm.dll+0x8b70de]
V  [jvm.dll+0x8b77c3]
V  [jvm.dll+0x284346]
V  [jvm.dll+0xc66ed]
V  [jvm.dll+0xc6c31]
V  [jvm.dll+0x3bec01]
V  [jvm.dll+0x38b162]
V  [jvm.dll+0x38a5aa]
V  [jvm.dll+0x24c560]
V  [jvm.dll+0x24bb40]
V  [jvm.dll+0x1cb34e]
V  [jvm.dll+0x25b85d]
V  [jvm.dll+0x259dea]
V  [jvm.dll+0x3f857e]
V  [jvm.dll+0x85f59d]
V  [jvm.dll+0x6d626d]
C  [ucrtbase.dll+0x37b0]
C  [KERNEL32.DLL+0x2e957]
C  [ntdll.dll+0x427c]


---------------  P R O C E S S  ---------------

Threads class SMR info:
_java_thread_list=0x000001796a61f1d0, length=66, elements={
0x00000179481e2270, 0x000001794a70e950, 0x00000179610ee090, 0x00000179610f4e70,
0x00000179610f2da0, 0x00000179610f3ac0, 0x00000179610f4150, 0x00000179610fdd70,
0x00000179624a6040, 0x00000179610f3430, 0x00000179610f47e0, 0x00000179610f5500,
0x00000179610f2080, 0x00000179610f2710, 0x00000179639f4ab0, 0x00000179639f5e60,
0x00000179639f64f0, 0x00000179639f5140, 0x00000179639f57d0, 0x00000179639f6b80,
0x00000179639f78a0, 0x00000179639fad20, 0x00000179639fb3b0, 0x00000179639f7f30,
0x00000179639f9970, 0x00000179639f8c50, 0x00000179639fba40, 0x00000179639f92e0,
0x00000179639fa000, 0x00000179639f85c0, 0x000001796a3e15f0, 0x000001796a3dee90,
0x000001796a3df520, 0x000001796a3e08d0, 0x000001796a3e1c80, 0x000001796a3e0240,
0x000001796a3e3030, 0x000001796a3e0f60, 0x000001796a3dfbb0, 0x000001796a3e36c0,
0x000001796a3e43e0, 0x000001796a3e29a0, 0x000001796a3e5e20, 0x000001796a3e64b0,
0x00000179684ab010, 0x00000179684a9c60, 0x00000179684aa980, 0x00000179684abd30,
0x00000179684aa2f0, 0x00000179684ac3c0, 0x00000179684a95d0, 0x00000179684b0560,
0x00000179684ade00, 0x00000179684ae490, 0x00000179684af1b0, 0x000001796c38ea70,
0x000001796c38c9a0, 0x000001796c38dd50, 0x000001796c38d030, 0x000001796c38e3e0,
0x000001796c38b5f0, 0x000001796c38bc80, 0x000001796c390b40, 0x000001796c38f100,
0x00000179684ad770, 0x000001796aa8ac40
}

Java Threads: ( => current thread )
  0x00000179481e2270 JavaThread "main"                              [_thread_blocked, id=4144, stack(0x0000006b00000000,0x0000006b00100000) (1024K)]
  0x000001794a70e950 JavaThread "Reference Handler"          daemon [_thread_blocked, id=22140, stack(0x0000006b00400000,0x0000006b00500000) (1024K)]
  0x00000179610ee090 JavaThread "Finalizer"                  daemon [_thread_blocked, id=15324, stack(0x0000006b00500000,0x0000006b00600000) (1024K)]
  0x00000179610f4e70 JavaThread "Signal Dispatcher"          daemon [_thread_blocked, id=27132, stack(0x0000006b00600000,0x0000006b00700000) (1024K)]
  0x00000179610f2da0 JavaThread "Attach Listener"            daemon [_thread_blocked, id=26380, stack(0x0000006b00700000,0x0000006b00800000) (1024K)]
  0x00000179610f3ac0 JavaThread "Service Thread"             daemon [_thread_blocked, id=25608, stack(0x0000006b00800000,0x0000006b00900000) (1024K)]
  0x00000179610f4150 JavaThread "Monitor Deflation Thread"   daemon [_thread_blocked, id=9368, stack(0x0000006b00900000,0x0000006b00a00000) (1024K)]
  0x00000179610fdd70 JavaThread "C2 CompilerThread0"         daemon [_thread_in_native, id=9692, stack(0x0000006b00a00000,0x0000006b00b00000) (1024K)]
  0x00000179624a6040 JavaThread "C1 CompilerThread0"         daemon [_thread_blocked, id=10380, stack(0x0000006b00b00000,0x0000006b00c00000) (1024K)]
  0x00000179610f3430 JavaThread "Common-Cleaner"             daemon [_thread_blocked, id=27112, stack(0x0000006b00d00000,0x0000006b00e00000) (1024K)]
  0x00000179610f47e0 JavaThread "Notification Thread"        daemon [_thread_blocked, id=4092, stack(0x0000006b00c00000,0x0000006b00d00000) (1024K)]
  0x00000179610f5500 JavaThread "Active Thread: Equinox Container: 7d3c1ea3-bd77-43c6-bdd1-41518b2ecb01"        [_thread_blocked, id=2232, stack(0x0000006b01600000,0x0000006b01700000) (1024K)]
  0x00000179610f2080 JavaThread "Refresh Thread: Equinox Container: 7d3c1ea3-bd77-43c6-bdd1-41518b2ecb01" daemon [_thread_blocked, id=5716, stack(0x0000006b01800000,0x0000006b01900000) (1024K)]
  0x00000179610f2710 JavaThread "Framework Event Dispatcher: Equinox Container: 7d3c1ea3-bd77-43c6-bdd1-41518b2ecb01" daemon [_thread_blocked, id=23780, stack(0x0000006b01900000,0x0000006b01a00000) (1024K)]
  0x00000179639f4ab0 JavaThread "Start Level: Equinox Container: 7d3c1ea3-bd77-43c6-bdd1-41518b2ecb01" daemon [_thread_blocked, id=2268, stack(0x0000006b01a00000,0x0000006b01b00000) (1024K)]
  0x00000179639f5e60 JavaThread "Bundle File Closer"         daemon [_thread_blocked, id=27220, stack(0x0000006b01d00000,0x0000006b01e00000) (1024K)]
  0x00000179639f64f0 JavaThread "SCR Component Actor"        daemon [_thread_blocked, id=27060, stack(0x0000006b00e00000,0x0000006b00f00000) (1024K)]
  0x00000179639f5140 JavaThread "Worker-JM"                         [_thread_blocked, id=24076, stack(0x0000006b01f00000,0x0000006b02000000) (1024K)]
  0x00000179639f57d0 JavaThread "JNA Cleaner"                daemon [_thread_blocked, id=21376, stack(0x0000006b01500000,0x0000006b01600000) (1024K)]
  0x00000179639f6b80 JavaThread "Worker-0"                          [_thread_blocked, id=4704, stack(0x0000006b01e00000,0x0000006b01f00000) (1024K)]
  0x00000179639f78a0 JavaThread "Worker-1"                          [_thread_blocked, id=24456, stack(0x0000006b02000000,0x0000006b02100000) (1024K)]
  0x00000179639fad20 JavaThread "Java indexing"              daemon [_thread_blocked, id=23356, stack(0x0000006b02200000,0x0000006b02300000) (1024K)]
  0x00000179639fb3b0 JavaThread "Worker-2"                          [_thread_blocked, id=14804, stack(0x0000006b02500000,0x0000006b02600000) (1024K)]
  0x00000179639f7f30 JavaThread "Worker-3"                          [_thread_blocked, id=27632, stack(0x0000006b02700000,0x0000006b02800000) (1024K)]
  0x00000179639f9970 JavaThread "Worker-4"                          [_thread_blocked, id=932, stack(0x0000006b02800000,0x0000006b02900000) (1024K)]
  0x00000179639f8c50 JavaThread "Worker-5"                          [_thread_blocked, id=8344, stack(0x0000006b02900000,0x0000006b02a00000) (1024K)]
  0x00000179639fba40 JavaThread "Thread-1"                   daemon [_thread_in_native, id=22688, stack(0x0000006b02a00000,0x0000006b02b00000) (1024K)]
  0x00000179639f92e0 JavaThread "Thread-2"                   daemon [_thread_in_native, id=6100, stack(0x0000006b02b00000,0x0000006b02c00000) (1024K)]
  0x00000179639fa000 JavaThread "Thread-3"                   daemon [_thread_in_native, id=26872, stack(0x0000006b02c00000,0x0000006b02d00000) (1024K)]
  0x00000179639f85c0 JavaThread "Thread-4"                   daemon [_thread_in_native, id=3352, stack(0x0000006b02d00000,0x0000006b02e00000) (1024K)]
  0x000001796a3e15f0 JavaThread "Thread-5"                   daemon [_thread_in_native, id=17060, stack(0x0000006b02e00000,0x0000006b02f00000) (1024K)]
  0x000001796a3dee90 JavaThread "Thread-6"                   daemon [_thread_in_native, id=20716, stack(0x0000006b02f00000,0x0000006b03000000) (1024K)]
  0x000001796a3df520 JavaThread "Thread-7"                   daemon [_thread_in_native, id=26740, stack(0x0000006b03000000,0x0000006b03100000) (1024K)]
  0x000001796a3e08d0 JavaThread "Thread-8"                   daemon [_thread_in_native, id=5324, stack(0x0000006b03100000,0x0000006b03200000) (1024K)]
  0x000001796a3e1c80 JavaThread "Thread-9"                   daemon [_thread_in_native, id=24632, stack(0x0000006b03200000,0x0000006b03300000) (1024K)]
  0x000001796a3e0240 JavaThread "Thread-10"                  daemon [_thread_in_native, id=27124, stack(0x0000006b03300000,0x0000006b03400000) (1024K)]
  0x000001796a3e3030 JavaThread "Thread-11"                  daemon [_thread_in_native, id=17568, stack(0x0000006b03400000,0x0000006b03500000) (1024K)]
  0x000001796a3e0f60 JavaThread "Thread-12"                  daemon [_thread_in_native, id=13888, stack(0x0000006b03500000,0x0000006b03600000) (1024K)]
  0x000001796a3dfbb0 JavaThread "Thread-13"                  daemon [_thread_in_native, id=27540, stack(0x0000006b03600000,0x0000006b03700000) (1024K)]
  0x000001796a3e36c0 JavaThread "pool-2-thread-1"                   [_thread_blocked, id=9588, stack(0x0000006b03700000,0x0000006b03800000) (1024K)]
  0x000001796a3e43e0 JavaThread "WorkspaceEventsHandler"            [_thread_blocked, id=10844, stack(0x0000006b03800000,0x0000006b03900000) (1024K)]
  0x000001796a3e29a0 JavaThread "pool-1-thread-1"                   [_thread_in_Java, id=2112, stack(0x0000006b03900000,0x0000006b03a00000) (1024K)]
  0x000001796a3e5e20 JavaThread "ForkJoinPool.commonPool-worker-1" daemon [_thread_blocked, id=15496, stack(0x0000006b03a00000,0x0000006b03b00000) (1024K)]
  0x000001796a3e64b0 JavaThread "ForkJoinPool.commonPool-worker-2" daemon [_thread_blocked, id=23288, stack(0x0000006b03b00000,0x0000006b03c00000) (1024K)]
  0x00000179684ab010 JavaThread "ForkJoinPool.commonPool-worker-3" daemon [_thread_blocked, id=17232, stack(0x0000006b03c00000,0x0000006b03d00000) (1024K)]
  0x00000179684a9c60 JavaThread "ForkJoinPool.commonPool-worker-4" daemon [_thread_blocked, id=25460, stack(0x0000006b03d00000,0x0000006b03e00000) (1024K)]
  0x00000179684aa980 JavaThread "ForkJoinPool.commonPool-worker-5" daemon [_thread_blocked, id=9884, stack(0x0000006b02600000,0x0000006b02700000) (1024K)]
  0x00000179684abd30 JavaThread "ForkJoinPool.commonPool-worker-6" daemon [_thread_blocked, id=26404, stack(0x0000006b03e00000,0x0000006b03f00000) (1024K)]
  0x00000179684aa2f0 JavaThread "ForkJoinPool.commonPool-worker-7" daemon [_thread_blocked, id=21780, stack(0x0000006b03f00000,0x0000006b04000000) (1024K)]
  0x00000179684ac3c0 JavaThread "Compiler Source File Reader" daemon [_thread_blocked, id=15032, stack(0x0000006b04100000,0x0000006b04200000) (1024K)]
  0x00000179684a95d0 JavaThread "Compiler Processing Task"   daemon [_thread_blocked, id=17380, stack(0x0000006b04200000,0x0000006b04300000) (1024K)]
  0x00000179684b0560 JavaThread "ForkJoinPool.commonPool-worker-8" daemon [_thread_blocked, id=25388, stack(0x0000006b04300000,0x0000006b04400000) (1024K)]
  0x00000179684ade00 JavaThread "ForkJoinPool.commonPool-worker-9" daemon [_thread_blocked, id=19140, stack(0x0000006b04400000,0x0000006b04500000) (1024K)]
  0x00000179684ae490 JavaThread "ForkJoinPool.commonPool-worker-10" daemon [_thread_blocked, id=24748, stack(0x0000006b04500000,0x0000006b04600000) (1024K)]
  0x00000179684af1b0 JavaThread "ForkJoinPool.commonPool-worker-11" daemon [_thread_blocked, id=26188, stack(0x0000006b04600000,0x0000006b04700000) (1024K)]
  0x000001796c38ea70 JavaThread "Cleaner-0"                  daemon [_thread_blocked, id=27036, stack(0x0000006b04e00000,0x0000006b04f00000) (1024K)]
  0x000001796c38c9a0 JavaThread "Compiler Source File Reader" daemon [_thread_blocked, id=26684, stack(0x0000006b04700000,0x0000006b04800000) (1024K)]
  0x000001796c38dd50 JavaThread "Compiler Source File Reader" daemon [_thread_blocked, id=25352, stack(0x0000006b02100000,0x0000006b02200000) (1024K)]
  0x000001796c38d030 JavaThread "Compiler Source File Reader" daemon [_thread_blocked, id=24800, stack(0x0000006b04a00000,0x0000006b04b00000) (1024K)]
  0x000001796c38e3e0 JavaThread "Compiler Source File Reader" daemon [_thread_blocked, id=13188, stack(0x0000006b04000000,0x0000006b04100000) (1024K)]
  0x000001796c38b5f0 JavaThread "Compiler Source File Reader" daemon [_thread_blocked, id=2564, stack(0x0000006b04900000,0x0000006b04a00000) (1024K)]
  0x000001796c38bc80 JavaThread "Compiler Source File Reader" daemon [_thread_blocked, id=27560, stack(0x0000006b04c00000,0x0000006b04d00000) (1024K)]
  0x000001796c390b40 JavaThread "Compiler Source File Reader" daemon [_thread_blocked, id=20788, stack(0x0000006b04b00000,0x0000006b04c00000) (1024K)]
  0x000001796c38f100 JavaThread "Compiler Source File Reader" daemon [_thread_blocked, id=24696, stack(0x0000006b04f00000,0x0000006b05000000) (1024K)]
  0x00000179684ad770 JavaThread "Compiler Source File Reader" daemon [_thread_blocked, id=2800, stack(0x0000006b05000000,0x0000006b05100000) (1024K)]
=>0x000001796aa8ac40 JavaThread "C2 CompilerThread1"         daemon [_thread_in_native, id=15488, stack(0x0000006b04800000,0x0000006b04900000) (1024K)]
Total: 66

Other Threads:
  0x00000179610e4210 VMThread "VM Thread"                           [id=26216, stack(0x0000006b00300000,0x0000006b00400000) (1024K)]
  0x0000017960fdca00 WatcherThread "VM Periodic Task Thread"        [id=3148, stack(0x0000006b00200000,0x0000006b00300000) (1024K)]
  0x000001794a67a990 WorkerThread "GC Thread#0"                     [id=21028, stack(0x0000006b00100000,0x0000006b00200000) (1024K)]
  0x00000179637925c0 WorkerThread "GC Thread#1"                     [id=4660, stack(0x0000006b00f00000,0x0000006b01000000) (1024K)]
  0x00000179627e5030 WorkerThread "GC Thread#2"                     [id=26812, stack(0x0000006b01000000,0x0000006b01100000) (1024K)]
  0x00000179627e53e0 WorkerThread "GC Thread#3"                     [id=19728, stack(0x0000006b01100000,0x0000006b01200000) (1024K)]
  0x0000017963794a60 WorkerThread "GC Thread#4"                     [id=26016, stack(0x0000006b01200000,0x0000006b01300000) (1024K)]
  0x0000017963794e10 WorkerThread "GC Thread#5"                     [id=11024, stack(0x0000006b01300000,0x0000006b01400000) (1024K)]
  0x00000179637951c0 WorkerThread "GC Thread#6"                     [id=20032, stack(0x0000006b01400000,0x0000006b01500000) (1024K)]
  0x0000017968187db0 WorkerThread "GC Thread#7"                     [id=22980, stack(0x0000006b01700000,0x0000006b01800000) (1024K)]
  0x00000179639fff30 WorkerThread "GC Thread#8"                     [id=1980, stack(0x0000006b01b00000,0x0000006b01c00000) (1024K)]
  0x00000179682670b0 WorkerThread "GC Thread#9"                     [id=24804, stack(0x0000006b01c00000,0x0000006b01d00000) (1024K)]
Total: 12

Threads with active compile tasks:
C2 CompilerThread0  105838 15552 % !   4       org.eclipse.jdt.internal.core.ClassFileInfo::generateMethodInfos @ 28 (750 bytes)
C2 CompilerThread1  105838 15558       4       org.eclipse.jdt.internal.compiler.util.SoftClassCache$ClassBytes::getBytes (65 bytes)
Total: 2

VM state: not at safepoint (normal execution)

VM Mutex/Monitor currently owned by a thread: None

Heap address: 0x0000000080000000, size: 2048 MB, Compressed Oops mode: 32-bit

CDS archive(s) mapped at: [0x0000017900000000-0x0000017900ba0000-0x0000017900ba0000), size 12189696, SharedBaseAddress: 0x0000017900000000, ArchiveRelocationMode: 1.
Compressed class space mapped at: 0x0000017901000000-0x0000017941000000, reserved size: 1073741824
Narrow klass base: 0x0000017900000000, Narrow klass shift: 0, Narrow klass range: 0x100000000

GC Precious Log:
 CardTable entry size: 512
 CPUs: 12 total, 12 available
 Memory: 16095M
 Large Page Support: Disabled
 NUMA Support: Disabled
 Compressed Oops: Enabled (32-bit)
 Alignments: Space 512K, Generation 512K, Heap 2M
 Heap Min Capacity: 100M
 Heap Initial Capacity: 100M
 Heap Max Capacity: 2G
 Pre-touch: Disabled
 Parallel Workers: 10

Heap:
 PSYoungGen      total 4096K, used 2356K [0x00000000d5580000, 0x00000000d5b00000, 0x0000000100000000)
  eden space 3584K, 56% used [0x00000000d5580000,0x00000000d577d2e8,0x00000000d5900000)
  from space 512K, 62% used [0x00000000d5a80000,0x00000000d5ad0000,0x00000000d5b00000)
  to   space 512K, 0% used [0x00000000d5a00000,0x00000000d5a00000,0x00000000d5a80000)
 ParOldGen       total 1060352K, used 1060137K [0x0000000080000000, 0x00000000c0b80000, 0x00000000d5580000)
  object space 1060352K, 99% used [0x0000000080000000,0x00000000c0b4a7e0,0x00000000c0b80000)
 Metaspace       used 75943K, committed 77696K, reserved 1179648K
  class space    used 8027K, committed 8768K, reserved 1048576K

Card table byte_map: [0x0000017949ff0000,0x000001794a400000] _byte_map_base: 0x0000017949bf0000

Marking Bits: (ParMarkBitMap*) 0x00007ff9b9953450
 Begin Bits: [0x000001795cb00000, 0x000001795eb00000)
 End Bits:   [0x000001795eb00000, 0x0000017960b00000)

Polling page: 0x0000017948820000

Metaspace:

Usage:
  Non-class:     66.32 MB used.
      Class:      7.84 MB used.
       Both:     74.16 MB used.

Virtual space:
  Non-class space:      128.00 MB reserved,      67.31 MB ( 53%) committed,  2 nodes.
      Class space:        1.00 GB reserved,       8.56 MB ( <1%) committed,  1 nodes.
             Both:        1.12 GB reserved,      75.88 MB (  7%) committed. 

Chunk freelists:
   Non-Class:  12.71 MB
       Class:  7.37 MB
        Both:  20.08 MB

MaxMetaspaceSize: unlimited
CompressedClassSpaceSize: 1.00 GB
Initial GC threshold: 21.00 MB
Current GC threshold: 97.31 MB
CDS: on
 - commit_granule_bytes: 65536.
 - commit_granule_words: 8192.
 - virtual_space_node_default_size: 8388608.
 - enlarge_chunks_in_place: 1.
 - use_allocation_guard: 0.


Internal statistics:

num_allocs_failed_limit: 9.
num_arena_births: 1400.
num_arena_deaths: 14.
num_vsnodes_births: 3.
num_vsnodes_deaths: 0.
num_space_committed: 1214.
num_space_uncommitted: 0.
num_chunks_returned_to_freelist: 23.
num_chunks_taken_from_freelist: 5172.
num_chunk_merges: 15.
num_chunk_splits: 3143.
num_chunks_enlarged: 1687.
num_inconsistent_stats: 0.

CodeHeap 'non-profiled nmethods': size=120000Kb used=11450Kb max_used=11450Kb free=108549Kb
 bounds [0x0000017955320000, 0x0000017955e50000, 0x000001795c850000]
CodeHeap 'profiled nmethods': size=120000Kb used=33895Kb max_used=33895Kb free=86104Kb
 bounds [0x000001794d850000, 0x000001794f970000, 0x0000017954d80000]
CodeHeap 'non-nmethods': size=5760Kb used=1473Kb max_used=1595Kb free=4286Kb
 bounds [0x0000017954d80000, 0x0000017954ff0000, 0x0000017955320000]
CodeCache: size=245760Kb, used=46818Kb, max_used=46940Kb, free=198939Kb
 total_blobs=15522, nmethods=14729, adapters=696, full_count=0
Compilation: enabled, stopped_count=0, restarted_count=0

Compilation events (20 events):
Event: 101.633 Thread 0x00000179610fdd70 15552 % !   4       org.eclipse.jdt.internal.core.ClassFileInfo::generateMethodInfos @ 28 (750 bytes)
Event: 101.639 Thread 0x00000179624a6040 15554       2       java.lang.ThreadLocal$ThreadLocalMap::remove (68 bytes)
Event: 101.639 Thread 0x00000179624a6040 nmethod 15554 0x000001794f963a90 code [0x000001794f963c60, 0x000001794f963f20]
Event: 102.653 Thread 0x00000179624a6040 15556       3       org.eclipse.jdt.internal.core.AnnotationInfo::<init> (15 bytes)
Event: 102.653 Thread 0x00000179624a6040 nmethod 15556 0x000001794f964110 code [0x000001794f9642c0, 0x000001794f9644f0]
Event: 102.696 Thread 0x00000179624a6040 15559       3       org.eclipse.jdt.core.Signature::appendTypeSignature (513 bytes)
Event: 102.697 Thread 0x00000179624a6040 nmethod 15559 0x000001794f964610 code [0x000001794f964ac0, 0x000001794f9662b0]
Event: 102.697 Thread 0x000001796aa8ac40 15555       4       java.util.TimSort::countRunAndMakeAscending (128 bytes)
Event: 102.709 Thread 0x000001796aa8ac40 nmethod 15555 0x0000017955e4db90 code [0x0000017955e4dd60, 0x0000017955e4e358]
Event: 102.709 Thread 0x000001796aa8ac40 15553   !   4       java.lang.Thread::blockedOn (27 bytes)
Event: 102.710 Thread 0x000001796aa8ac40 nmethod 15553 0x0000017955e4e690 code [0x0000017955e4e820, 0x0000017955e4ea30]
Event: 102.710 Thread 0x000001796aa8ac40 15558       4       org.eclipse.jdt.internal.compiler.util.SoftClassCache$ClassBytes::getBytes (65 bytes)
Event: 103.803 Thread 0x00000179624a6040 15561       3       org.eclipse.jdt.internal.compiler.CompilationResult::record (213 bytes)
Event: 103.804 Thread 0x00000179624a6040 nmethod 15561 0x000001794f966c10 code [0x000001794f966ee0, 0x000001794f968108]
Event: 103.806 Thread 0x00000179624a6040 15563       3       org.eclipse.core.internal.preferences.PreferencesService::getString (20 bytes)
Event: 103.806 Thread 0x00000179624a6040 nmethod 15563 0x000001794f968610 code [0x000001794f9687e0, 0x000001794f968a18]
Event: 103.807 Thread 0x00000179624a6040 15564       3       org.eclipse.jdt.internal.compiler.lookup.ReferenceBinding::isBinaryBinding (17 bytes)
Event: 103.807 Thread 0x00000179624a6040 nmethod 15564 0x000001794f968b90 code [0x000001794f968d40, 0x000001794f968ec0]
Event: 103.808 Thread 0x00000179624a6040 15565       3       sun.nio.cs.StreamEncoder::writeBytes (139 bytes)
Event: 103.809 Thread 0x00000179624a6040 nmethod 15565 0x000001794f968f90 code [0x000001794f969200, 0x000001794f969ba0]

GC Heap History (20 events):
Event: 102.673 GC heap before
{Heap before GC invocations=449 (full 3):
 PSYoungGen      total 5632K, used 5285K [0x00000000d5580000, 0x00000000d5c80000, 0x0000000100000000)
  eden space 4096K, 99% used [0x00000000d5580000,0x00000000d597ffe8,0x00000000d5980000)
  from space 1536K, 77% used [0x00000000d5980000,0x00000000d5aa9418,0x00000000d5b00000)
  to   space 1536K, 0% used [0x00000000d5b00000,0x00000000d5b00000,0x00000000d5c80000)
 ParOldGen       total 1051648K, used 1051458K [0x0000000080000000, 0x00000000c0300000, 0x00000000d5580000)
  object space 1051648K, 99% used [0x0000000080000000,0x00000000c02d0960,0x00000000c0300000)
 Metaspace       used 75936K, committed 77632K, reserved 1179648K
  class space    used 8026K, committed 8704K, reserved 1048576K
}
Event: 102.678 GC heap after
{Heap after GC invocations=449 (full 3):
 PSYoungGen      total 4096K, used 1534K [0x00000000d5580000, 0x00000000d6080000, 0x0000000100000000)
  eden space 2560K, 0% used [0x00000000d5580000,0x00000000d5580000,0x00000000d5800000)
  from space 1536K, 99% used [0x00000000d5b00000,0x00000000d5c7fa98,0x00000000d5c80000)
  to   space 3072K, 0% used [0x00000000d5800000,0x00000000d5800000,0x00000000d5b00000)
 ParOldGen       total 1052672K, used 1052489K [0x0000000080000000, 0x00000000c0400000, 0x00000000d5580000)
  object space 1052672K, 99% used [0x0000000080000000,0x00000000c03d24d0,0x00000000c0400000)
 Metaspace       used 75936K, committed 77632K, reserved 1179648K
  class space    used 8026K, committed 8704K, reserved 1048576K
}
Event: 102.685 GC heap before
{Heap before GC invocations=450 (full 3):
 PSYoungGen      total 4096K, used 4094K [0x00000000d5580000, 0x00000000d6080000, 0x0000000100000000)
  eden space 2560K, 100% used [0x00000000d5580000,0x00000000d5800000,0x00000000d5800000)
  from space 1536K, 99% used [0x00000000d5b00000,0x00000000d5c7fa98,0x00000000d5c80000)
  to   space 3072K, 0% used [0x00000000d5800000,0x00000000d5800000,0x00000000d5b00000)
 ParOldGen       total 1052672K, used 1052489K [0x0000000080000000, 0x00000000c0400000, 0x00000000d5580000)
  object space 1052672K, 99% used [0x0000000080000000,0x00000000c03d24d0,0x00000000c0400000)
 Metaspace       used 75936K, committed 77632K, reserved 1179648K
  class space    used 8026K, committed 8704K, reserved 1048576K
}
Event: 102.688 GC heap after
{Heap after GC invocations=450 (full 3):
 PSYoungGen      total 3584K, used 736K [0x00000000d5580000, 0x00000000d5b80000, 0x0000000100000000)
  eden space 2560K, 0% used [0x00000000d5580000,0x00000000d5580000,0x00000000d5800000)
  from space 1024K, 71% used [0x00000000d5800000,0x00000000d58b8000,0x00000000d5900000)
  to   space 1536K, 0% used [0x00000000d5a00000,0x00000000d5a00000,0x00000000d5b80000)
 ParOldGen       total 1054720K, used 1054101K [0x0000000080000000, 0x00000000c0600000, 0x00000000d5580000)
  object space 1054720K, 99% used [0x0000000080000000,0x00000000c05655f0,0x00000000c0600000)
 Metaspace       used 75936K, committed 77632K, reserved 1179648K
  class space    used 8026K, committed 8704K, reserved 1048576K
}
Event: 102.691 GC heap before
{Heap before GC invocations=451 (full 3):
 PSYoungGen      total 3584K, used 3296K [0x00000000d5580000, 0x00000000d5b80000, 0x0000000100000000)
  eden space 2560K, 100% used [0x00000000d5580000,0x00000000d5800000,0x00000000d5800000)
  from space 1024K, 71% used [0x00000000d5800000,0x00000000d58b8000,0x00000000d5900000)
  to   space 1536K, 0% used [0x00000000d5a00000,0x00000000d5a00000,0x00000000d5b80000)
 ParOldGen       total 1054720K, used 1054101K [0x0000000080000000, 0x00000000c0600000, 0x00000000d5580000)
  object space 1054720K, 99% used [0x0000000080000000,0x00000000c05655f0,0x00000000c0600000)
 Metaspace       used 75936K, committed 77632K, reserved 1179648K
  class space    used 8026K, committed 8704K, reserved 1048576K
}
Event: 102.693 GC heap after
{Heap after GC invocations=451 (full 3):
 PSYoungGen      total 4096K, used 856K [0x00000000d5580000, 0x00000000d5b00000, 0x0000000100000000)
  eden space 3072K, 0% used [0x00000000d5580000,0x00000000d5580000,0x00000000d5880000)
  from space 1024K, 83% used [0x00000000d5a00000,0x00000000d5ad6200,0x00000000d5b00000)
  to   space 1024K, 0% used [0x00000000d5900000,0x00000000d5900000,0x00000000d5a00000)
 ParOldGen       total 1054720K, used 1054711K [0x0000000080000000, 0x00000000c0600000, 0x00000000d5580000)
  object space 1054720K, 99% used [0x0000000080000000,0x00000000c05fdf68,0x00000000c0600000)
 Metaspace       used 75936K, committed 77632K, reserved 1179648K
  class space    used 8026K, committed 8704K, reserved 1048576K
}
Event: 102.698 GC heap before
{Heap before GC invocations=452 (full 3):
 PSYoungGen      total 4096K, used 3928K [0x00000000d5580000, 0x00000000d5b00000, 0x0000000100000000)
  eden space 3072K, 100% used [0x00000000d5580000,0x00000000d5880000,0x00000000d5880000)
  from space 1024K, 83% used [0x00000000d5a00000,0x00000000d5ad6200,0x00000000d5b00000)
  to   space 1024K, 0% used [0x00000000d5900000,0x00000000d5900000,0x00000000d5a00000)
 ParOldGen       total 1054720K, used 1054711K [0x0000000080000000, 0x00000000c0600000, 0x00000000d5580000)
  object space 1054720K, 99% used [0x0000000080000000,0x00000000c05fdf68,0x00000000c0600000)
 Metaspace       used 75936K, committed 77632K, reserved 1179648K
  class space    used 8026K, committed 8704K, reserved 1048576K
}
Event: 102.701 GC heap after
{Heap after GC invocations=452 (full 3):
 PSYoungGen      total 4608K, used 896K [0x00000000d5580000, 0x00000000d5b80000, 0x0000000100000000)
  eden space 3584K, 0% used [0x00000000d5580000,0x00000000d5580000,0x00000000d5900000)
  from space 1024K, 87% used [0x00000000d5900000,0x00000000d59e00b0,0x00000000d5a00000)
  to   space 1024K, 0% used [0x00000000d5a80000,0x00000000d5a80000,0x00000000d5b80000)
 ParOldGen       total 1055744K, used 1055421K [0x0000000080000000, 0x00000000c0700000, 0x00000000d5580000)
  object space 1055744K, 99% used [0x0000000080000000,0x00000000c06af520,0x00000000c0700000)
 Metaspace       used 75936K, committed 77632K, reserved 1179648K
  class space    used 8026K, committed 8704K, reserved 1048576K
}
Event: 102.707 GC heap before
{Heap before GC invocations=453 (full 3):
 PSYoungGen      total 4608K, used 4480K [0x00000000d5580000, 0x00000000d5b80000, 0x0000000100000000)
  eden space 3584K, 100% used [0x00000000d5580000,0x00000000d5900000,0x00000000d5900000)
  from space 1024K, 87% used [0x00000000d5900000,0x00000000d59e00b0,0x00000000d5a00000)
  to   space 1024K, 0% used [0x00000000d5a80000,0x00000000d5a80000,0x00000000d5b80000)
 ParOldGen       total 1055744K, used 1055421K [0x0000000080000000, 0x00000000c0700000, 0x00000000d5580000)
  object space 1055744K, 99% used [0x0000000080000000,0x00000000c06af520,0x00000000c0700000)
 Metaspace       used 75936K, committed 77632K, reserved 1179648K
  class space    used 8026K, committed 8704K, reserved 1048576K
}
Event: 102.709 GC heap after
{Heap after GC invocations=453 (full 3):
 PSYoungGen      total 3584K, used 1007K [0x00000000d5580000, 0x00000000d5f00000, 0x0000000100000000)
  eden space 2560K, 0% used [0x00000000d5580000,0x00000000d5580000,0x00000000d5800000)
  from space 1024K, 98% used [0x00000000d5a80000,0x00000000d5b7bfa0,0x00000000d5b80000)
  to   space 2560K, 0% used [0x00000000d5800000,0x00000000d5800000,0x00000000d5a80000)
 ParOldGen       total 1056768K, used 1056351K [0x0000000080000000, 0x00000000c0800000, 0x00000000d5580000)
  object space 1056768K, 99% used [0x0000000080000000,0x00000000c0797c40,0x00000000c0800000)
 Metaspace       used 75936K, committed 77632K, reserved 1179648K
  class space    used 8026K, committed 8704K, reserved 1048576K
}
Event: 102.712 GC heap before
{Heap before GC invocations=454 (full 3):
 PSYoungGen      total 3584K, used 3567K [0x00000000d5580000, 0x00000000d5f00000, 0x0000000100000000)
  eden space 2560K, 100% used [0x00000000d5580000,0x00000000d5800000,0x00000000d5800000)
  from space 1024K, 98% used [0x00000000d5a80000,0x00000000d5b7bfa0,0x00000000d5b80000)
  to   space 2560K, 0% used [0x00000000d5800000,0x00000000d5800000,0x00000000d5a80000)
 ParOldGen       total 1056768K, used 1056351K [0x0000000080000000, 0x00000000c0800000, 0x00000000d5580000)
  object space 1056768K, 99% used [0x0000000080000000,0x00000000c0797c40,0x00000000c0800000)
 Metaspace       used 75936K, committed 77632K, reserved 1179648K
  class space    used 8026K, committed 8704K, reserved 1048576K
}
Event: 102.714 GC heap after
{Heap after GC invocations=454 (full 3):
 PSYoungGen      total 3584K, used 808K [0x00000000d5580000, 0x00000000d5b80000, 0x0000000100000000)
  eden space 2560K, 0% used [0x00000000d5580000,0x00000000d5580000,0x00000000d5800000)
  from space 1024K, 78% used [0x00000000d5800000,0x00000000d58ca3b8,0x00000000d5900000)
  to   space 1536K, 0% used [0x00000000d5a00000,0x00000000d5a00000,0x00000000d5b80000)
 ParOldGen       total 1057792K, used 1057487K [0x0000000080000000, 0x00000000c0900000, 0x00000000d5580000)
  object space 1057792K, 99% used [0x0000000080000000,0x00000000c08b3d68,0x00000000c0900000)
 Metaspace       used 75936K, committed 77632K, reserved 1179648K
  class space    used 8026K, committed 8704K, reserved 1048576K
}
Event: 102.719 GC heap before
{Heap before GC invocations=455 (full 3):
 PSYoungGen      total 3584K, used 3367K [0x00000000d5580000, 0x00000000d5b80000, 0x0000000100000000)
  eden space 2560K, 99% used [0x00000000d5580000,0x00000000d57ff9d8,0x00000000d5800000)
  from space 1024K, 78% used [0x00000000d5800000,0x00000000d58ca3b8,0x00000000d5900000)
  to   space 1536K, 0% used [0x00000000d5a00000,0x00000000d5a00000,0x00000000d5b80000)
 ParOldGen       total 1057792K, used 1057487K [0x0000000080000000, 0x00000000c0900000, 0x00000000d5580000)
  object space 1057792K, 99% used [0x0000000080000000,0x00000000c08b3d68,0x00000000c0900000)
 Metaspace       used 75936K, committed 77632K, reserved 1179648K
  class space    used 8026K, committed 8704K, reserved 1048576K
}
Event: 102.721 GC heap after
{Heap after GC invocations=455 (full 3):
 PSYoungGen      total 4096K, used 832K [0x00000000d5580000, 0x00000000d5b00000, 0x0000000100000000)
  eden space 3072K, 0% used [0x00000000d5580000,0x00000000d5580000,0x00000000d5880000)
  from space 1024K, 81% used [0x00000000d5a00000,0x00000000d5ad0000,0x00000000d5b00000)
  to   space 1024K, 0% used [0x00000000d5900000,0x00000000d5900000,0x00000000d5a00000)
 ParOldGen       total 1058304K, used 1058269K [0x0000000080000000, 0x00000000c0980000, 0x00000000d5580000)
  object space 1058304K, 99% used [0x0000000080000000,0x00000000c09776b0,0x00000000c0980000)
 Metaspace       used 75936K, committed 77632K, reserved 1179648K
  class space    used 8026K, committed 8704K, reserved 1048576K
}
Event: 102.735 GC heap before
{Heap before GC invocations=456 (full 3):
 PSYoungGen      total 4096K, used 3904K [0x00000000d5580000, 0x00000000d5b00000, 0x0000000100000000)
  eden space 3072K, 100% used [0x00000000d5580000,0x00000000d5880000,0x00000000d5880000)
  from space 1024K, 81% used [0x00000000d5a00000,0x00000000d5ad0000,0x00000000d5b00000)
  to   space 1024K, 0% used [0x00000000d5900000,0x00000000d5900000,0x00000000d5a00000)
 ParOldGen       total 1058304K, used 1058269K [0x0000000080000000, 0x00000000c0980000, 0x00000000d5580000)
  object space 1058304K, 99% used [0x0000000080000000,0x00000000c09776b0,0x00000000c0980000)
 Metaspace       used 75936K, committed 77632K, reserved 1179648K
  class space    used 8026K, committed 8704K, reserved 1048576K
}
Event: 102.736 GC heap after
{Heap after GC invocations=456 (full 3):
 PSYoungGen      total 4608K, used 818K [0x00000000d5580000, 0x00000000d5b80000, 0x0000000100000000)
  eden space 3584K, 0% used [0x00000000d5580000,0x00000000d5580000,0x00000000d5900000)
  from space 1024K, 79% used [0x00000000d5900000,0x00000000d59cc930,0x00000000d5a00000)
  to   space 1024K, 0% used [0x00000000d5a80000,0x00000000d5a80000,0x00000000d5b80000)
 ParOldGen       total 1059328K, used 1058964K [0x0000000080000000, 0x00000000c0a80000, 0x00000000d5580000)
  object space 1059328K, 99% used [0x0000000080000000,0x00000000c0a25078,0x00000000c0a80000)
 Metaspace       used 75936K, committed 77632K, reserved 1179648K
  class space    used 8026K, committed 8704K, reserved 1048576K
}
Event: 102.761 GC heap before
{Heap before GC invocations=457 (full 3):
 PSYoungGen      total 4608K, used 4389K [0x00000000d5580000, 0x00000000d5b80000, 0x0000000100000000)
  eden space 3584K, 99% used [0x00000000d5580000,0x00000000d58fcdf8,0x00000000d5900000)
  from space 1024K, 79% used [0x00000000d5900000,0x00000000d59cc930,0x00000000d5a00000)
  to   space 1024K, 0% used [0x00000000d5a80000,0x00000000d5a80000,0x00000000d5b80000)
 ParOldGen       total 1059328K, used 1058964K [0x0000000080000000, 0x00000000c0a80000, 0x00000000d5580000)
  object space 1059328K, 99% used [0x0000000080000000,0x00000000c0a25078,0x00000000c0a80000)
 Metaspace       used 75936K, committed 77632K, reserved 1179648K
  class space    used 8026K, committed 8704K, reserved 1048576K
}
Event: 102.763 GC heap after
{Heap after GC invocations=457 (full 3):
 PSYoungGen      total 4096K, used 320K [0x00000000d5580000, 0x00000000d5b00000, 0x0000000100000000)
  eden space 3584K, 0% used [0x00000000d5580000,0x00000000d5580000,0x00000000d5900000)
  from space 512K, 62% used [0x00000000d5a80000,0x00000000d5ad0000,0x00000000d5b00000)
  to   space 512K, 0% used [0x00000000d5a00000,0x00000000d5a00000,0x00000000d5a80000)
 ParOldGen       total 1059840K, used 1059669K [0x0000000080000000, 0x00000000c0b00000, 0x00000000d5580000)
  object space 1059840K, 99% used [0x0000000080000000,0x00000000c0ad5550,0x00000000c0b00000)
 Metaspace       used 75936K, committed 77632K, reserved 1179648K
  class space    used 8026K, committed 8704K, reserved 1048576K
}
Event: 103.799 GC heap before
{Heap before GC invocations=458 (full 3):
 PSYoungGen      total 4096K, used 3903K [0x00000000d5580000, 0x00000000d5b00000, 0x0000000100000000)
  eden space 3584K, 99% used [0x00000000d5580000,0x00000000d58ffff8,0x00000000d5900000)
  from space 512K, 62% used [0x00000000d5a80000,0x00000000d5ad0000,0x00000000d5b00000)
  to   space 512K, 0% used [0x00000000d5a00000,0x00000000d5a00000,0x00000000d5a80000)
 ParOldGen       total 1059840K, used 1059669K [0x0000000080000000, 0x00000000c0b00000, 0x00000000d5580000)
  object space 1059840K, 99% used [0x0000000080000000,0x00000000c0ad5550,0x00000000c0b00000)
 Metaspace       used 75938K, committed 77696K, reserved 1179648K
  class space    used 8026K, committed 8768K, reserved 1048576K
}
Event: 103.802 GC heap after
{Heap after GC invocations=458 (full 3):
 PSYoungGen      total 4096K, used 483K [0x00000000d5580000, 0x00000000d5b00000, 0x0000000100000000)
  eden space 3584K, 0% used [0x00000000d5580000,0x00000000d5580000,0x00000000d5900000)
  from space 512K, 94% used [0x00000000d5a00000,0x00000000d5a78e78,0x00000000d5a80000)
  to   space 512K, 0% used [0x00000000d5a80000,0x00000000d5a80000,0x00000000d5b00000)
 ParOldGen       total 1060352K, used 1059877K [0x0000000080000000, 0x00000000c0b80000, 0x00000000d5580000)
  object space 1060352K, 99% used [0x0000000080000000,0x00000000c0b09550,0x00000000c0b80000)
 Metaspace       used 75938K, committed 77696K, reserved 1179648K
  class space    used 8026K, committed 8768K, reserved 1048576K
}

Dll operation events (11 events):
Event: 0.016 Loaded shared library c:\Users\singh\.vscode\extensions\redhat.java-1.54.0-win32-x64\jre\21.0.10-win32-x86_64\bin\java.dll
Event: 0.128 Loaded shared library c:\Users\singh\.vscode\extensions\redhat.java-1.54.0-win32-x64\jre\21.0.10-win32-x86_64\bin\zip.dll
Event: 0.158 Loaded shared library C:\Users\singh\.vscode\extensions\redhat.java-1.54.0-win32-x64\jre\21.0.10-win32-x86_64\bin\instrument.dll
Event: 0.169 Loaded shared library C:\Users\singh\.vscode\extensions\redhat.java-1.54.0-win32-x64\jre\21.0.10-win32-x86_64\bin\net.dll
Event: 0.172 Loaded shared library C:\Users\singh\.vscode\extensions\redhat.java-1.54.0-win32-x64\jre\21.0.10-win32-x86_64\bin\nio.dll
Event: 0.178 Loaded shared library C:\Users\singh\.vscode\extensions\redhat.java-1.54.0-win32-x64\jre\21.0.10-win32-x86_64\bin\zip.dll
Event: 0.208 Loaded shared library C:\Users\singh\.vscode\extensions\redhat.java-1.54.0-win32-x64\jre\21.0.10-win32-x86_64\bin\jimage.dll
Event: 0.364 Loaded shared library c:\Users\singh\.vscode\extensions\redhat.java-1.54.0-win32-x64\jre\21.0.10-win32-x86_64\bin\verify.dll
Event: 3.472 Loaded shared library C:\Users\singh\AppData\Roaming\Code\User\globalStorage\redhat.java\1.54.0\config_win\org.eclipse.equinox.launcher\org.eclipse.equinox.launcher.win32.win32.x86_64_1.3.0.v20260203-2149\eclipse_11919.dll
Event: 7.821 Loaded shared library D:\Temp\jna-109441977\jna8739905263803104583.dll
Event: 19.226 Loaded shared library C:\Users\singh\.vscode\extensions\redhat.java-1.54.0-win32-x64\jre\21.0.10-win32-x86_64\bin\sunmscapi.dll

Deoptimization events (20 events):
Event: 98.599 Thread 0x00000179684a9c60 DEOPT PACKING pc=0x0000017955df6354 sp=0x0000006b03dfec50
Event: 98.599 Thread 0x00000179684a9c60 DEOPT UNPACKING pc=0x0000017954dd3aa2 sp=0x0000006b03dfebf8 mode 2
Event: 99.552 Thread 0x00000179684aa980 DEOPT PACKING pc=0x000001794efe084c sp=0x0000006b026fdc60
Event: 99.553 Thread 0x00000179684aa980 DEOPT UNPACKING pc=0x0000017954dd4242 sp=0x0000006b026fd0a0 mode 0
Event: 99.739 Thread 0x00000179684a9c60 Uncommon trap: trap_request=0xffffffd6 fr.pc=0x0000017955e32ec8 relative=0x00000000000010e8
Event: 99.739 Thread 0x00000179684a9c60 Uncommon trap: reason=array_check action=maybe_recompile pc=0x0000017955e32ec8 method=org.eclipse.jdt.internal.compiler.lookup.UnresolvedReferenceBinding.addWrapper(Lorg/eclipse/jdt/internal/compiler/lookup/HotSwappable;Lorg/eclipse/jdt/internal/compiler/
Event: 99.739 Thread 0x00000179684a9c60 DEOPT PACKING pc=0x0000017955e32ec8 sp=0x0000006b03dfdcc0
Event: 99.739 Thread 0x00000179684a9c60 DEOPT UNPACKING pc=0x0000017954dd3aa2 sp=0x0000006b03dfdb60 mode 2
Event: 101.492 Thread 0x00000179639f7f30 Uncommon trap: trap_request=0xffffff45 fr.pc=0x0000017955d1ee5c relative=0x0000000000000f9c
Event: 101.492 Thread 0x00000179639f7f30 Uncommon trap: reason=unstable_if action=reinterpret pc=0x0000017955d1ee5c method=org.eclipse.jdt.internal.compiler.parser.diagnose.DiagnoseParser.misspell(II)I @ 186 c2
Event: 101.492 Thread 0x00000179639f7f30 DEOPT PACKING pc=0x0000017955d1ee5c sp=0x0000006b027fe9c0
Event: 101.492 Thread 0x00000179639f7f30 DEOPT UNPACKING pc=0x0000017954dd3aa2 sp=0x0000006b027fe920 mode 2
Event: 101.531 Thread 0x000001796a3e29a0 Uncommon trap: trap_request=0xffffffbe fr.pc=0x0000017955e05380 relative=0x00000000000013a0
Event: 101.531 Thread 0x000001796a3e29a0 Uncommon trap: reason=profile_predicate action=maybe_recompile pc=0x0000017955e05380 method=java.util.TimSort.reverseRange([Ljava/lang/Object;II)V @ 5 c2
Event: 101.531 Thread 0x000001796a3e29a0 DEOPT PACKING pc=0x0000017955e05380 sp=0x0000006b039fdea0
Event: 101.531 Thread 0x000001796a3e29a0 DEOPT UNPACKING pc=0x0000017954dd3aa2 sp=0x0000006b039fdcd8 mode 2
Event: 102.767 Thread 0x000001796a3e29a0 Uncommon trap: trap_request=0xffffff45 fr.pc=0x0000017955d94094 relative=0x0000000000001434
Event: 102.767 Thread 0x000001796a3e29a0 Uncommon trap: reason=unstable_if action=reinterpret pc=0x0000017955d94094 method=org.eclipse.jdt.internal.compiler.classfmt.FieldInfo.createField([B[IIJ)Lorg/eclipse/jdt/internal/compiler/classfmt/FieldInfo; @ 318 c2
Event: 102.767 Thread 0x000001796a3e29a0 DEOPT PACKING pc=0x0000017955d94094 sp=0x0000006b039fce90
Event: 102.767 Thread 0x000001796a3e29a0 DEOPT UNPACKING pc=0x0000017954dd3aa2 sp=0x0000006b039fce18 mode 2

Classes loaded (20 events):
Event: 20.986 Loading class java/util/stream/ReduceOps$CountingSink done
Event: 20.986 Loading class java/util/stream/ReduceOps$CountingSink$OfRef done
Event: 21.249 Loading class jdk/internal/ref/CleanerImpl$InnocuousThreadFactory
Event: 21.251 Loading class jdk/internal/ref/CleanerImpl$InnocuousThreadFactory done
Event: 21.831 Loading class java/nio/BufferMismatch
Event: 21.831 Loading class java/nio/BufferMismatch done
Event: 21.832 Loading class java/nio/file/attribute/PosixFileAttributes
Event: 21.832 Loading class java/nio/file/attribute/PosixFileAttributes done
Event: 21.885 Loading class java/util/AbstractList$RandomAccessSubList
Event: 21.886 Loading class java/util/AbstractList$RandomAccessSubList done
Event: 21.939 Loading class java/util/ImmutableCollections$SubList
Event: 21.939 Loading class java/util/ImmutableCollections$SubList done
Event: 22.181 Loading class java/lang/invoke/MethodHandleImpl$CountingWrapper$1
Event: 22.181 Loading class java/lang/invoke/MethodHandleImpl$CountingWrapper$1 done
Event: 33.063 Loading class sun/nio/cs/ISO_8859_1$Encoder
Event: 33.064 Loading class sun/nio/cs/ISO_8859_1$Encoder done
Event: 33.064 Loading class sun/nio/cs/Surrogate$Parser
Event: 33.064 Loading class sun/nio/cs/Surrogate$Parser done
Event: 33.064 Loading class sun/nio/cs/Surrogate
Event: 33.064 Loading class sun/nio/cs/Surrogate done

Classes unloaded (7 events):
Event: 8.788 Thread 0x00000179610e4210 Unloading class 0x00000179011a8c00 'java/lang/invoke/LambdaForm$MH+0x00000179011a8c00'
Event: 8.788 Thread 0x00000179610e4210 Unloading class 0x00000179011a8800 'java/lang/invoke/LambdaForm$MH+0x00000179011a8800'
Event: 8.788 Thread 0x00000179610e4210 Unloading class 0x00000179011a8400 'java/lang/invoke/LambdaForm$MH+0x00000179011a8400'
Event: 8.788 Thread 0x00000179610e4210 Unloading class 0x00000179011a8000 'java/lang/invoke/LambdaForm$MH+0x00000179011a8000'
Event: 8.788 Thread 0x00000179610e4210 Unloading class 0x00000179011a7c00 'java/lang/invoke/LambdaForm$BMH+0x00000179011a7c00'
Event: 8.788 Thread 0x00000179610e4210 Unloading class 0x00000179011a7800 'java/lang/invoke/LambdaForm$DMH+0x00000179011a7800'
Event: 8.788 Thread 0x00000179610e4210 Unloading class 0x00000179011a6400 'java/lang/invoke/LambdaForm$DMH+0x00000179011a6400'

Classes redefined (0 events):
No events

Internal exceptions (20 events):
Event: 96.612 Thread 0x000001796a3e29a0 Exception <a 'java/lang/ArrayIndexOutOfBoundsException'{0x00000000d5a289a0}> (0x00000000d5a289a0) 
thrown [s\src\hotspot\share\runtime\sharedRuntime.cpp, line 625]
Event: 96.612 Thread 0x000001796a3e29a0 Exception <a 'java/lang/ArrayIndexOutOfBoundsException'{0x00000000d5a28fc0}> (0x00000000d5a28fc0) 
thrown [s\src\hotspot\share\runtime\sharedRuntime.cpp, line 625]
Event: 96.612 Thread 0x000001796a3e29a0 Exception <a 'java/lang/ArrayIndexOutOfBoundsException'{0x00000000d5a29330}> (0x00000000d5a29330) 
thrown [s\src\hotspot\share\runtime\sharedRuntime.cpp, line 625]
Event: 96.638 Thread 0x000001796a3e29a0 Exception <a 'java/lang/ArrayIndexOutOfBoundsException'{0x00000000d58d3440}> (0x00000000d58d3440) 
thrown [s\src\hotspot\share\runtime\sharedRuntime.cpp, line 625]
Event: 96.638 Thread 0x000001796a3e29a0 Exception <a 'java/lang/ArrayIndexOutOfBoundsException'{0x00000000d58d3a60}> (0x00000000d58d3a60) 
thrown [s\src\hotspot\share\runtime\sharedRuntime.cpp, line 625]
Event: 96.638 Thread 0x000001796a3e29a0 Exception <a 'java/lang/ArrayIndexOutOfBoundsException'{0x00000000d58d3dd0}> (0x00000000d58d3dd0) 
thrown [s\src\hotspot\share\runtime\sharedRuntime.cpp, line 625]
Event: 96.666 Thread 0x000001796a3e29a0 Exception <a 'java/lang/ArrayIndexOutOfBoundsException'{0x00000000d5703110}> (0x00000000d5703110) 
thrown [s\src\hotspot\share\runtime\sharedRuntime.cpp, line 625]
Event: 96.666 Thread 0x000001796a3e29a0 Exception <a 'java/lang/ArrayIndexOutOfBoundsException'{0x00000000d5703730}> (0x00000000d5703730) 
thrown [s\src\hotspot\share\runtime\sharedRuntime.cpp, line 625]
Event: 96.666 Thread 0x000001796a3e29a0 Exception <a 'java/lang/ArrayIndexOutOfBoundsException'{0x00000000d5703aa0}> (0x00000000d5703aa0) 
thrown [s\src\hotspot\share\runtime\sharedRuntime.cpp, line 625]
Event: 97.616 Thread 0x00000179639fad20 Exception <a 'sun/nio/fs/WindowsException'{0x00000000d5735f18}> (0x00000000d5735f18) 
thrown [s\src\hotspot\share\prims\jni.cpp, line 520]
Event: 97.722 Thread 0x00000179639fad20 Exception <a 'sun/nio/fs/WindowsException'{0x00000000d564dd60}> (0x00000000d564dd60) 
thrown [s\src\hotspot\share\prims\jni.cpp, line 520]
Event: 97.739 Thread 0x000001796a3e29a0 Exception <a 'java/lang/ArrayIndexOutOfBoundsException'{0x00000000d57569d0}> (0x00000000d57569d0) 
thrown [s\src\hotspot\share\runtime\sharedRuntime.cpp, line 625]
Event: 97.739 Thread 0x000001796a3e29a0 Exception <a 'java/lang/ArrayIndexOutOfBoundsException'{0x00000000d5756ff0}> (0x00000000d5756ff0) 
thrown [s\src\hotspot\share\runtime\sharedRuntime.cpp, line 625]
Event: 97.739 Thread 0x000001796a3e29a0 Exception <a 'java/lang/ArrayIndexOutOfBoundsException'{0x00000000d5757360}> (0x00000000d5757360) 
thrown [s\src\hotspot\share\runtime\sharedRuntime.cpp, line 625]
Event: 97.772 Thread 0x00000179639f6b80 Implicit null exception at 0x0000017955db7a9d to 0x0000017955db7d3d
Event: 101.406 Thread 0x00000179639fad20 Exception <a 'sun/nio/fs/WindowsException'{0x00000000d597b528}> (0x00000000d597b528) 
thrown [s\src\hotspot\share\prims\jni.cpp, line 520]
Event: 101.528 Thread 0x000001796a3e29a0 Exception <a 'java/lang/ArrayIndexOutOfBoundsException'{0x00000000d5655388}> (0x00000000d5655388) 
thrown [s\src\hotspot\share\runtime\sharedRuntime.cpp, line 625]
Event: 101.528 Thread 0x000001796a3e29a0 Exception <a 'java/lang/ArrayIndexOutOfBoundsException'{0x00000000d56559a8}> (0x00000000d56559a8) 
thrown [s\src\hotspot\share\runtime\sharedRuntime.cpp, line 625]
Event: 101.528 Thread 0x000001796a3e29a0 Exception <a 'java/lang/ArrayIndexOutOfBoundsException'{0x00000000d5664f58}> (0x00000000d5664f58) 
thrown [s\src\hotspot\share\runtime\sharedRuntime.cpp, line 625]
Event: 101.566 Thread 0x00000179639fad20 Exception <a 'sun/nio/fs/WindowsException'{0x00000000d55b9c88}> (0x00000000d55b9c88) 
thrown [s\src\hotspot\share\prims\jni.cpp, line 520]

ZGC Phase Switch (0 events):
No events

VM Operations (20 events):
Event: 102.684 Executing safepoint VM operation: ParallelGCFailedAllocation (Allocation Failure)
Event: 102.688 Executing safepoint VM operation: ParallelGCFailedAllocation (Allocation Failure) done
Event: 102.691 Executing safepoint VM operation: ParallelGCFailedAllocation (Allocation Failure)
Event: 102.693 Executing safepoint VM operation: ParallelGCFailedAllocation (Allocation Failure) done
Event: 102.698 Executing safepoint VM operation: ParallelGCFailedAllocation (Allocation Failure)
Event: 102.701 Executing safepoint VM operation: ParallelGCFailedAllocation (Allocation Failure) done
Event: 102.707 Executing safepoint VM operation: ParallelGCFailedAllocation (Allocation Failure)
Event: 102.709 Executing safepoint VM operation: ParallelGCFailedAllocation (Allocation Failure) done
Event: 102.712 Executing safepoint VM operation: ParallelGCFailedAllocation (Allocation Failure)
Event: 102.714 Executing safepoint VM operation: ParallelGCFailedAllocation (Allocation Failure) done
Event: 102.719 Executing safepoint VM operation: ParallelGCFailedAllocation (Allocation Failure)
Event: 102.721 Executing safepoint VM operation: ParallelGCFailedAllocation (Allocation Failure) done
Event: 102.735 Executing safepoint VM operation: ParallelGCFailedAllocation (Allocation Failure)
Event: 102.736 Executing safepoint VM operation: ParallelGCFailedAllocation (Allocation Failure) done
Event: 102.761 Executing safepoint VM operation: ParallelGCFailedAllocation (Allocation Failure)
Event: 102.763 Executing safepoint VM operation: ParallelGCFailedAllocation (Allocation Failure) done
Event: 103.764 Executing safepoint VM operation: Cleanup
Event: 103.798 Executing safepoint VM operation: Cleanup done
Event: 103.799 Executing safepoint VM operation: ParallelGCFailedAllocation (Allocation Failure)
Event: 103.802 Executing safepoint VM operation: ParallelGCFailedAllocation (Allocation Failure) done

Memory protections (0 events):
No events

Nmethod flushes (20 events):
Event: 18.315 Thread 0x00000179610e4210 flushing  nmethod 0x000001794e097f90
Event: 18.315 Thread 0x00000179610e4210 flushing  nmethod 0x000001794e09a090
Event: 18.315 Thread 0x00000179610e4210 flushing  nmethod 0x000001794e09e790
Event: 18.315 Thread 0x00000179610e4210 flushing  nmethod 0x000001794e0b5410
Event: 18.315 Thread 0x00000179610e4210 flushing  nmethod 0x000001794e0b5a10
Event: 18.315 Thread 0x00000179610e4210 flushing  nmethod 0x000001794e0b6290
Event: 18.315 Thread 0x00000179610e4210 flushing  nmethod 0x000001794e0b6990
Event: 18.315 Thread 0x00000179610e4210 flushing  nmethod 0x000001794e0bbb10
Event: 18.315 Thread 0x00000179610e4210 flushing  nmethod 0x000001794e0c3e10
Event: 18.315 Thread 0x00000179610e4210 flushing  nmethod 0x000001794e0dc690
Event: 18.315 Thread 0x00000179610e4210 flushing  nmethod 0x000001794e0fa810
Event: 18.315 Thread 0x00000179610e4210 flushing  nmethod 0x000001794e131c10
Event: 18.315 Thread 0x00000179610e4210 flushing  nmethod 0x000001794e138e90
Event: 18.315 Thread 0x00000179610e4210 flushing  nmethod 0x000001794e144810
Event: 18.315 Thread 0x00000179610e4210 flushing  nmethod 0x000001794e147790
Event: 18.315 Thread 0x00000179610e4210 flushing  nmethod 0x000001794e147f10
Event: 18.315 Thread 0x00000179610e4210 flushing  nmethod 0x000001794e148290
Event: 18.315 Thread 0x00000179610e4210 flushing  nmethod 0x000001794e148610
Event: 18.315 Thread 0x00000179610e4210 flushing  nmethod 0x000001794e148b90
Event: 18.315 Thread 0x00000179610e4210 flushing  nmethod 0x000001794e149310

Events (20 events):
Event: 49.107 Thread 0x0000017968508de0 Thread exited: 0x0000017968508de0
Event: 49.107 Thread 0x000001796b187de0 Thread exited: 0x000001796b187de0
Event: 51.086 Thread 0x00000179639f8c50 Thread added: 0x00000179684ad770
Event: 53.177 Thread 0x00000179624a6040 Thread added: 0x0000017969632000
Event: 53.342 Thread 0x0000017969632000 Thread exited: 0x0000017969632000
Event: 80.531 Thread 0x00000179684afed0 Thread exited: 0x00000179684afed0
Event: 82.064 Thread 0x000001796c38d6c0 Thread exited: 0x000001796c38d6c0
Event: 84.860 Thread 0x00000179610fdd70 Thread added: 0x0000017963567ca0
Event: 84.866 Thread 0x00000179624a6040 Thread added: 0x000001796b6f4cd0
Event: 85.067 Thread 0x000001796b6f4cd0 Thread exited: 0x000001796b6f4cd0
Event: 85.069 Thread 0x0000017963567ca0 Thread exited: 0x0000017963567ca0
Event: 85.479 Thread 0x00000179624a6040 Thread added: 0x000001796bc3e960
Event: 85.993 Thread 0x000001796bc3e960 Thread exited: 0x000001796bc3e960
Event: 88.966 Thread 0x00000179610fdd70 Thread added: 0x000001796bc3e960
Event: 89.143 Thread 0x000001796bc3e960 Thread exited: 0x000001796bc3e960
Event: 95.455 Thread 0x00000179624a6040 Thread added: 0x000001796aa8ce50
Event: 95.527 Thread 0x00000179624a6040 Thread added: 0x000001796aa8dbf0
Event: 96.836 Thread 0x000001796aa8dbf0 Thread exited: 0x000001796aa8dbf0
Event: 96.836 Thread 0x000001796aa8ce50 Thread exited: 0x000001796aa8ce50
Event: 102.697 Thread 0x00000179624a6040 Thread added: 0x000001796aa8ac40


Dynamic libraries:
0x00007ff7f9f40000 - 0x00007ff7f9f4e000 	c:\Users\singh\.vscode\extensions\redhat.java-1.54.0-win32-x64\jre\21.0.10-win32-x86_64\bin\java.exe
0x00007ffad91c0000 - 0x00007ffad9427000 	C:\WINDOWS\SYSTEM32\ntdll.dll
0x00007ffad8a00000 - 0x00007ffad8ac9000 	C:\WINDOWS\System32\KERNEL32.DLL
0x00007ffad69c0000 - 0x00007ffad6db7000 	C:\WINDOWS\System32\KERNELBASE.dll
0x00007ffad2f40000 - 0x00007ffad2fe0000 	C:\WINDOWS\SYSTEM32\apphelp.dll
0x00007ffad6dc0000 - 0x00007ffad6f0b000 	C:\WINDOWS\System32\ucrtbase.dll
0x00007ffad0e80000 - 0x00007ffad0e98000 	c:\Users\singh\.vscode\extensions\redhat.java-1.54.0-win32-x64\jre\21.0.10-win32-x86_64\bin\jli.dll
0x00007ffad7000000 - 0x00007ffad71c6000 	C:\WINDOWS\System32\USER32.dll
0x00007ffad6f10000 - 0x00007ffad6f37000 	C:\WINDOWS\System32\win32u.dll
0x00007ffad8d80000 - 0x00007ffad8dab000 	C:\WINDOWS\System32\GDI32.dll
0x00007ffad6800000 - 0x00007ffad692c000 	C:\WINDOWS\System32\gdi32full.dll
0x00007ffad5d60000 - 0x00007ffad5e03000 	C:\WINDOWS\System32\msvcp_win.dll
0x00007ffa8aa20000 - 0x00007ffa8aa3e000 	c:\Users\singh\.vscode\extensions\redhat.java-1.54.0-win32-x64\jre\21.0.10-win32-x86_64\bin\VCRUNTIME140.dll
0x00007ffab14e0000 - 0x00007ffab1772000 	C:\WINDOWS\WinSxS\amd64_microsoft.windows.common-controls_6595b64144ccf1df_6.0.26100.8457_none_3e0b2faee331e92d\COMCTL32.dll
0x00007ffad81d0000 - 0x00007ffad8279000 	C:\WINDOWS\System32\msvcrt.dll
0x00007ffad87b0000 - 0x00007ffad87e2000 	C:\WINDOWS\System32\IMM32.DLL
0x00007ffa9bcf0000 - 0x00007ffa9bcfc000 	c:\Users\singh\.vscode\extensions\redhat.java-1.54.0-win32-x64\jre\21.0.10-win32-x86_64\bin\vcruntime140_1.dll
0x00007ffa391c0000 - 0x00007ffa3924d000 	c:\Users\singh\.vscode\extensions\redhat.java-1.54.0-win32-x64\jre\21.0.10-win32-x86_64\bin\msvcp140.dll
0x00007ff9b8c90000 - 0x00007ff9b9a31000 	c:\Users\singh\.vscode\extensions\redhat.java-1.54.0-win32-x64\jre\21.0.10-win32-x86_64\bin\server\jvm.dll
0x00007ffad8c30000 - 0x00007ffad8ce6000 	C:\WINDOWS\System32\ADVAPI32.dll
0x00007ffad8f10000 - 0x00007ffad8fb7000 	C:\WINDOWS\System32\sechost.dll
0x00007ffad9060000 - 0x00007ffad9178000 	C:\WINDOWS\System32\RPCRT4.dll
0x00007ffad8b50000 - 0x00007ffad8bd0000 	C:\WINDOWS\System32\WS2_32.dll
0x00007ffad5a50000 - 0x00007ffad5aae000 	C:\WINDOWS\SYSTEM32\POWRPROF.dll
0x00007ffac1ca0000 - 0x00007ffac1cab000 	C:\WINDOWS\SYSTEM32\VERSION.dll
0x00007ffad0980000 - 0x00007ffad09b6000 	C:\WINDOWS\SYSTEM32\WINMM.dll
0x00007ffad5a30000 - 0x00007ffad5a44000 	C:\WINDOWS\SYSTEM32\UMPDC.dll
0x00007ffad48e0000 - 0x00007ffad48fb000 	C:\WINDOWS\SYSTEM32\kernel.appcore.dll
0x00007ffa98f20000 - 0x00007ffa98f2a000 	c:\Users\singh\.vscode\extensions\redhat.java-1.54.0-win32-x64\jre\21.0.10-win32-x86_64\bin\jimage.dll
0x00007ffad39d0000 - 0x00007ffad3c12000 	C:\WINDOWS\SYSTEM32\DBGHELP.DLL
0x00007ffad71d0000 - 0x00007ffad7553000 	C:\WINDOWS\System32\combase.dll
0x00007ffad8920000 - 0x00007ffad89f9000 	C:\WINDOWS\System32\OLEAUT32.dll
0x00007ffaac840000 - 0x00007ffaac87b000 	C:\WINDOWS\SYSTEM32\dbgcore.DLL
0x00007ffad5bf0000 - 0x00007ffad5c98000 	C:\WINDOWS\System32\bcryptPrimitives.dll
0x00007ffa8c300000 - 0x00007ffa8c30f000 	c:\Users\singh\.vscode\extensions\redhat.java-1.54.0-win32-x64\jre\21.0.10-win32-x86_64\bin\instrument.dll
0x00007ffa79760000 - 0x00007ffa79780000 	c:\Users\singh\.vscode\extensions\redhat.java-1.54.0-win32-x64\jre\21.0.10-win32-x86_64\bin\java.dll
0x00007ffad79f0000 - 0x00007ffad815e000 	C:\WINDOWS\System32\SHELL32.dll
0x00007ffad5e10000 - 0x00007ffad667c000 	C:\WINDOWS\System32\windows.storage.dll
0x00007ffad87f0000 - 0x00007ffad88e6000 	C:\WINDOWS\System32\SHCORE.dll
0x00007ffad8fd0000 - 0x00007ffad9036000 	C:\WINDOWS\System32\shlwapi.dll
0x00007ffad5b10000 - 0x00007ffad5b39000 	C:\WINDOWS\SYSTEM32\profapi.dll
0x00007ffa71a50000 - 0x00007ffa71a68000 	c:\Users\singh\.vscode\extensions\redhat.java-1.54.0-win32-x64\jre\21.0.10-win32-x86_64\bin\zip.dll
0x00007ffa84000000 - 0x00007ffa84010000 	C:\Users\singh\.vscode\extensions\redhat.java-1.54.0-win32-x64\jre\21.0.10-win32-x86_64\bin\net.dll
0x00007ffad0140000 - 0x00007ffad0269000 	C:\WINDOWS\SYSTEM32\WINHTTP.dll
0x00007ffad4ef0000 - 0x00007ffad4f5c000 	C:\WINDOWS\system32\mswsock.dll
0x00007ffa6e190000 - 0x00007ffa6e1a6000 	C:\Users\singh\.vscode\extensions\redhat.java-1.54.0-win32-x64\jre\21.0.10-win32-x86_64\bin\nio.dll
0x00007ffa79750000 - 0x00007ffa79760000 	c:\Users\singh\.vscode\extensions\redhat.java-1.54.0-win32-x64\jre\21.0.10-win32-x86_64\bin\verify.dll
0x00007ffa8bd50000 - 0x00007ffa8bd95000 	C:\Users\singh\AppData\Roaming\Code\User\globalStorage\redhat.java\1.54.0\config_win\org.eclipse.equinox.launcher\org.eclipse.equinox.launcher.win32.win32.x86_64_1.3.0.v20260203-2149\eclipse_11919.dll
0x00007ffad85e0000 - 0x00007ffad8777000 	C:\WINDOWS\System32\ole32.dll
0x00007ffad51d0000 - 0x00007ffad51eb000 	C:\WINDOWS\SYSTEM32\CRYPTSP.dll
0x00007ffad4900000 - 0x00007ffad4939000 	C:\WINDOWS\system32\rsaenh.dll
0x00007ffad4fa0000 - 0x00007ffad4fd3000 	C:\WINDOWS\SYSTEM32\USERENV.dll
0x00007ffad5ae0000 - 0x00007ffad5b0a000 	C:\WINDOWS\SYSTEM32\bcrypt.dll
0x00007ffad51f0000 - 0x00007ffad51fc000 	C:\WINDOWS\SYSTEM32\CRYPTBASE.dll
0x00007ffad43a0000 - 0x00007ffad43d2000 	C:\WINDOWS\SYSTEM32\IPHLPAPI.DLL
0x00007ffad8780000 - 0x00007ffad878a000 	C:\WINDOWS\System32\NSI.dll
0x00007ffa533a0000 - 0x00007ffa533e9000 	D:\Temp\jna-109441977\jna8739905263803104583.dll
0x00007ffad9040000 - 0x00007ffad9048000 	C:\WINDOWS\System32\PSAPI.DLL
0x00007ffad0320000 - 0x00007ffad033d000 	C:\WINDOWS\SYSTEM32\dhcpcsvc6.DLL
0x00007ffad02f0000 - 0x00007ffad0315000 	C:\WINDOWS\SYSTEM32\dhcpcsvc.DLL
0x00007ffad0e50000 - 0x00007ffad0e5e000 	C:\Users\singh\.vscode\extensions\redhat.java-1.54.0-win32-x64\jre\21.0.10-win32-x86_64\bin\sunmscapi.dll
0x00007ffad6680000 - 0x00007ffad67f8000 	C:\WINDOWS\System32\CRYPT32.dll
0x00007ffad53f0000 - 0x00007ffad5420000 	C:\WINDOWS\SYSTEM32\ncrypt.dll
0x00007ffad53a0000 - 0x00007ffad53df000 	C:\WINDOWS\SYSTEM32\NTASN1.dll

JVMTI agents:
c:\Users\singh\.vscode\extensions\redhat.java-1.54.0-win32-x64\lombok\lombok-1.18.39-4050.jar path:c:\Users\singh\.vscode\extensions\redhat.java-1.54.0-win32-x64\jre\21.0.10-win32-x86_64\bin\instrument.dll, loaded, initialized, instrumentlib options:none

dbghelp: loaded successfully - version: 4.0.5 - missing functions: none
symbol engine: initialized successfully - sym options: 0x614 - pdb path: .;c:\Users\singh\.vscode\extensions\redhat.java-1.54.0-win32-x64\jre\21.0.10-win32-x86_64\bin;C:\WINDOWS\SYSTEM32;C:\WINDOWS\WinSxS\amd64_microsoft.windows.common-controls_6595b64144ccf1df_6.0.26100.8457_none_3e0b2faee331e92d;c:\Users\singh\.vscode\extensions\redhat.java-1.54.0-win32-x64\jre\21.0.10-win32-x86_64\bin\server;C:\Users\singh\AppData\Roaming\Code\User\globalStorage\redhat.java\1.54.0\config_win\org.eclipse.equinox.launcher\org.eclipse.equinox.launcher.win32.win32.x86_64_1.3.0.v20260203-2149;D:\Temp\jna-109441977

VM Arguments:
jvm_args: --add-modules=ALL-SYSTEM --add-opens=java.base/java.util=ALL-UNNAMED --add-opens=java.base/java.lang=ALL-UNNAMED --add-opens=java.base/sun.nio.fs=ALL-UNNAMED -Declipse.application=org.eclipse.jdt.ls.core.id1 -Dosgi.bundles.defaultStartLevel=4 -Declipse.product=org.eclipse.jdt.ls.core.product -Djava.import.generatesMetadataFilesAtProjectRoot=false -DDetectVMInstallationsJob.disabled=true -Dfile.encoding=utf8 -XX:+UseParallelGC -XX:GCTimeRatio=4 -XX:AdaptiveSizePolicyWeight=90 -Dsun.zip.disableMemoryMapping=true -Xmx2G -Xms100m -Xlog:disable -javaagent:c:\Users\singh\.vscode\extensions\redhat.java-1.54.0-win32-x64\lombok\lombok-1.18.39-4050.jar -XX:+HeapDumpOnOutOfMemoryError -XX:HeapDumpPath=c:\Users\singh\AppData\Roaming\Code\User\workspaceStorage\404dc8cd7f8cac0b2001f1f3d6f6cd5e\redhat.java -Daether.dependencyCollector.impl=bf 
java_command: c:\Users\singh\.vscode\extensions\redhat.java-1.54.0-win32-x64\server\plugins\org.eclipse.equinox.launcher_1.7.100.v20251111-0406.jar -configuration c:\Users\singh\AppData\Roaming\Code\User\globalStorage\redhat.java\1.54.0\config_win -data c:\Users\singh\AppData\Roaming\Code\User\workspaceStorage\404dc8cd7f8cac0b2001f1f3d6f6cd5e\redhat.java\jdt_ws --pipe=\\.\pipe\lsp-36b0414214d64f08beea036149bdf364-sock
java_class_path (initial): c:\Users\singh\.vscode\extensions\redhat.java-1.54.0-win32-x64\server\plugins\org.eclipse.equinox.launcher_1.7.100.v20251111-0406.jar
Launcher Type: SUN_STANDARD

[Global flags]
    uintx AdaptiveSizePolicyWeight                 = 90                                        {product} {command line}
     intx CICompilerCount                          = 4                                         {product} {ergonomic}
    uintx GCTimeRatio                              = 4                                         {product} {command line}
     bool HeapDumpOnOutOfMemoryError               = true                                   {manageable} {command line}
    ccstr HeapDumpPath                             = c:\Users\singh\AppData\Roaming\Code\User\workspaceStorage\404dc8cd7f8cac0b2001f1f3d6f6cd5e\redhat.java         {manageable} {command line}
   size_t InitialHeapSize                          = 104857600                                 {product} {command line}
   size_t MaxHeapSize                              = 2147483648                                {product} {command line}
   size_t MaxNewSize                               = 715653120                                 {product} {ergonomic}
   size_t MinHeapDeltaBytes                        = 524288                                    {product} {ergonomic}
   size_t MinHeapSize                              = 104857600                                 {product} {command line}
   size_t NewSize                                  = 34603008                                  {product} {ergonomic}
    uintx NonNMethodCodeHeapSize                   = 5839372                                {pd product} {ergonomic}
    uintx NonProfiledCodeHeapSize                  = 122909434                              {pd product} {ergonomic}
   size_t OldSize                                  = 70254592                                  {product} {ergonomic}
    uintx ProfiledCodeHeapSize                     = 122909434                              {pd product} {ergonomic}
    uintx ReservedCodeCacheSize                    = 251658240                              {pd product} {ergonomic}
     bool SegmentedCodeCache                       = true                                      {product} {ergonomic}
   size_t SoftMaxHeapSize                          = 2147483648                             {manageable} {ergonomic}
     bool UseCompressedOops                        = true                           {product lp64_product} {ergonomic}
     bool UseLargePagesIndividualAllocation        = false                                  {pd product} {ergonomic}
     bool UseParallelGC                            = true                                      {product} {command line}

Logging:
Log output configuration:
 #0: stdout all=off uptime,level,tags foldmultilines=false
 #1: stderr all=off uptime,level,tags foldmultilines=false

Release file:
JAVA_VERSION="21.0.10" 
MODULES="java.base java.compiler java.datatransfer java.xml java.prefs java.desktop java.instrument java.logging java.management java.security.sasl java.naming java.rmi java.management.rmi java.net.http java.scripting java.security.jgss java.transaction.xa java.sql java.sql.rowset java.xml.crypto java.se java.smartcardio jdk.accessibility jdk.internal.jvmstat jdk.attach jdk.charsets jdk.internal.opt jdk.zipfs jdk.compiler jdk.crypto.ec jdk.crypto.cryptoki jdk.crypto.mscapi jdk.dynalink jdk.internal.ed jdk.editpad jdk.hotspot.agent jdk.httpserver jdk.internal.le jdk.internal.vm.ci jdk.internal.vm.compiler jdk.internal.vm.compiler.management jdk.jartool jdk.javadoc jdk.jcmd jdk.management jdk.management.agent jdk.jconsole jdk.jdeps jdk.jdwp.agent jdk.jdi jdk.jfr jdk.jshell jdk.jsobject jdk.jstatd jdk.localedata jdk.management.jfr jdk.naming.dns jdk.naming.rmi jdk.net jdk.nio.mapmode jdk.random jdk.sctp jdk.security.auth jdk.security.jgss jdk.unsupported jdk.unsupported.desktop jdk.xml.dom" 

Environment Variables:
JAVA_HOME=C:\Users\singh\AppData\Local\Programs\Eclipse Adoptium\jdk-17.0.11.9-hotspot\
PATH=D:\SQL\dbhomeXE\bin;C:\Program Files\Python310\Scripts\;C:\Program Files\Python310\;C:\Program Files\Microsoft\jdk-17.0.13.11-hotspot\bin;C:\Program Files\Eclipse Adoptium\jdk-21.0.3.9-hotspot\bin;C:\WINDOWS\system32;C:\WINDOWS;C:\WINDOWS\System32\Wbem;C:\WINDOWS\System32\WindowsPowerShell\v1.0\;C:\WINDOWS\System32\OpenSSH\;C:\MinGW\bin;C:\Program Files\Microsoft SQL Server\Client SDK\ODBC\170\Tools\Binn\;C:\Program Files (x86)\Microsoft SQL Server\150\Tools\Binn\;C:\Program Files\Microsoft SQL Server\150\Tools\Binn\;C:\Program Files\Microsoft SQL Server\150\DTS\Binn\;C:\Program Files (x86)\Windows Kits\8.1\Windows Performance Toolkit\;C:\Program Files\dotnet\;C:\Program Files\Git\cmd;C:\ProgramData\chocolatey\bin;C:\Program Files\nodejs\;C:\Program Files\Maven\apache-maven-3.9.15\bin;;C:\Program Files\Docker\Docker\resources\bin;C:\Program Files\MySQL\MySQL Shell 8.0\bin\;C:\Users\singh\AppData\Local\Programs\Python\Python313\Scripts\;C:\Users\singh\AppData\Local\Programs\Python\Python313\;C:\Users\singh\AppData\Local\Programs\Python\Launcher\;C:\Users\singh\AppData\Local\Programs\Eclipse Adoptium\jdk-17.0.11.9-hotspot\bin;C:\Users\singh\AppData\Local\Microsoft\WindowsApps;C:\Users\singh\AppData\Local\Programs\Microsoft VS Code\bin;C:\Users\singh\AppData\Roaming\npm;D:\Antigravity\Antigravity\bin
USERNAME=singh
OS=Windows_NT
PROCESSOR_IDENTIFIER=Intel64 Family 6 Model 186 Stepping 3, GenuineIntel
TMP=D:\Temp
TEMP=D:\Temp\Temp




Periodic native trim disabled

---------------  S Y S T E M  ---------------

OS:
 Windows 11 , 64 bit Build 26100 (10.0.26100.8328)
OS uptime: 0 days 0:19 hours
Hyper-V role detected

CPU: total 12 (initial active 12) (6 cores per cpu, 2 threads per core) family 6 model 186 stepping 3 microcode 0x4128, cx8, cmov, fxsr, ht, mmx, 3dnowpref, sse, sse2, sse3, ssse3, sse4.1, sse4.2, popcnt, lzcnt, tsc, tscinvbit, avx, avx2, aes, erms, clmul, bmi1, bmi2, adx, sha, fma, vzeroupper, clflush, clflushopt, clwb, hv, serialize, rdtscp, rdpid, fsrm, f16c, cet_ibt, cet_ss
Processor Information for processor 0
  Max Mhz: 1700, Current Mhz: 1700, Mhz Limit: 1700
Processor Information for processor 1
  Max Mhz: 1700, Current Mhz: 1700, Mhz Limit: 1700
Processor Information for processor 2
  Max Mhz: 1700, Current Mhz: 1700, Mhz Limit: 1700
Processor Information for processor 3
  Max Mhz: 1700, Current Mhz: 1700, Mhz Limit: 1700
Processor Information for processor 4
  Max Mhz: 1700, Current Mhz: 1200, Mhz Limit: 1190
Processor Information for processor 5
  Max Mhz: 1700, Current Mhz: 1200, Mhz Limit: 1190
Processor Information for processor 6
  Max Mhz: 1700, Current Mhz: 1200, Mhz Limit: 1190
Processor Information for processor 7
  Max Mhz: 1700, Current Mhz: 1200, Mhz Limit: 1190
Processor Information for processor 8
  Max Mhz: 1700, Current Mhz: 1200, Mhz Limit: 1190
Processor Information for processor 9
  Max Mhz: 1700, Current Mhz: 1200, Mhz Limit: 1190
Processor Information for processor 10
  Max Mhz: 1700, Current Mhz: 1200, Mhz Limit: 1190
Processor Information for processor 11
  Max Mhz: 1700, Current Mhz: 1200, Mhz Limit: 1190

Memory: 4k page, system-wide physical 16095M (1701M free)
TotalPageFile size 20191M (AvailPageFile size 5M)
current process WorkingSet (physical memory assigned to process): 1318M, peak: 1318M
current process commit charge ("private bytes"): 1379M, peak: 1381M

vm_info: OpenJDK 64-Bit Server VM (21.0.10+7-LTS) for windows-amd64 JRE (21.0.10+7-LTS), built on 2026-01-20T00:00:00Z by "admin" with MS VC++ 17.12 (VS2022)

END.
