#
# There is insufficient memory for the Java Runtime Environment to continue.
# Native memory allocation (malloc) failed to allocate 1134896 bytes. Error detail: Chunk::new
# Possible reasons:
#   The system is out of physical RAM or swap space
#   This process is running with CompressedOops enabled, and the Java Heap may be blocking the growth of the native heap
# Possible solutions:
#   Reduce memory load on the system
#   Increase physical memory or swap space
#   Check if swap backing store is full
#   Decrease Java heap size (-Xmx/-Xms)
#   Decrease number of Java threads
#   Decrease Java thread stack sizes (-Xss)
#   Set larger code cache with -XX:ReservedCodeCacheSize=
#   JVM is running with Unscaled Compressed Oops mode in which the Java heap is
#     placed in the first 4GB address space. The Java Heap base address is the
#     maximum limit for the native heap growth. Please use -XX:HeapBaseMinAddress
#     to set the Java Heap base and to place the Java Heap above 4GB virtual address.
# This output file may be truncated or incomplete.
#
#  Out of Memory Error (arena.cpp:168), pid=11656, tid=13068
#
# JRE version: OpenJDK Runtime Environment Temurin-21.0.10+7 (21.0.10+7) (build 21.0.10+7-LTS)
# Java VM: OpenJDK 64-Bit Server VM Temurin-21.0.10+7 (21.0.10+7-LTS, mixed mode, sharing, tiered, compressed oops, compressed class ptrs, parallel gc, windows-amd64)
# No core dump will be written. Minidumps are not enabled by default on client versions of Windows
#

---------------  S U M M A R Y ------------

Command Line: --add-modules=ALL-SYSTEM --add-opens=java.base/java.util=ALL-UNNAMED --add-opens=java.base/java.lang=ALL-UNNAMED --add-opens=java.base/sun.nio.fs=ALL-UNNAMED -Declipse.application=org.eclipse.jdt.ls.core.id1 -Dosgi.bundles.defaultStartLevel=4 -Declipse.product=org.eclipse.jdt.ls.core.product -Djava.import.generatesMetadataFilesAtProjectRoot=false -DDetectVMInstallationsJob.disabled=true -Dfile.encoding=utf8 -XX:+UseParallelGC -XX:GCTimeRatio=4 -XX:AdaptiveSizePolicyWeight=90 -Dsun.zip.disableMemoryMapping=true -Xmx2G -Xms100m -Xlog:disable -javaagent:c:\Users\singh\.vscode\extensions\redhat.java-1.54.0-win32-x64\lombok\lombok-1.18.39-4050.jar c:\Users\singh\.vscode\extensions\redhat.java-1.54.0-win32-x64\server\plugins\org.eclipse.equinox.launcher_1.7.100.v20251111-0406.jar -configuration c:\Users\singh\AppData\Roaming\Code\User\globalStorage\redhat.java\1.54.0\config_ss_win -data c:\Users\singh\AppData\Roaming\Code\User\workspaceStorage\404dc8cd7f8cac0b2001f1f3d6f6cd5e\redhat.java\ss_ws --pipe=\\.\pipe\lsp-7b51b60eed8ea1196767eb792e82bc4e-sock

Host: 13th Gen Intel(R) Core(TM) i7-1355U, 12 cores, 15G,  Windows 11 , 64 bit Build 26100 (10.0.26100.8328)
Time: Mon Jun  1 17:21:57 2026 India Standard Time elapsed time: 7.279287 seconds (0d 0h 0m 7s)

---------------  T H R E A D  ---------------

Current thread (0x0000025ee87fa500):  JavaThread "C2 CompilerThread1" daemon [_thread_in_native, id=13068, stack(0x000000cc2b700000,0x000000cc2b800000) (1024K)]


Current CompileTask:
C2:7279 2741       4       org.lombokweb.asm.ClassReader::readMethod (1070 bytes)

Stack: [0x000000cc2b700000,0x000000cc2b800000]
Native frames: (J=compiled Java code, j=interpreted, Vv=VM code, C=native code)
V  [jvm.dll+0x6d7a39]
V  [jvm.dll+0x8b4b26]
V  [jvm.dll+0x8b70de]
V  [jvm.dll+0x8b77c3]
V  [jvm.dll+0x284346]
V  [jvm.dll+0xc66ed]
V  [jvm.dll+0xc6c31]
V  [jvm.dll+0x3bec01]
V  [jvm.dll+0x38b162]
V  [jvm.dll+0x38a5aa]
V  [jvm.dll+0x24c560]
V  [jvm.dll+0x24bb40]
V  [jvm.dll+0x1cb34e]
V  [jvm.dll+0x25b85d]
V  [jvm.dll+0x259dea]
V  [jvm.dll+0x3f857e]
V  [jvm.dll+0x85f59d]
V  [jvm.dll+0x6d626d]
C  [ucrtbase.dll+0x37b0]
C  [KERNEL32.DLL+0x2e957]
C  [ntdll.dll+0x427c]


---------------  P R O C E S S  ---------------

Threads class SMR info:
_java_thread_list=0x0000025ee9d0bb50, length=20, elements={
0x0000025e8d8bba00, 0x0000025ea626b3e0, 0x0000025ea626e530, 0x0000025ea6273cb0,
0x0000025ea6274ac0, 0x0000025ea6275520, 0x0000025ea6275f80, 0x0000025ea627ade0,
0x0000025ee87c81c0, 0x0000025ee89e5ee0, 0x0000025ee8ac97c0, 0x0000025ee9ae0e40,
0x0000025eee0f7850, 0x0000025eee0f7ec0, 0x0000025ee9dd5c10, 0x0000025eee40b060,
0x0000025eee2dfbb0, 0x0000025ee8998fc0, 0x0000025ee9d166f0, 0x0000025ee87fa500
}

Java Threads: ( => current thread )
  0x0000025e8d8bba00 JavaThread "main"                              [_thread_blocked, id=7376, stack(0x000000cc29800000,0x000000cc29900000) (1024K)]
  0x0000025ea626b3e0 JavaThread "Reference Handler"          daemon [_thread_blocked, id=1800, stack(0x000000cc29c00000,0x000000cc29d00000) (1024K)]
  0x0000025ea626e530 JavaThread "Finalizer"                  daemon [_thread_blocked, id=21328, stack(0x000000cc29d00000,0x000000cc29e00000) (1024K)]
  0x0000025ea6273cb0 JavaThread "Signal Dispatcher"          daemon [_thread_blocked, id=27360, stack(0x000000cc29e00000,0x000000cc29f00000) (1024K)]
  0x0000025ea6274ac0 JavaThread "Attach Listener"            daemon [_thread_blocked, id=19956, stack(0x000000cc29f00000,0x000000cc2a000000) (1024K)]
  0x0000025ea6275520 JavaThread "Service Thread"             daemon [_thread_blocked, id=20208, stack(0x000000cc2a000000,0x000000cc2a100000) (1024K)]
  0x0000025ea6275f80 JavaThread "Monitor Deflation Thread"   daemon [_thread_blocked, id=21836, stack(0x000000cc2a100000,0x000000cc2a200000) (1024K)]
  0x0000025ea627ade0 JavaThread "C2 CompilerThread0"         daemon [_thread_blocked, id=24540, stack(0x000000cc2a200000,0x000000cc2a300000) (1024K)]
  0x0000025ee87c81c0 JavaThread "C1 CompilerThread0"         daemon [_thread_blocked, id=24036, stack(0x000000cc2a300000,0x000000cc2a400000) (1024K)]
  0x0000025ee89e5ee0 JavaThread "Common-Cleaner"             daemon [_thread_blocked, id=19944, stack(0x000000cc2a500000,0x000000cc2a600000) (1024K)]
  0x0000025ee8ac97c0 JavaThread "Notification Thread"        daemon [_thread_blocked, id=23992, stack(0x000000cc2a600000,0x000000cc2a700000) (1024K)]
  0x0000025ee9ae0e40 JavaThread "Active Thread: Equinox Container: 16726a33-8b8a-4fed-95e8-5473dea31080"        [_thread_blocked, id=24988, stack(0x000000cc2ae00000,0x000000cc2af00000) (1024K)]
  0x0000025eee0f7850 JavaThread "Framework Event Dispatcher: Equinox Container: 16726a33-8b8a-4fed-95e8-5473dea31080" daemon [_thread_blocked, id=23356, stack(0x000000cc2af00000,0x000000cc2b000000) (1024K)]
  0x0000025eee0f7ec0 JavaThread "Start Level: Equinox Container: 16726a33-8b8a-4fed-95e8-5473dea31080" daemon [_thread_in_Java, id=10400, stack(0x000000cc2b000000,0x000000cc2b100000) (1024K)]
  0x0000025ee9dd5c10 JavaThread "SCR Component Actor"        daemon [_thread_blocked, id=19972, stack(0x000000cc2ac00000,0x000000cc2ad00000) (1024K)]
  0x0000025eee40b060 JavaThread "Worker-JM"                         [_thread_blocked, id=19904, stack(0x000000cc2b300000,0x000000cc2b400000) (1024K)]
  0x0000025eee2dfbb0 JavaThread "JNA Cleaner"                daemon [_thread_blocked, id=15532, stack(0x000000cc2ad00000,0x000000cc2ae00000) (1024K)]
  0x0000025ee8998fc0 JavaThread "Worker-0"                          [_thread_blocked, id=19952, stack(0x000000cc2b200000,0x000000cc2b300000) (1024K)]
  0x0000025ee9d166f0 JavaThread "Worker-1"                          [_thread_blocked, id=12700, stack(0x000000cc2b600000,0x000000cc2b700000) (1024K)]
=>0x0000025ee87fa500 JavaThread "C2 CompilerThread1"         daemon [_thread_in_native, id=13068, stack(0x000000cc2b700000,0x000000cc2b800000) (1024K)]
Total: 20

Other Threads:
  0x0000025ea6264210 VMThread "VM Thread"                           [id=5892, stack(0x000000cc29b00000,0x000000cc29c00000) (1024K)]
  0x0000025ea615ca00 WatcherThread "VM Periodic Task Thread"        [id=16660, stack(0x000000cc29a00000,0x000000cc29b00000) (1024K)]
  0x0000025e8d8da2e0 WorkerThread "GC Thread#0"                     [id=11116, stack(0x000000cc29900000,0x000000cc29a00000) (1024K)]
  0x0000025ee8ab95b0 WorkerThread "GC Thread#1"                     [id=4708, stack(0x000000cc2a400000,0x000000cc2a500000) (1024K)]
  0x0000025ee8aba0c0 WorkerThread "GC Thread#2"                     [id=20696, stack(0x000000cc2a700000,0x000000cc2a800000) (1024K)]
  0x0000025ee8aba470 WorkerThread "GC Thread#3"                     [id=12088, stack(0x000000cc2a800000,0x000000cc2a900000) (1024K)]
  0x0000025ee8ab9d10 WorkerThread "GC Thread#4"                     [id=26460, stack(0x000000cc2a900000,0x000000cc2aa00000) (1024K)]
  0x0000025ee8ababd0 WorkerThread "GC Thread#5"                     [id=13464, stack(0x000000cc2aa00000,0x000000cc2ab00000) (1024K)]
  0x0000025ee8abaf80 WorkerThread "GC Thread#6"                     [id=16416, stack(0x000000cc2ab00000,0x000000cc2ac00000) (1024K)]
  0x0000025ee9e46cb0 WorkerThread "GC Thread#7"                     [id=2836, stack(0x000000cc2b100000,0x000000cc2b200000) (1024K)]
  0x0000025ee9e46900 WorkerThread "GC Thread#8"                     [id=16452, stack(0x000000cc2b400000,0x000000cc2b500000) (1024K)]
  0x0000025ee9e46550 WorkerThread "GC Thread#9"                     [id=20688, stack(0x000000cc2b500000,0x000000cc2b600000) (1024K)]
Total: 12

Threads with active compile tasks:
C2 CompilerThread1  7316 2741       4       org.lombokweb.asm.ClassReader::readMethod (1070 bytes)
Total: 1

VM state: not at safepoint (normal execution)

VM Mutex/Monitor currently owned by a thread: None

Heap address: 0x0000000080000000, size: 2048 MB, Compressed Oops mode: 32-bit

CDS archive(s) mapped at: [0x0000025ea7000000-0x0000025ea7ba0000-0x0000025ea7ba0000), size 12189696, SharedBaseAddress: 0x0000025ea7000000, ArchiveRelocationMode: 1.
Compressed class space mapped at: 0x0000025ea8000000-0x0000025ee8000000, reserved size: 1073741824
Narrow klass base: 0x0000025ea7000000, Narrow klass shift: 0, Narrow klass range: 0x100000000

GC Precious Log:
 CardTable entry size: 512
 CPUs: 12 total, 12 available
 Memory: 16095M
 Large Page Support: Disabled
 NUMA Support: Disabled
 Compressed Oops: Enabled (32-bit)
 Alignments: Space 512K, Generation 512K, Heap 2M
 Heap Min Capacity: 100M
 Heap Initial Capacity: 100M
 Heap Max Capacity: 2G
 Pre-touch: Disabled
 Parallel Workers: 10

Heap:
 PSYoungGen      total 29696K, used 16238K [0x00000000d5580000, 0x00000000d7780000, 0x0000000100000000)
  eden space 25088K, 64% used [0x00000000d5580000,0x00000000d655b978,0x00000000d6e00000)
  from space 4608K, 0% used [0x00000000d7300000,0x00000000d7300000,0x00000000d7780000)
  to   space 4608K, 0% used [0x00000000d6e80000,0x00000000d6e80000,0x00000000d7300000)
 ParOldGen       total 68608K, used 8827K [0x0000000080000000, 0x0000000084300000, 0x00000000d5580000)
  object space 68608K, 12% used [0x0000000080000000,0x000000008089eee0,0x0000000084300000)
 Metaspace       used 21982K, committed 22720K, reserved 1114112K
  class space    used 2138K, committed 2432K, reserved 1048576K

Card table byte_map: [0x0000025ea15c0000,0x0000025ea19d0000] _byte_map_base: 0x0000025ea11c0000

Marking Bits: (ParMarkBitMap*) 0x00007ff9b8f53450
 Begin Bits: [0x0000025ea1c80000, 0x0000025ea3c80000)
 End Bits:   [0x0000025ea3c80000, 0x0000025ea5c80000)

Polling page: 0x0000025e8dc90000

Metaspace:

Usage:
  Non-class:     19.38 MB used.
      Class:      2.09 MB used.
       Both:     21.47 MB used.

Virtual space:
  Non-class space:       64.00 MB reserved,      19.81 MB ( 31%) committed,  1 nodes.
      Class space:        1.00 GB reserved,       2.38 MB ( <1%) committed,  1 nodes.
             Both:        1.06 GB reserved,      22.19 MB (  2%) committed. 

Chunk freelists:
   Non-Class:  11.87 MB
       Class:  13.57 MB
        Both:  25.44 MB

MaxMetaspaceSize: unlimited
CompressedClassSpaceSize: 1.00 GB
Initial GC threshold: 21.00 MB
Current GC threshold: 35.00 MB
CDS: on
 - commit_granule_bytes: 65536.
 - commit_granule_words: 8192.
 - virtual_space_node_default_size: 8388608.
 - enlarge_chunks_in_place: 1.
 - use_allocation_guard: 0.


Internal statistics:

num_allocs_failed_limit: 3.
num_arena_births: 502.
num_arena_deaths: 14.
num_vsnodes_births: 2.
num_vsnodes_deaths: 0.
num_space_committed: 355.
num_space_uncommitted: 0.
num_chunks_returned_to_freelist: 17.
num_chunks_taken_from_freelist: 1324.
num_chunk_merges: 9.
num_chunk_splits: 876.
num_chunks_enlarged: 577.
num_inconsistent_stats: 0.

CodeHeap 'non-profiled nmethods': size=120000Kb used=1254Kb max_used=1254Kb free=118745Kb
 bounds [0x0000025e99eb0000, 0x0000025e9a120000, 0x0000025ea13e0000]
CodeHeap 'profiled nmethods': size=120000Kb used=5362Kb max_used=5362Kb free=114638Kb
 bounds [0x0000025e923e0000, 0x0000025e92920000, 0x0000025e99910000]
CodeHeap 'non-nmethods': size=5760Kb used=1319Kb max_used=1338Kb free=4440Kb
 bounds [0x0000025e99910000, 0x0000025e99b80000, 0x0000025e99eb0000]
CodeCache: size=245760Kb, used=7935Kb, max_used=7954Kb, free=237823Kb
 total_blobs=3382, nmethods=2780, adapters=508, full_count=0
Compilation: enabled, stopped_count=0, restarted_count=0

Compilation events (20 events):
Event: 6.246 Thread 0x0000025ee87c81c0 2771       3       org.eclipse.core.internal.preferences.EclipsePreferences::put (43 bytes)
Event: 6.246 Thread 0x0000025ee87c81c0 nmethod 2771 0x0000025e9290c990 code [0x0000025e9290cbe0, 0x0000025e9290d620]
Event: 6.246 Thread 0x0000025ee87c81c0 2770       3       org.eclipse.core.runtime.preferences.IEclipsePreferences$PreferenceChangeEvent::<init> (41 bytes)
Event: 6.247 Thread 0x0000025ee87c81c0 nmethod 2770 0x0000025e9290d990 code [0x0000025e9290db80, 0x0000025e9290e0f0]
Event: 6.247 Thread 0x0000025ee87c81c0 2774   !   3       org.eclipse.core.internal.preferences.EclipsePreferences::getChild (92 bytes)
Event: 6.247 Thread 0x0000025ee87c81c0 nmethod 2774 0x0000025e9290e290 code [0x0000025e9290e4c0, 0x0000025e9290ede0]
Event: 6.247 Thread 0x0000025ee87c81c0 2772       3       org.eclipse.core.internal.preferences.EclipsePreferences::absolutePath (79 bytes)
Event: 6.251 Thread 0x0000025ee87c81c0 nmethod 2772 0x0000025e9290f090 code [0x0000025e9290f740, 0x0000025e92914bc8]
Event: 6.252 Thread 0x0000025ee87c81c0 2773       3       org.eclipse.core.internal.preferences.PreferencesService::getRootNode (4 bytes)
Event: 6.252 Thread 0x0000025ee87c81c0 nmethod 2773 0x0000025e92915f10 code [0x0000025e929160a0, 0x0000025e929161b8]
Event: 6.252 Thread 0x0000025ee87c81c0 2775       3       org.eclipse.core.internal.preferences.RootPreferences::node (7 bytes)
Event: 6.252 Thread 0x0000025ee87c81c0 nmethod 2775 0x0000025e92916290 code [0x0000025e92916440, 0x0000025e92916588]
Event: 6.252 Thread 0x0000025ee87c81c0 2776       3       org.eclipse.core.internal.preferences.RootPreferences::getNode (135 bytes)
Event: 6.254 Thread 0x0000025ee87c81c0 nmethod 2776 0x0000025e92916610 code [0x0000025e92916960, 0x0000025e92917d00]
Event: 6.255 Thread 0x0000025ee87c81c0 2777   !   3       org.eclipse.core.internal.preferences.EclipsePreferences::getOrCreate (108 bytes)
Event: 6.255 Thread 0x0000025ee87c81c0 nmethod 2777 0x0000025e92918410 code [0x0000025e92918660, 0x0000025e92919120]
Event: 6.256 Thread 0x0000025ee87c81c0 2778       3       org.eclipse.core.internal.preferences.PreferencesService::getDefault (20 bytes)
Event: 6.256 Thread 0x0000025ee87c81c0 nmethod 2778 0x0000025e92919510 code [0x0000025e929196c0, 0x0000025e929198b8]
Event: 6.256 Thread 0x0000025ee87c81c0 2779       3       org.eclipse.core.internal.preferences.DefaultPreferences::getScopeRelativePath (43 bytes)
Event: 6.256 Thread 0x0000025ee87c81c0 nmethod 2779 0x0000025e92919990 code [0x0000025e92919ba0, 0x0000025e9291a158]

GC Heap History (14 events):
Event: 1.815 GC heap before
{Heap before GC invocations=1 (full 0):
 PSYoungGen      total 29696K, used 25600K [0x00000000d5580000, 0x00000000d7680000, 0x0000000100000000)
  eden space 25600K, 100% used [0x00000000d5580000,0x00000000d6e80000,0x00000000d6e80000)
  from space 4096K, 0% used [0x00000000d7280000,0x00000000d7280000,0x00000000d7680000)
  to   space 4096K, 0% used [0x00000000d6e80000,0x00000000d6e80000,0x00000000d7280000)
 ParOldGen       total 68608K, used 0K [0x0000000080000000, 0x0000000084300000, 0x00000000d5580000)
  object space 68608K, 0% used [0x0000000080000000,0x0000000080000000,0x0000000084300000)
 Metaspace       used 4341K, committed 4608K, reserved 1114112K
  class space    used 474K, committed 576K, reserved 1048576K
}
Event: 1.822 GC heap after
{Heap after GC invocations=1 (full 0):
 PSYoungGen      total 29696K, used 3303K [0x00000000d5580000, 0x00000000d7680000, 0x0000000100000000)
  eden space 25600K, 0% used [0x00000000d5580000,0x00000000d5580000,0x00000000d6e80000)
  from space 4096K, 80% used [0x00000000d6e80000,0x00000000d71b9e98,0x00000000d7280000)
  to   space 4096K, 0% used [0x00000000d7280000,0x00000000d7280000,0x00000000d7680000)
 ParOldGen       total 68608K, used 8K [0x0000000080000000, 0x0000000084300000, 0x00000000d5580000)
  object space 68608K, 0% used [0x0000000080000000,0x0000000080002000,0x0000000084300000)
 Metaspace       used 4341K, committed 4608K, reserved 1114112K
  class space    used 474K, committed 576K, reserved 1048576K
}
Event: 3.136 GC heap before
{Heap before GC invocations=2 (full 0):
 PSYoungGen      total 29696K, used 28903K [0x00000000d5580000, 0x00000000d7680000, 0x0000000100000000)
  eden space 25600K, 100% used [0x00000000d5580000,0x00000000d6e80000,0x00000000d6e80000)
  from space 4096K, 80% used [0x00000000d6e80000,0x00000000d71b9e98,0x00000000d7280000)
  to   space 4096K, 0% used [0x00000000d7280000,0x00000000d7280000,0x00000000d7680000)
 ParOldGen       total 68608K, used 8K [0x0000000080000000, 0x0000000084300000, 0x00000000d5580000)
  object space 68608K, 0% used [0x0000000080000000,0x0000000080002000,0x0000000084300000)
 Metaspace       used 8171K, committed 8512K, reserved 1114112K
  class space    used 871K, committed 1024K, reserved 1048576K
}
Event: 3.141 GC heap after
{Heap after GC invocations=2 (full 0):
 PSYoungGen      total 29696K, used 4086K [0x00000000d5580000, 0x00000000d7680000, 0x0000000100000000)
  eden space 25600K, 0% used [0x00000000d5580000,0x00000000d5580000,0x00000000d6e80000)
  from space 4096K, 99% used [0x00000000d7280000,0x00000000d767d810,0x00000000d7680000)
  to   space 4096K, 0% used [0x00000000d6e80000,0x00000000d6e80000,0x00000000d7280000)
 ParOldGen       total 68608K, used 1163K [0x0000000080000000, 0x0000000084300000, 0x00000000d5580000)
  object space 68608K, 1% used [0x0000000080000000,0x0000000080122ec8,0x0000000084300000)
 Metaspace       used 8171K, committed 8512K, reserved 1114112K
  class space    used 871K, committed 1024K, reserved 1048576K
}
Event: 4.943 GC heap before
{Heap before GC invocations=3 (full 0):
 PSYoungGen      total 29696K, used 29686K [0x00000000d5580000, 0x00000000d7680000, 0x0000000100000000)
  eden space 25600K, 100% used [0x00000000d5580000,0x00000000d6e80000,0x00000000d6e80000)
  from space 4096K, 99% used [0x00000000d7280000,0x00000000d767d810,0x00000000d7680000)
  to   space 4096K, 0% used [0x00000000d6e80000,0x00000000d6e80000,0x00000000d7280000)
 ParOldGen       total 68608K, used 1163K [0x0000000080000000, 0x0000000084300000, 0x00000000d5580000)
  object space 68608K, 1% used [0x0000000080000000,0x0000000080122ec8,0x0000000084300000)
 Metaspace       used 13050K, committed 13696K, reserved 1114112K
  class space    used 1383K, committed 1664K, reserved 1048576K
}
Event: 4.950 GC heap after
{Heap after GC invocations=3 (full 0):
 PSYoungGen      total 29696K, used 4066K [0x00000000d5580000, 0x00000000d7680000, 0x0000000100000000)
  eden space 25600K, 0% used [0x00000000d5580000,0x00000000d5580000,0x00000000d6e80000)
  from space 4096K, 99% used [0x00000000d6e80000,0x00000000d7278870,0x00000000d7280000)
  to   space 4096K, 0% used [0x00000000d7280000,0x00000000d7280000,0x00000000d7680000)
 ParOldGen       total 68608K, used 2889K [0x0000000080000000, 0x0000000084300000, 0x00000000d5580000)
  object space 68608K, 4% used [0x0000000080000000,0x00000000802d2718,0x0000000084300000)
 Metaspace       used 13050K, committed 13696K, reserved 1114112K
  class space    used 1383K, committed 1664K, reserved 1048576K
}
Event: 5.768 GC heap before
{Heap before GC invocations=4 (full 0):
 PSYoungGen      total 29696K, used 29666K [0x00000000d5580000, 0x00000000d7680000, 0x0000000100000000)
  eden space 25600K, 100% used [0x00000000d5580000,0x00000000d6e80000,0x00000000d6e80000)
  from space 4096K, 99% used [0x00000000d6e80000,0x00000000d7278870,0x00000000d7280000)
  to   space 4096K, 0% used [0x00000000d7280000,0x00000000d7280000,0x00000000d7680000)
 ParOldGen       total 68608K, used 2889K [0x0000000080000000, 0x0000000084300000, 0x00000000d5580000)
  object space 68608K, 4% used [0x0000000080000000,0x00000000802d2718,0x0000000084300000)
 Metaspace       used 17184K, committed 17856K, reserved 1114112K
  class space    used 1808K, committed 2112K, reserved 1048576K
}
Event: 5.772 GC heap after
{Heap after GC invocations=4 (full 0):
 PSYoungGen      total 29696K, used 4070K [0x00000000d5580000, 0x00000000d7680000, 0x0000000100000000)
  eden space 25600K, 0% used [0x00000000d5580000,0x00000000d5580000,0x00000000d6e80000)
  from space 4096K, 99% used [0x00000000d7280000,0x00000000d7679a18,0x00000000d7680000)
  to   space 4096K, 0% used [0x00000000d6e80000,0x00000000d6e80000,0x00000000d7280000)
 ParOldGen       total 68608K, used 4578K [0x0000000080000000, 0x0000000084300000, 0x00000000d5580000)
  object space 68608K, 6% used [0x0000000080000000,0x00000000804789d0,0x0000000084300000)
 Metaspace       used 17184K, committed 17856K, reserved 1114112K
  class space    used 1808K, committed 2112K, reserved 1048576K
}
Event: 6.081 GC heap before
{Heap before GC invocations=5 (full 0):
 PSYoungGen      total 29696K, used 29670K [0x00000000d5580000, 0x00000000d7680000, 0x0000000100000000)
  eden space 25600K, 100% used [0x00000000d5580000,0x00000000d6e80000,0x00000000d6e80000)
  from space 4096K, 99% used [0x00000000d7280000,0x00000000d7679a18,0x00000000d7680000)
  to   space 4096K, 0% used [0x00000000d6e80000,0x00000000d6e80000,0x00000000d7280000)
 ParOldGen       total 68608K, used 4578K [0x0000000080000000, 0x0000000084300000, 0x00000000d5580000)
  object space 68608K, 6% used [0x0000000080000000,0x00000000804789d0,0x0000000084300000)
 Metaspace       used 20426K, committed 21184K, reserved 1114112K
  class space    used 2028K, committed 2368K, reserved 1048576K
}
Event: 6.085 GC heap after
{Heap after GC invocations=5 (full 0):
 PSYoungGen      total 29184K, used 4076K [0x00000000d5580000, 0x00000000d7800000, 0x0000000100000000)
  eden space 25088K, 0% used [0x00000000d5580000,0x00000000d5580000,0x00000000d6e00000)
  from space 4096K, 99% used [0x00000000d6e80000,0x00000000d727b380,0x00000000d7280000)
  to   space 5120K, 0% used [0x00000000d7300000,0x00000000d7300000,0x00000000d7800000)
 ParOldGen       total 68608K, used 4770K [0x0000000080000000, 0x0000000084300000, 0x00000000d5580000)
  object space 68608K, 6% used [0x0000000080000000,0x00000000804a89d0,0x0000000084300000)
 Metaspace       used 20426K, committed 21184K, reserved 1114112K
  class space    used 2028K, committed 2368K, reserved 1048576K
}
Event: 6.125 GC heap before
{Heap before GC invocations=6 (full 0):
 PSYoungGen      total 29184K, used 9664K [0x00000000d5580000, 0x00000000d7800000, 0x0000000100000000)
  eden space 25088K, 22% used [0x00000000d5580000,0x00000000d5af4f68,0x00000000d6e00000)
  from space 4096K, 99% used [0x00000000d6e80000,0x00000000d727b380,0x00000000d7280000)
  to   space 5120K, 0% used [0x00000000d7300000,0x00000000d7300000,0x00000000d7800000)
 ParOldGen       total 68608K, used 4770K [0x0000000080000000, 0x0000000084300000, 0x00000000d5580000)
  object space 68608K, 6% used [0x0000000080000000,0x00000000804a89d0,0x0000000084300000)
 Metaspace       used 20840K, committed 21504K, reserved 1114112K
  class space    used 2059K, committed 2368K, reserved 1048576K
}
Event: 6.128 GC heap after
{Heap after GC invocations=6 (full 0):
 PSYoungGen      total 29696K, used 4497K [0x00000000d5580000, 0x00000000d7780000, 0x0000000100000000)
  eden space 25088K, 0% used [0x00000000d5580000,0x00000000d5580000,0x00000000d6e00000)
  from space 4608K, 97% used [0x00000000d7300000,0x00000000d7764688,0x00000000d7780000)
  to   space 4608K, 0% used [0x00000000d6e80000,0x00000000d6e80000,0x00000000d7300000)
 ParOldGen       total 68608K, used 4770K [0x0000000080000000, 0x0000000084300000, 0x00000000d5580000)
  object space 68608K, 6% used [0x0000000080000000,0x00000000804a89d0,0x0000000084300000)
 Metaspace       used 20840K, committed 21504K, reserved 1114112K
  class space    used 2059K, committed 2368K, reserved 1048576K
}
Event: 6.128 GC heap before
{Heap before GC invocations=7 (full 1):
 PSYoungGen      total 29696K, used 4497K [0x00000000d5580000, 0x00000000d7780000, 0x0000000100000000)
  eden space 25088K, 0% used [0x00000000d5580000,0x00000000d5580000,0x00000000d6e00000)
  from space 4608K, 97% used [0x00000000d7300000,0x00000000d7764688,0x00000000d7780000)
  to   space 4608K, 0% used [0x00000000d6e80000,0x00000000d6e80000,0x00000000d7300000)
 ParOldGen       total 68608K, used 4770K [0x0000000080000000, 0x0000000084300000, 0x00000000d5580000)
  object space 68608K, 6% used [0x0000000080000000,0x00000000804a89d0,0x0000000084300000)
 Metaspace       used 20840K, committed 21504K, reserved 1114112K
  class space    used 2059K, committed 2368K, reserved 1048576K
}
Event: 6.156 GC heap after
{Heap after GC invocations=7 (full 1):
 PSYoungGen      total 29696K, used 0K [0x00000000d5580000, 0x00000000d7780000, 0x0000000100000000)
  eden space 25088K, 0% used [0x00000000d5580000,0x00000000d5580000,0x00000000d6e00000)
  from space 4608K, 0% used [0x00000000d7300000,0x00000000d7300000,0x00000000d7780000)
  to   space 4608K, 0% used [0x00000000d6e80000,0x00000000d6e80000,0x00000000d7300000)
 ParOldGen       total 68608K, used 8827K [0x0000000080000000, 0x0000000084300000, 0x00000000d5580000)
  object space 68608K, 12% used [0x0000000080000000,0x000000008089eee0,0x0000000084300000)
 Metaspace       used 20828K, committed 21504K, reserved 1114112K
  class space    used 2056K, committed 2368K, reserved 1048576K
}

Dll operation events (10 events):
Event: 0.019 Loaded shared library c:\Users\singh\.vscode\extensions\redhat.java-1.54.0-win32-x64\jre\21.0.10-win32-x86_64\bin\java.dll
Event: 0.098 Loaded shared library c:\Users\singh\.vscode\extensions\redhat.java-1.54.0-win32-x64\jre\21.0.10-win32-x86_64\bin\zip.dll
Event: 0.120 Loaded shared library C:\Users\singh\.vscode\extensions\redhat.java-1.54.0-win32-x64\jre\21.0.10-win32-x86_64\bin\instrument.dll
Event: 0.125 Loaded shared library C:\Users\singh\.vscode\extensions\redhat.java-1.54.0-win32-x64\jre\21.0.10-win32-x86_64\bin\net.dll
Event: 0.130 Loaded shared library C:\Users\singh\.vscode\extensions\redhat.java-1.54.0-win32-x64\jre\21.0.10-win32-x86_64\bin\nio.dll
Event: 0.135 Loaded shared library C:\Users\singh\.vscode\extensions\redhat.java-1.54.0-win32-x64\jre\21.0.10-win32-x86_64\bin\zip.dll
Event: 0.151 Loaded shared library C:\Users\singh\.vscode\extensions\redhat.java-1.54.0-win32-x64\jre\21.0.10-win32-x86_64\bin\jimage.dll
Event: 0.228 Loaded shared library c:\Users\singh\.vscode\extensions\redhat.java-1.54.0-win32-x64\jre\21.0.10-win32-x86_64\bin\verify.dll
Event: 3.099 Loaded shared library C:\Users\singh\AppData\Roaming\Code\User\globalStorage\redhat.java\1.54.0\config_ss_win\org.eclipse.equinox.launcher\org.eclipse.equinox.launcher.win32.win32.x86_64_1.3.0.v20260203-2149\eclipse_11919.dll
Event: 5.487 Loaded shared library D:\Temp\jna-109441977\jna2192118630188528916.dll

Deoptimization events (20 events):
Event: 5.701 Thread 0x0000025eee0f7ec0 Uncommon trap: trap_request=0xffffffde fr.pc=0x0000025e99fa5d94 relative=0x00000000000003b4
Event: 5.701 Thread 0x0000025eee0f7ec0 Uncommon trap: reason=class_check action=maybe_recompile pc=0x0000025e99fa5d94 method=java.util.regex.Pattern$BmpCharPropertyGreedy.match(Ljava/util/regex/Matcher;ILjava/lang/CharSequence;)Z @ 70 c2
Event: 5.701 Thread 0x0000025eee0f7ec0 DEOPT PACKING pc=0x0000025e99fa5d94 sp=0x000000cc2b0ef7b0
Event: 5.701 Thread 0x0000025eee0f7ec0 DEOPT UNPACKING pc=0x0000025e99963aa2 sp=0x000000cc2b0ef758 mode 2
Event: 5.701 Thread 0x0000025eee0f7ec0 Uncommon trap: trap_request=0xffffffde fr.pc=0x0000025e99fa5d94 relative=0x00000000000003b4
Event: 5.701 Thread 0x0000025eee0f7ec0 Uncommon trap: reason=class_check action=maybe_recompile pc=0x0000025e99fa5d94 method=java.util.regex.Pattern$BmpCharPropertyGreedy.match(Ljava/util/regex/Matcher;ILjava/lang/CharSequence;)Z @ 70 c2
Event: 5.701 Thread 0x0000025eee0f7ec0 DEOPT PACKING pc=0x0000025e99fa5d94 sp=0x000000cc2b0ef600
Event: 5.701 Thread 0x0000025eee0f7ec0 DEOPT UNPACKING pc=0x0000025e99963aa2 sp=0x000000cc2b0ef5a8 mode 2
Event: 5.701 Thread 0x0000025eee0f7ec0 Uncommon trap: trap_request=0xffffffde fr.pc=0x0000025e99fa5d94 relative=0x00000000000003b4
Event: 5.701 Thread 0x0000025eee0f7ec0 Uncommon trap: reason=class_check action=maybe_recompile pc=0x0000025e99fa5d94 method=java.util.regex.Pattern$BmpCharPropertyGreedy.match(Ljava/util/regex/Matcher;ILjava/lang/CharSequence;)Z @ 70 c2
Event: 5.701 Thread 0x0000025eee0f7ec0 DEOPT PACKING pc=0x0000025e99fa5d94 sp=0x000000cc2b0ef7c0
Event: 5.701 Thread 0x0000025eee0f7ec0 DEOPT UNPACKING pc=0x0000025e99963aa2 sp=0x000000cc2b0ef768 mode 2
Event: 5.701 Thread 0x0000025eee0f7ec0 Uncommon trap: trap_request=0xffffffde fr.pc=0x0000025e99fa5d94 relative=0x00000000000003b4
Event: 5.701 Thread 0x0000025eee0f7ec0 Uncommon trap: reason=class_check action=maybe_recompile pc=0x0000025e99fa5d94 method=java.util.regex.Pattern$BmpCharPropertyGreedy.match(Ljava/util/regex/Matcher;ILjava/lang/CharSequence;)Z @ 70 c2
Event: 5.701 Thread 0x0000025eee0f7ec0 DEOPT PACKING pc=0x0000025e99fa5d94 sp=0x000000cc2b0ef610
Event: 5.701 Thread 0x0000025eee0f7ec0 DEOPT UNPACKING pc=0x0000025e99963aa2 sp=0x000000cc2b0ef5b8 mode 2
Event: 6.038 Thread 0x0000025eee0f7ec0 Uncommon trap: trap_request=0xffffff6e fr.pc=0x0000025e99fdd9f0 relative=0x0000000000000af0
Event: 6.038 Thread 0x0000025eee0f7ec0 Uncommon trap: reason=loop_limit_check action=maybe_recompile pc=0x0000025e99fdd9f0 method=java.util.regex.Pattern$StartS.match(Ljava/util/regex/Matcher;ILjava/lang/CharSequence;)Z @ 34 c2
Event: 6.038 Thread 0x0000025eee0f7ec0 DEOPT PACKING pc=0x0000025e99fdd9f0 sp=0x000000cc2b0f29b0
Event: 6.038 Thread 0x0000025eee0f7ec0 DEOPT UNPACKING pc=0x0000025e99963aa2 sp=0x000000cc2b0f2920 mode 2

Classes loaded (20 events):
Event: 5.725 Loading class java/util/zip/GZIPInputStream
Event: 5.726 Loading class java/util/zip/GZIPInputStream done
Event: 5.727 Loading class java/util/zip/GZIPOutputStream
Event: 5.727 Loading class java/util/zip/GZIPOutputStream done
Event: 5.736 Loading class java/net/SocketTimeoutException
Event: 5.736 Loading class java/io/InterruptedIOException
Event: 5.736 Loading class java/io/InterruptedIOException done
Event: 5.736 Loading class java/net/SocketTimeoutException done
Event: 5.736 Loading class java/net/SocketException
Event: 5.736 Loading class java/net/SocketException done
Event: 5.736 Loading class java/net/UnknownHostException
Event: 5.736 Loading class java/net/UnknownHostException done
Event: 5.736 Loading class java/net/ProtocolException
Event: 5.736 Loading class java/net/ProtocolException done
Event: 5.759 Loading class java/lang/ThreadLocal$SuppliedThreadLocal
Event: 5.759 Loading class java/lang/ThreadLocal$SuppliedThreadLocal done
Event: 5.766 Loading class java/io/FileWriter
Event: 5.766 Loading class java/io/FileWriter done
Event: 5.837 Loading class java/lang/NegativeArraySizeException
Event: 5.838 Loading class java/lang/NegativeArraySizeException done

Classes unloaded (7 events):
Event: 6.134 Thread 0x0000025ea6264210 Unloading class 0x0000025ea8191400 'java/lang/invoke/LambdaForm$MH+0x0000025ea8191400'
Event: 6.134 Thread 0x0000025ea6264210 Unloading class 0x0000025ea8191000 'java/lang/invoke/LambdaForm$MH+0x0000025ea8191000'
Event: 6.134 Thread 0x0000025ea6264210 Unloading class 0x0000025ea8190c00 'java/lang/invoke/LambdaForm$MH+0x0000025ea8190c00'
Event: 6.134 Thread 0x0000025ea6264210 Unloading class 0x0000025ea8190800 'java/lang/invoke/LambdaForm$MH+0x0000025ea8190800'
Event: 6.134 Thread 0x0000025ea6264210 Unloading class 0x0000025ea8190400 'java/lang/invoke/LambdaForm$BMH+0x0000025ea8190400'
Event: 6.134 Thread 0x0000025ea6264210 Unloading class 0x0000025ea8190000 'java/lang/invoke/LambdaForm$DMH+0x0000025ea8190000'
Event: 6.134 Thread 0x0000025ea6264210 Unloading class 0x0000025ea818ec00 'java/lang/invoke/LambdaForm$DMH+0x0000025ea818ec00'

Classes redefined (0 events):
No events

Internal exceptions (20 events):
Event: 5.517 Thread 0x0000025eee0f7ec0 Exception <a 'java/lang/NoSuchMethodError'{0x00000000d63be778}: 'int java.lang.invoke.Invokers$Holder.invokeExact_MT(java.lang.Object, java.lang.Object, java.lang.Object)'> (0x00000000d63be778) 
thrown [s\src\hotspot\share\interpreter\linkResolver.cpp, line 773]
Event: 5.541 Thread 0x0000025eee0f7ec0 Exception <a 'java/lang/NoSuchMethodError'{0x00000000d64cafb8}: 'void java.lang.invoke.Invokers$Holder.invokeExact_MT(java.lang.Object, java.lang.Object, int, java.lang.Object)'> (0x00000000d64cafb8) 
thrown [s\src\hotspot\share\interpreter\linkResolver.cpp, line 773]
Event: 5.586 Thread 0x0000025eee0f7ec0 Exception <a 'java/lang/NoSuchMethodError'{0x00000000d65c69c8}: 'java.lang.Object java.lang.invoke.DirectMethodHandle$Holder.invokeSpecial(java.lang.Object, java.lang.Object, java.lang.Object, long, java.lang.Object)'> (0x00000000d65c69c8) 
thrown [s\src\hotspot\share\interpreter\linkResolver.cpp, line 773]
Event: 5.588 Thread 0x0000025eee0f7ec0 Exception <a 'java/lang/NoSuchMethodError'{0x00000000d65ce210}: 'java.lang.Object java.lang.invoke.DirectMethodHandle$Holder.newInvokeSpecial(java.lang.Object, java.lang.Object, java.lang.Object, long)'> (0x00000000d65ce210) 
thrown [s\src\hotspot\share\interpreter\linkResolver.cpp, line 773]
Event: 5.588 Thread 0x0000025eee0f7ec0 Exception <a 'java/lang/NoSuchMethodError'{0x00000000d65d25c0}: 'java.lang.Object java.lang.invoke.DirectMethodHandle$Holder.invokeSpecial(java.lang.Object, java.lang.Object, java.lang.Object, java.lang.Object, long)'> (0x00000000d65d25c0) 
thrown [s\src\hotspot\share\interpreter\linkResolver.cpp, line 773]
Event: 5.589 Thread 0x0000025eee0f7ec0 Exception <a 'java/lang/NoSuchMethodError'{0x00000000d65d61e0}: 'java.lang.Object java.lang.invoke.Invokers$Holder.linkToTargetMethod(java.lang.Object, java.lang.Object, long, java.lang.Object)'> (0x00000000d65d61e0) 
thrown [s\src\hotspot\share\interpreter\linkResolver.cpp, line 773]
Event: 5.598 Thread 0x0000025eee0f7ec0 Exception <a 'java/lang/NoSuchMethodError'{0x00000000d6648120}: 'int java.lang.invoke.DirectMethodHandle$Holder.invokeStaticInit(java.lang.Object, java.lang.Object, java.lang.Object)'> (0x00000000d6648120) 
thrown [s\src\hotspot\share\interpreter\linkResolver.cpp, line 773]
Event: 5.612 Thread 0x0000025eee0f7ec0 Exception <a 'java/lang/IncompatibleClassChangeError'{0x00000000d66d7fc0}: Found class java.lang.Object, but interface was expected> (0x00000000d66d7fc0) 
thrown [s\src\hotspot\share\interpreter\linkResolver.cpp, line 840]
Event: 5.618 Thread 0x0000025eee0f7ec0 Exception <a 'java/lang/NoSuchMethodError'{0x00000000d66eaa90}: 'java.lang.Object java.lang.invoke.DirectMethodHandle$Holder.invokeSpecial(java.lang.Object, java.lang.Object, java.lang.Object, int, java.lang.Object, java.lang.Object)'> (0x00000000d66eaa90) 
thrown [s\src\hotspot\share\interpreter\linkResolver.cpp, line 773]
Event: 5.619 Thread 0x0000025eee0f7ec0 Exception <a 'java/lang/NoSuchMethodError'{0x00000000d66f27c8}: 'java.lang.Object java.lang.invoke.DirectMethodHandle$Holder.newInvokeSpecial(java.lang.Object, java.lang.Object, java.lang.Object, int, java.lang.Object)'> (0x00000000d66f27c8) 
thrown [s\src\hotspot\share\interpreter\linkResolver.cpp, line 773]
Event: 5.620 Thread 0x0000025eee0f7ec0 Exception <a 'java/lang/NoSuchMethodError'{0x00000000d66f6748}: 'java.lang.Object java.lang.invoke.DirectMethodHandle$Holder.invokeSpecial(java.lang.Object, java.lang.Object, java.lang.Object, java.lang.Object, int, java.lang.Object)'> (0x00000000d66f6748) 
thrown [s\src\hotspot\share\interpreter\linkResolver.cpp, line 773]
Event: 5.620 Thread 0x0000025eee0f7ec0 Exception <a 'java/lang/NoSuchMethodError'{0x00000000d66fa288}: 'java.lang.Object java.lang.invoke.Invokers$Holder.linkToTargetMethod(java.lang.Object, java.lang.Object, int, java.lang.Object, java.lang.Object)'> (0x00000000d66fa288) 
thrown [s\src\hotspot\share\interpreter\linkResolver.cpp, line 773]
Event: 5.621 Thread 0x0000025ee8998fc0 Exception <a 'java/lang/NoSuchMethodError'{0x00000000d6620410}: 'java.lang.Object java.lang.invoke.DirectMethodHandle$Holder.invokeSpecial(java.lang.Object, java.lang.Object, int, java.lang.Object, java.lang.Object)'> (0x00000000d6620410) 
thrown [s\src\hotspot\share\interpreter\linkResolver.cpp, line 773]
Event: 5.621 Thread 0x0000025ee8998fc0 Exception <a 'java/lang/NoSuchMethodError'{0x00000000d6627148}: 'java.lang.Object java.lang.invoke.DirectMethodHandle$Holder.newInvokeSpecial(java.lang.Object, java.lang.Object, int, java.lang.Object)'> (0x00000000d6627148) 
thrown [s\src\hotspot\share\interpreter\linkResolver.cpp, line 773]
Event: 5.622 Thread 0x0000025ee8998fc0 Exception <a 'java/lang/NoSuchMethodError'{0x00000000d662aa28}: 'java.lang.Object java.lang.invoke.DirectMethodHandle$Holder.invokeSpecial(java.lang.Object, java.lang.Object, java.lang.Object, int, java.lang.Object)'> (0x00000000d662aa28) 
thrown [s\src\hotspot\share\interpreter\linkResolver.cpp, line 773]
Event: 5.644 Thread 0x0000025eee0f7ec0 Exception <a 'java/lang/NoSuchMethodError'{0x00000000d6818328}: 'void java.lang.invoke.DirectMethodHandle$Holder.invokeSpecial(java.lang.Object, java.lang.Object, java.lang.Object, java.lang.Object, java.lang.Object)'> (0x00000000d6818328) 
thrown [s\src\hotspot\share\interpreter\linkResolver.cpp, line 773]
Event: 5.687 Thread 0x0000025eee0f7ec0 Exception <a 'java/lang/NoSuchMethodError'{0x00000000d6a4d690}: 'double java.lang.invoke.DirectMethodHandle$Holder.invokeStatic(java.lang.Object, java.lang.Object)'> (0x00000000d6a4d690) 
thrown [s\src\hotspot\share\interpreter\linkResolver.cpp, line 773]
Event: 5.687 Thread 0x0000025eee0f7ec0 Exception <a 'java/lang/NoSuchMethodError'{0x00000000d6a50d50}: 'double java.lang.invoke.DirectMethodHandle$Holder.invokeStaticInit(java.lang.Object, java.lang.Object)'> (0x00000000d6a50d50) 
thrown [s\src\hotspot\share\interpreter\linkResolver.cpp, line 773]
Event: 6.250 Thread 0x0000025eee0f7ec0 Exception <a 'java/io/FileNotFoundException'{0x00000000d63e9598}> (0x00000000d63e9598) 
thrown [s\src\hotspot\share\prims\jni.cpp, line 520]
Event: 6.251 Thread 0x0000025eee0f7ec0 Exception <a 'java/io/FileNotFoundException'{0x00000000d63ea598}> (0x00000000d63ea598) 
thrown [s\src\hotspot\share\prims\jni.cpp, line 520]

ZGC Phase Switch (0 events):
No events

VM Operations (20 events):
Event: 4.722 Executing non-safepoint VM operation: HandshakeAllThreads (Deoptimize)
Event: 4.722 Executing non-safepoint VM operation: HandshakeAllThreads (Deoptimize) done
Event: 4.943 Executing safepoint VM operation: ParallelGCFailedAllocation (Allocation Failure)
Event: 4.950 Executing safepoint VM operation: ParallelGCFailedAllocation (Allocation Failure) done
Event: 5.054 Executing non-safepoint VM operation: HandshakeAllThreads (Deoptimize)
Event: 5.054 Executing non-safepoint VM operation: HandshakeAllThreads (Deoptimize) done
Event: 5.061 Executing non-safepoint VM operation: HandshakeAllThreads (Deoptimize)
Event: 5.061 Executing non-safepoint VM operation: HandshakeAllThreads (Deoptimize) done
Event: 5.091 Executing non-safepoint VM operation: HandshakeAllThreads (Deoptimize)
Event: 5.091 Executing non-safepoint VM operation: HandshakeAllThreads (Deoptimize) done
Event: 5.500 Executing non-safepoint VM operation: HandshakeAllThreads (Deoptimize)
Event: 5.500 Executing non-safepoint VM operation: HandshakeAllThreads (Deoptimize) done
Event: 5.768 Executing safepoint VM operation: ParallelGCFailedAllocation (Allocation Failure)
Event: 5.772 Executing safepoint VM operation: ParallelGCFailedAllocation (Allocation Failure) done
Event: 6.081 Executing safepoint VM operation: ParallelGCFailedAllocation (Allocation Failure)
Event: 6.085 Executing safepoint VM operation: ParallelGCFailedAllocation (Allocation Failure) done
Event: 6.125 Executing safepoint VM operation: CollectForMetadataAllocation (Metadata GC Threshold)
Event: 6.156 Executing safepoint VM operation: CollectForMetadataAllocation (Metadata GC Threshold) done
Event: 7.169 Executing safepoint VM operation: Cleanup
Event: 7.169 Executing safepoint VM operation: Cleanup done

Memory protections (0 events):
No events

Nmethod flushes (0 events):
No events

Events (20 events):
Event: 1.721 Thread 0x0000025ee897e920 Thread exited: 0x0000025ee897e920
Event: 2.011 Thread 0x0000025ee87c81c0 Thread added: 0x0000025ee9b3a1c0
Event: 2.013 Thread 0x0000025ee87c81c0 Thread added: 0x0000025ee9b3b080
Event: 2.224 Thread 0x0000025e8d8bba00 Thread added: 0x0000025ee9ae0e40
Event: 3.075 Thread 0x0000025e8d8bba00 Thread added: 0x0000025eee0f7850
Event: 3.084 Thread 0x0000025e8d8bba00 Thread added: 0x0000025eee0f7ec0
Event: 3.171 Thread 0x0000025ee9b3b080 Thread exited: 0x0000025ee9b3b080
Event: 3.182 Thread 0x0000025ee9b3a1c0 Thread exited: 0x0000025ee9b3a1c0
Event: 3.322 Thread 0x0000025eee0f7ec0 Thread added: 0x0000025ee9dd5c10
Event: 3.455 Thread 0x0000025ee87c81c0 Thread added: 0x0000025eee2846e0
Event: 3.455 Thread 0x0000025ee87c81c0 Thread added: 0x0000025eee2b2e40
Event: 4.764 Thread 0x0000025eee0f7ec0 Thread added: 0x0000025eee40b060
Event: 5.028 Thread 0x0000025eee2b2e40 Thread exited: 0x0000025eee2b2e40
Event: 5.038 Thread 0x0000025eee2846e0 Thread exited: 0x0000025eee2846e0
Event: 5.112 Thread 0x0000025ee87c81c0 Thread added: 0x0000025eee362030
Event: 5.495 Thread 0x0000025eee362030 Thread exited: 0x0000025eee362030
Event: 5.524 Thread 0x0000025eee0f7ec0 Thread added: 0x0000025eee2dfbb0
Event: 5.592 Thread 0x0000025eee0f7ec0 Thread added: 0x0000025ee8998fc0
Event: 5.621 Thread 0x0000025eee0f7ec0 Thread added: 0x0000025ee9d166f0
Event: 5.680 Thread 0x0000025ee87c81c0 Thread added: 0x0000025ee87fa500


Dynamic libraries:
0x00007ff7145e0000 - 0x00007ff7145ee000 	c:\Users\singh\.vscode\extensions\redhat.java-1.54.0-win32-x64\jre\21.0.10-win32-x86_64\bin\java.exe
0x00007ffad91c0000 - 0x00007ffad9427000 	C:\WINDOWS\SYSTEM32\ntdll.dll
0x00007ffad8a00000 - 0x00007ffad8ac9000 	C:\WINDOWS\System32\KERNEL32.DLL
0x00007ffad69c0000 - 0x00007ffad6db7000 	C:\WINDOWS\System32\KERNELBASE.dll
0x00007ffad2f40000 - 0x00007ffad2fe0000 	C:\WINDOWS\SYSTEM32\apphelp.dll
0x00007ffad6dc0000 - 0x00007ffad6f0b000 	C:\WINDOWS\System32\ucrtbase.dll
0x00007ffa99030000 - 0x00007ffa99048000 	c:\Users\singh\.vscode\extensions\redhat.java-1.54.0-win32-x64\jre\21.0.10-win32-x86_64\bin\jli.dll
0x00007ffad7000000 - 0x00007ffad71c6000 	C:\WINDOWS\System32\USER32.dll
0x00007ffad6f10000 - 0x00007ffad6f37000 	C:\WINDOWS\System32\win32u.dll
0x00007ffad8d80000 - 0x00007ffad8dab000 	C:\WINDOWS\System32\GDI32.dll
0x00007ffad6800000 - 0x00007ffad692c000 	C:\WINDOWS\System32\gdi32full.dll
0x00007ffad5d60000 - 0x00007ffad5e03000 	C:\WINDOWS\System32\msvcp_win.dll
0x00007ffa8f780000 - 0x00007ffa8f79e000 	c:\Users\singh\.vscode\extensions\redhat.java-1.54.0-win32-x64\jre\21.0.10-win32-x86_64\bin\VCRUNTIME140.dll
0x00007ffab14e0000 - 0x00007ffab1772000 	C:\WINDOWS\WinSxS\amd64_microsoft.windows.common-controls_6595b64144ccf1df_6.0.26100.8457_none_3e0b2faee331e92d\COMCTL32.dll
0x00007ffad81d0000 - 0x00007ffad8279000 	C:\WINDOWS\System32\msvcrt.dll
0x00007ffad87b0000 - 0x00007ffad87e2000 	C:\WINDOWS\System32\IMM32.DLL
0x00007ffaaf360000 - 0x00007ffaaf36c000 	c:\Users\singh\.vscode\extensions\redhat.java-1.54.0-win32-x64\jre\21.0.10-win32-x86_64\bin\vcruntime140_1.dll
0x00007ffa4d340000 - 0x00007ffa4d3cd000 	c:\Users\singh\.vscode\extensions\redhat.java-1.54.0-win32-x64\jre\21.0.10-win32-x86_64\bin\msvcp140.dll
0x00007ff9b8290000 - 0x00007ff9b9031000 	c:\Users\singh\.vscode\extensions\redhat.java-1.54.0-win32-x64\jre\21.0.10-win32-x86_64\bin\server\jvm.dll
0x00007ffad8c30000 - 0x00007ffad8ce6000 	C:\WINDOWS\System32\ADVAPI32.dll
0x00007ffad8f10000 - 0x00007ffad8fb7000 	C:\WINDOWS\System32\sechost.dll
0x00007ffad9060000 - 0x00007ffad9178000 	C:\WINDOWS\System32\RPCRT4.dll
0x00007ffad8b50000 - 0x00007ffad8bd0000 	C:\WINDOWS\System32\WS2_32.dll
0x00007ffad5a50000 - 0x00007ffad5aae000 	C:\WINDOWS\SYSTEM32\POWRPROF.dll
0x00007ffac1ca0000 - 0x00007ffac1cab000 	C:\WINDOWS\SYSTEM32\VERSION.dll
0x00007ffad0980000 - 0x00007ffad09b6000 	C:\WINDOWS\SYSTEM32\WINMM.dll
0x00007ffad5a30000 - 0x00007ffad5a44000 	C:\WINDOWS\SYSTEM32\UMPDC.dll
0x00007ffad48e0000 - 0x00007ffad48fb000 	C:\WINDOWS\SYSTEM32\kernel.appcore.dll
0x00007ffaae700000 - 0x00007ffaae70a000 	c:\Users\singh\.vscode\extensions\redhat.java-1.54.0-win32-x64\jre\21.0.10-win32-x86_64\bin\jimage.dll
0x00007ffad39d0000 - 0x00007ffad3c12000 	C:\WINDOWS\SYSTEM32\DBGHELP.DLL
0x00007ffad71d0000 - 0x00007ffad7553000 	C:\WINDOWS\System32\combase.dll
0x00007ffad8920000 - 0x00007ffad89f9000 	C:\WINDOWS\System32\OLEAUT32.dll
0x00007ffaac840000 - 0x00007ffaac87b000 	C:\WINDOWS\SYSTEM32\dbgcore.DLL
0x00007ffad5bf0000 - 0x00007ffad5c98000 	C:\WINDOWS\System32\bcryptPrimitives.dll
0x00007ffa9bcf0000 - 0x00007ffa9bcff000 	c:\Users\singh\.vscode\extensions\redhat.java-1.54.0-win32-x64\jre\21.0.10-win32-x86_64\bin\instrument.dll
0x00007ffa8cc90000 - 0x00007ffa8ccb0000 	c:\Users\singh\.vscode\extensions\redhat.java-1.54.0-win32-x64\jre\21.0.10-win32-x86_64\bin\java.dll
0x00007ffad79f0000 - 0x00007ffad815e000 	C:\WINDOWS\System32\SHELL32.dll
0x00007ffad5e10000 - 0x00007ffad667c000 	C:\WINDOWS\System32\windows.storage.dll
0x00007ffad87f0000 - 0x00007ffad88e6000 	C:\WINDOWS\System32\SHCORE.dll
0x00007ffad8fd0000 - 0x00007ffad9036000 	C:\WINDOWS\System32\shlwapi.dll
0x00007ffad5b10000 - 0x00007ffad5b39000 	C:\WINDOWS\SYSTEM32\profapi.dll
0x00007ffa7f860000 - 0x00007ffa7f878000 	c:\Users\singh\.vscode\extensions\redhat.java-1.54.0-win32-x64\jre\21.0.10-win32-x86_64\bin\zip.dll
0x00007ffa99200000 - 0x00007ffa99210000 	C:\Users\singh\.vscode\extensions\redhat.java-1.54.0-win32-x64\jre\21.0.10-win32-x86_64\bin\net.dll
0x00007ffad0140000 - 0x00007ffad0269000 	C:\WINDOWS\SYSTEM32\WINHTTP.dll
0x00007ffad4ef0000 - 0x00007ffad4f5c000 	C:\WINDOWS\system32\mswsock.dll
0x00007ffa758b0000 - 0x00007ffa758c6000 	C:\Users\singh\.vscode\extensions\redhat.java-1.54.0-win32-x64\jre\21.0.10-win32-x86_64\bin\nio.dll
0x00007ffa98f20000 - 0x00007ffa98f30000 	c:\Users\singh\.vscode\extensions\redhat.java-1.54.0-win32-x64\jre\21.0.10-win32-x86_64\bin\verify.dll
0x00007ffa682a0000 - 0x00007ffa682e5000 	C:\Users\singh\AppData\Roaming\Code\User\globalStorage\redhat.java\1.54.0\config_ss_win\org.eclipse.equinox.launcher\org.eclipse.equinox.launcher.win32.win32.x86_64_1.3.0.v20260203-2149\eclipse_11919.dll
0x00007ffad85e0000 - 0x00007ffad8777000 	C:\WINDOWS\System32\ole32.dll
0x00007ffad51d0000 - 0x00007ffad51eb000 	C:\WINDOWS\SYSTEM32\CRYPTSP.dll
0x00007ffad4900000 - 0x00007ffad4939000 	C:\WINDOWS\system32\rsaenh.dll
0x00007ffad4fa0000 - 0x00007ffad4fd3000 	C:\WINDOWS\SYSTEM32\USERENV.dll
0x00007ffad5ae0000 - 0x00007ffad5b0a000 	C:\WINDOWS\SYSTEM32\bcrypt.dll
0x00007ffad51f0000 - 0x00007ffad51fc000 	C:\WINDOWS\SYSTEM32\CRYPTBASE.dll
0x00007ffad43a0000 - 0x00007ffad43d2000 	C:\WINDOWS\SYSTEM32\IPHLPAPI.DLL
0x00007ffad8780000 - 0x00007ffad878a000 	C:\WINDOWS\System32\NSI.dll
0x00007ffaae730000 - 0x00007ffaae779000 	D:\Temp\jna-109441977\jna2192118630188528916.dll
0x00007ffad9040000 - 0x00007ffad9048000 	C:\WINDOWS\System32\PSAPI.DLL

JVMTI agents:
c:\Users\singh\.vscode\extensions\redhat.java-1.54.0-win32-x64\lombok\lombok-1.18.39-4050.jar path:c:\Users\singh\.vscode\extensions\redhat.java-1.54.0-win32-x64\jre\21.0.10-win32-x86_64\bin\instrument.dll, loaded, initialized, instrumentlib options:none

dbghelp: loaded successfully - version: 4.0.5 - missing functions: none
symbol engine: initialized successfully - sym options: 0x614 - pdb path: .;c:\Users\singh\.vscode\extensions\redhat.java-1.54.0-win32-x64\jre\21.0.10-win32-x86_64\bin;C:\WINDOWS\SYSTEM32;C:\WINDOWS\WinSxS\amd64_microsoft.windows.common-controls_6595b64144ccf1df_6.0.26100.8457_none_3e0b2faee331e92d;c:\Users\singh\.vscode\extensions\redhat.java-1.54.0-win32-x64\jre\21.0.10-win32-x86_64\bin\server;C:\Users\singh\AppData\Roaming\Code\User\globalStorage\redhat.java\1.54.0\config_ss_win\org.eclipse.equinox.launcher\org.eclipse.equinox.launcher.win32.win32.x86_64_1.3.0.v20260203-2149;D:\Temp\jna-109441977

VM Arguments:
jvm_args: --add-modules=ALL-SYSTEM --add-opens=java.base/java.util=ALL-UNNAMED --add-opens=java.base/java.lang=ALL-UNNAMED --add-opens=java.base/sun.nio.fs=ALL-UNNAMED -Declipse.application=org.eclipse.jdt.ls.core.id1 -Dosgi.bundles.defaultStartLevel=4 -Declipse.product=org.eclipse.jdt.ls.core.product -Djava.import.generatesMetadataFilesAtProjectRoot=false -DDetectVMInstallationsJob.disabled=true -Dfile.encoding=utf8 -XX:+UseParallelGC -XX:GCTimeRatio=4 -XX:AdaptiveSizePolicyWeight=90 -Dsun.zip.disableMemoryMapping=true -Xmx2G -Xms100m -Xlog:disable -javaagent:c:\Users\singh\.vscode\extensions\redhat.java-1.54.0-win32-x64\lombok\lombok-1.18.39-4050.jar 
java_command: c:\Users\singh\.vscode\extensions\redhat.java-1.54.0-win32-x64\server\plugins\org.eclipse.equinox.launcher_1.7.100.v20251111-0406.jar -configuration c:\Users\singh\AppData\Roaming\Code\User\globalStorage\redhat.java\1.54.0\config_ss_win -data c:\Users\singh\AppData\Roaming\Code\User\workspaceStorage\404dc8cd7f8cac0b2001f1f3d6f6cd5e\redhat.java\ss_ws --pipe=\\.\pipe\lsp-7b51b60eed8ea1196767eb792e82bc4e-sock
java_class_path (initial): c:\Users\singh\.vscode\extensions\redhat.java-1.54.0-win32-x64\server\plugins\org.eclipse.equinox.launcher_1.7.100.v20251111-0406.jar
Launcher Type: SUN_STANDARD

[Global flags]
    uintx AdaptiveSizePolicyWeight                 = 90                                        {product} {command line}
     intx CICompilerCount                          = 4                                         {product} {ergonomic}
    uintx GCTimeRatio                              = 4                                         {product} {command line}
   size_t InitialHeapSize                          = 104857600                                 {product} {command line}
   size_t MaxHeapSize                              = 2147483648                                {product} {command line}
   size_t MaxNewSize                               = 715653120                                 {product} {ergonomic}
   size_t MinHeapDeltaBytes                        = 524288                                    {product} {ergonomic}
   size_t MinHeapSize                              = 104857600                                 {product} {command line}
   size_t NewSize                                  = 34603008                                  {product} {ergonomic}
    uintx NonNMethodCodeHeapSize                   = 5839372                                {pd product} {ergonomic}
    uintx NonProfiledCodeHeapSize                  = 122909434                              {pd product} {ergonomic}
   size_t OldSize                                  = 70254592                                  {product} {ergonomic}
    uintx ProfiledCodeHeapSize                     = 122909434                              {pd product} {ergonomic}
    uintx ReservedCodeCacheSize                    = 251658240                              {pd product} {ergonomic}
     bool SegmentedCodeCache                       = true                                      {product} {ergonomic}
   size_t SoftMaxHeapSize                          = 2147483648                             {manageable} {ergonomic}
     bool UseCompressedOops                        = true                           {product lp64_product} {ergonomic}
     bool UseLargePagesIndividualAllocation        = false                                  {pd product} {ergonomic}
     bool UseParallelGC                            = true                                      {product} {command line}

Logging:
Log output configuration:
 #0: stdout all=off uptime,level,tags foldmultilines=false
 #1: stderr all=off uptime,level,tags foldmultilines=false

Release file:
JAVA_VERSION="21.0.10" 
MODULES="java.base java.compiler java.datatransfer java.xml java.prefs java.desktop java.instrument java.logging java.management java.security.sasl java.naming java.rmi java.management.rmi java.net.http java.scripting java.security.jgss java.transaction.xa java.sql java.sql.rowset java.xml.crypto java.se java.smartcardio jdk.accessibility jdk.internal.jvmstat jdk.attach jdk.charsets jdk.internal.opt jdk.zipfs jdk.compiler jdk.crypto.ec jdk.crypto.cryptoki jdk.crypto.mscapi jdk.dynalink jdk.internal.ed jdk.editpad jdk.hotspot.agent jdk.httpserver jdk.internal.le jdk.internal.vm.ci jdk.internal.vm.compiler jdk.internal.vm.compiler.management jdk.jartool jdk.javadoc jdk.jcmd jdk.management jdk.management.agent jdk.jconsole jdk.jdeps jdk.jdwp.agent jdk.jdi jdk.jfr jdk.jshell jdk.jsobject jdk.jstatd jdk.localedata jdk.management.jfr jdk.naming.dns jdk.naming.rmi jdk.net jdk.nio.mapmode jdk.random jdk.sctp jdk.security.auth jdk.security.jgss jdk.unsupported jdk.unsupported.desktop jdk.xml.dom" 

Environment Variables:
JAVA_HOME=C:\Users\singh\AppData\Local\Programs\Eclipse Adoptium\jdk-17.0.11.9-hotspot\
PATH=D:\SQL\dbhomeXE\bin;C:\Program Files\Python310\Scripts\;C:\Program Files\Python310\;C:\Program Files\Microsoft\jdk-17.0.13.11-hotspot\bin;C:\Program Files\Eclipse Adoptium\jdk-21.0.3.9-hotspot\bin;C:\WINDOWS\system32;C:\WINDOWS;C:\WINDOWS\System32\Wbem;C:\WINDOWS\System32\WindowsPowerShell\v1.0\;C:\WINDOWS\System32\OpenSSH\;C:\MinGW\bin;C:\Program Files\Microsoft SQL Server\Client SDK\ODBC\170\Tools\Binn\;C:\Program Files (x86)\Microsoft SQL Server\150\Tools\Binn\;C:\Program Files\Microsoft SQL Server\150\Tools\Binn\;C:\Program Files\Microsoft SQL Server\150\DTS\Binn\;C:\Program Files (x86)\Windows Kits\8.1\Windows Performance Toolkit\;C:\Program Files\dotnet\;C:\Program Files\Git\cmd;C:\ProgramData\chocolatey\bin;C:\Program Files\nodejs\;C:\Program Files\Maven\apache-maven-3.9.15\bin;;C:\Program Files\Docker\Docker\resources\bin;C:\Program Files\MySQL\MySQL Shell 8.0\bin\;C:\Users\singh\AppData\Local\Programs\Python\Python313\Scripts\;C:\Users\singh\AppData\Local\Programs\Python\Python313\;C:\Users\singh\AppData\Local\Programs\Python\Launcher\;C:\Users\singh\AppData\Local\Programs\Eclipse Adoptium\jdk-17.0.11.9-hotspot\bin;C:\Users\singh\AppData\Local\Microsoft\WindowsApps;C:\Users\singh\AppData\Local\Programs\Microsoft VS Code\bin;C:\Users\singh\AppData\Roaming\npm;D:\Antigravity\Antigravity\bin
USERNAME=singh
OS=Windows_NT
PROCESSOR_IDENTIFIER=Intel64 Family 6 Model 186 Stepping 3, GenuineIntel
TMP=D:\Temp
TEMP=D:\Temp\Temp




Periodic native trim disabled

---------------  S Y S T E M  ---------------

OS:
 Windows 11 , 64 bit Build 26100 (10.0.26100.8328)
OS uptime: 0 days 1:23 hours
Hyper-V role detected

CPU: total 12 (initial active 12) (6 cores per cpu, 2 threads per core) family 6 model 186 stepping 3 microcode 0x4128, cx8, cmov, fxsr, ht, mmx, 3dnowpref, sse, sse2, sse3, ssse3, sse4.1, sse4.2, popcnt, lzcnt, tsc, tscinvbit, avx, avx2, aes, erms, clmul, bmi1, bmi2, adx, sha, fma, vzeroupper, clflush, clflushopt, clwb, hv, serialize, rdtscp, rdpid, fsrm, f16c, cet_ibt, cet_ss
Processor Information for processor 0
  Max Mhz: 1700, Current Mhz: 1700, Mhz Limit: 1700
Processor Information for processor 1
  Max Mhz: 1700, Current Mhz: 1700, Mhz Limit: 1700
Processor Information for processor 2
  Max Mhz: 1700, Current Mhz: 1700, Mhz Limit: 1700
Processor Information for processor 3
  Max Mhz: 1700, Current Mhz: 1700, Mhz Limit: 1700
Processor Information for processor 4
  Max Mhz: 1700, Current Mhz: 1200, Mhz Limit: 1190
Processor Information for processor 5
  Max Mhz: 1700, Current Mhz: 1200, Mhz Limit: 1190
Processor Information for processor 6
  Max Mhz: 1700, Current Mhz: 1200, Mhz Limit: 1190
Processor Information for processor 7
  Max Mhz: 1700, Current Mhz: 1200, Mhz Limit: 1190
Processor Information for processor 8
  Max Mhz: 1700, Current Mhz: 1200, Mhz Limit: 1190
Processor Information for processor 9
  Max Mhz: 1700, Current Mhz: 1200, Mhz Limit: 1190
Processor Information for processor 10
  Max Mhz: 1700, Current Mhz: 1200, Mhz Limit: 1190
Processor Information for processor 11
  Max Mhz: 1700, Current Mhz: 1200, Mhz Limit: 1190

Memory: 4k page, system-wide physical 16095M (3542M free)
TotalPageFile size 20191M (AvailPageFile size 182M)
current process WorkingSet (physical memory assigned to process): 145M, peak: 145M
current process commit charge ("private bytes"): 285M, peak: 285M

vm_info: OpenJDK 64-Bit Server VM (21.0.10+7-LTS) for windows-amd64 JRE (21.0.10+7-LTS), built on 2026-01-20T00:00:00Z by "admin" with MS VC++ 17.12 (VS2022)

END.
