#
# There is insufficient memory for the Java Runtime Environment to continue.
# Native memory allocation (malloc) failed to allocate 1889552 bytes. Error detail: Chunk::new
# Possible reasons:
#   The system is out of physical RAM or swap space
#   This process is running with CompressedOops enabled, and the Java Heap may be blocking the growth of the native heap
# Possible solutions:
#   Reduce memory load on the system
#   Increase physical memory or swap space
#   Check if swap backing store is full
#   Decrease Java heap size (-Xmx/-Xms)
#   Decrease number of Java threads
#   Decrease Java thread stack sizes (-Xss)
#   Set larger code cache with -XX:ReservedCodeCacheSize=
#   JVM is running with Unscaled Compressed Oops mode in which the Java heap is
#     placed in the first 4GB address space. The Java Heap base address is the
#     maximum limit for the native heap growth. Please use -XX:HeapBaseMinAddress
#     to set the Java Heap base and to place the Java Heap above 4GB virtual address.
# This output file may be truncated or incomplete.
#
#  Out of Memory Error (arena.cpp:168), pid=31404, tid=29548
#
# JRE version: OpenJDK Runtime Environment Temurin-21.0.10+7 (21.0.10+7) (build 21.0.10+7-LTS)
# Java VM: OpenJDK 64-Bit Server VM Temurin-21.0.10+7 (21.0.10+7-LTS, mixed mode, sharing, tiered, compressed oops, compressed class ptrs, parallel gc, windows-amd64)
# No core dump will be written. Minidumps are not enabled by default on client versions of Windows
#

---------------  S U M M A R Y ------------

Command Line: --add-modules=ALL-SYSTEM --add-opens=java.base/java.util=ALL-UNNAMED --add-opens=java.base/java.lang=ALL-UNNAMED --add-opens=java.base/sun.nio.fs=ALL-UNNAMED -Declipse.application=org.eclipse.jdt.ls.core.id1 -Dosgi.bundles.defaultStartLevel=4 -Declipse.product=org.eclipse.jdt.ls.core.product -Djava.import.generatesMetadataFilesAtProjectRoot=false -DDetectVMInstallationsJob.disabled=true -Dfile.encoding=utf8 -XX:+UseParallelGC -XX:GCTimeRatio=4 -XX:AdaptiveSizePolicyWeight=90 -Dsun.zip.disableMemoryMapping=true -Xmx2G -Xms100m -Xlog:disable -javaagent:c:\Users\singh\.vscode\extensions\redhat.java-1.54.0-win32-x64\lombok\lombok-1.18.39-4050.jar c:\Users\singh\.vscode\extensions\redhat.java-1.54.0-win32-x64\server\plugins\org.eclipse.equinox.launcher_1.7.100.v20251111-0406.jar -configuration c:\Users\singh\AppData\Roaming\Code\User\globalStorage\redhat.java\1.54.0\config_ss_win -data c:\Users\singh\AppData\Roaming\Code\User\workspaceStorage\404dc8cd7f8cac0b2001f1f3d6f6cd5e\redhat.java\ss_ws --pipe=\\.\pipe\lsp-6251308666c3c0f7d43cd110cafe8dce-sock

Host: 13th Gen Intel(R) Core(TM) i7-1355U, 12 cores, 15G,  Windows 11 , 64 bit Build 26100 (10.0.26100.8328)
Time: Tue Jun  2 11:43:04 2026 India Standard Time elapsed time: 6.666391 seconds (0d 0h 0m 6s)

---------------  T H R E A D  ---------------

Current thread (0x0000012567af6a70):  JavaThread "C2 CompilerThread1" daemon [_thread_in_native, id=29548, stack(0x0000001756f00000,0x0000001757000000) (1024K)]


Current CompileTask:
C2:6666 2744       4       org.lombokweb.asm.ClassReader::readMethod (1070 bytes)

Stack: [0x0000001756f00000,0x0000001757000000]
Native frames: (J=compiled Java code, j=interpreted, Vv=VM code, C=native code)
V  [jvm.dll+0x6d7a39]
V  [jvm.dll+0x8b4b26]
V  [jvm.dll+0x8b70de]
V  [jvm.dll+0x8b77c3]
V  [jvm.dll+0x284346]
V  [jvm.dll+0xc66ed]
V  [jvm.dll+0xc6c31]
V  [jvm.dll+0x3bec3b]
V  [jvm.dll+0x1e3f69]
V  [jvm.dll+0x24c6b3]
V  [jvm.dll+0x24bb40]
V  [jvm.dll+0x1cb34e]
V  [jvm.dll+0x25b85d]
V  [jvm.dll+0x259dea]
V  [jvm.dll+0x3f857e]
V  [jvm.dll+0x85f59d]
V  [jvm.dll+0x6d626d]
C  [ucrtbase.dll+0x37b0]
C  [KERNEL32.DLL+0x2e957]
C  [ntdll.dll+0x427c]


---------------  P R O C E S S  ---------------

Threads class SMR info:
_java_thread_list=0x00000125685b0630, length=21, elements={
0x000001254a0dbeb0, 0x000001254a06b6d0, 0x000001254a06c690, 0x000001254a073eb0,
0x000001254a073820, 0x000001254a074bd0, 0x000001254a072470, 0x000001254a077270,
0x0000012561e78860, 0x000001254a074540, 0x000001254a075260, 0x000001254a073190,
0x000001254a071de0, 0x000001254a072b00, 0x00000125676fb280, 0x00000125676fabf0,
0x0000012567af6a70, 0x00000125676fb910, 0x00000125676f8490, 0x00000125676f9840,
0x00000125676fa560
}

Java Threads: ( => current thread )
  0x000001254a0dbeb0 JavaThread "main"                              [_thread_blocked, id=13428, stack(0x0000001755300000,0x0000001755400000) (1024K)]
  0x000001254a06b6d0 JavaThread "Reference Handler"          daemon [_thread_blocked, id=20884, stack(0x0000001755700000,0x0000001755800000) (1024K)]
  0x000001254a06c690 JavaThread "Finalizer"                  daemon [_thread_blocked, id=24272, stack(0x0000001755800000,0x0000001755900000) (1024K)]
  0x000001254a073eb0 JavaThread "Signal Dispatcher"          daemon [_thread_blocked, id=9104, stack(0x0000001755900000,0x0000001755a00000) (1024K)]
  0x000001254a073820 JavaThread "Attach Listener"            daemon [_thread_blocked, id=24224, stack(0x0000001755a00000,0x0000001755b00000) (1024K)]
  0x000001254a074bd0 JavaThread "Service Thread"             daemon [_thread_blocked, id=26916, stack(0x0000001755b00000,0x0000001755c00000) (1024K)]
  0x000001254a072470 JavaThread "Monitor Deflation Thread"   daemon [_thread_blocked, id=27184, stack(0x0000001755c00000,0x0000001755d00000) (1024K)]
  0x000001254a077270 JavaThread "C2 CompilerThread0"         daemon [_thread_blocked, id=22868, stack(0x0000001755d00000,0x0000001755e00000) (1024K)]
  0x0000012561e78860 JavaThread "C1 CompilerThread0"         daemon [_thread_blocked, id=26524, stack(0x0000001755e00000,0x0000001755f00000) (1024K)]
  0x000001254a074540 JavaThread "Common-Cleaner"             daemon [_thread_blocked, id=30412, stack(0x0000001756000000,0x0000001756100000) (1024K)]
  0x000001254a075260 JavaThread "Notification Thread"        daemon [_thread_blocked, id=17724, stack(0x0000001756100000,0x0000001756200000) (1024K)]
  0x000001254a073190 JavaThread "Active Thread: Equinox Container: d9d4e94a-adce-4863-8075-2acb7d72d596"        [_thread_blocked, id=23768, stack(0x0000001756900000,0x0000001756a00000) (1024K)]
  0x000001254a071de0 JavaThread "Framework Event Dispatcher: Equinox Container: d9d4e94a-adce-4863-8075-2acb7d72d596" daemon [_thread_blocked, id=29536, stack(0x0000001756200000,0x0000001756300000) (1024K)]
  0x000001254a072b00 JavaThread "Start Level: Equinox Container: d9d4e94a-adce-4863-8075-2acb7d72d596" daemon [_thread_blocked, id=17872, stack(0x0000001756a00000,0x0000001756b00000) (1024K)]
  0x00000125676fb280 JavaThread "SCR Component Actor"        daemon [_thread_blocked, id=16548, stack(0x0000001755f00000,0x0000001756000000) (1024K)]
  0x00000125676fabf0 JavaThread "Worker-JM"                         [_thread_blocked, id=14924, stack(0x0000001756e00000,0x0000001756f00000) (1024K)]
=>0x0000012567af6a70 JavaThread "C2 CompilerThread1"         daemon [_thread_in_native, id=29548, stack(0x0000001756f00000,0x0000001757000000) (1024K)]
  0x00000125676fb910 JavaThread "JNA Cleaner"                daemon [_thread_blocked, id=24912, stack(0x0000001757000000,0x0000001757100000) (1024K)]
  0x00000125676f8490 JavaThread "Worker-0"                          [_thread_blocked, id=9704, stack(0x0000001757100000,0x0000001757200000) (1024K)]
  0x00000125676f9840 JavaThread "Worker-1"                          [_thread_blocked, id=5024, stack(0x0000001757200000,0x0000001757300000) (1024K)]
  0x00000125676fa560 JavaThread "Java indexing"              daemon [_thread_blocked, id=1012, stack(0x0000001757300000,0x0000001757400000) (1024K)]
Total: 21

Other Threads:
  0x000001254a064ac0 VMThread "VM Thread"                           [id=31592, stack(0x0000001755600000,0x0000001755700000) (1024K)]
  0x0000012549f5ca00 WatcherThread "VM Periodic Task Thread"        [id=27804, stack(0x0000001755500000,0x0000001755600000) (1024K)]
  0x000001254a0fa790 WorkerThread "GC Thread#0"                     [id=5268, stack(0x0000001755400000,0x0000001755500000) (1024K)]
  0x00000125671a7390 WorkerThread "GC Thread#1"                     [id=4452, stack(0x0000001756300000,0x0000001756400000) (1024K)]
  0x0000012567800890 WorkerThread "GC Thread#2"                     [id=30868, stack(0x0000001756400000,0x0000001756500000) (1024K)]
  0x00000125671a5790 WorkerThread "GC Thread#3"                     [id=15820, stack(0x0000001756500000,0x0000001756600000) (1024K)]
  0x00000125671a5b40 WorkerThread "GC Thread#4"                     [id=16572, stack(0x0000001756600000,0x0000001756700000) (1024K)]
  0x00000125671a5ef0 WorkerThread "GC Thread#5"                     [id=8292, stack(0x0000001756700000,0x0000001756800000) (1024K)]
  0x00000125671a62a0 WorkerThread "GC Thread#6"                     [id=5284, stack(0x0000001756800000,0x0000001756900000) (1024K)]
  0x00000125677e5440 WorkerThread "GC Thread#7"                     [id=15312, stack(0x0000001756b00000,0x0000001756c00000) (1024K)]
  0x0000012567ac9400 WorkerThread "GC Thread#8"                     [id=29632, stack(0x0000001756c00000,0x0000001756d00000) (1024K)]
  0x00000125678c4680 WorkerThread "GC Thread#9"                     [id=22720, stack(0x0000001756d00000,0x0000001756e00000) (1024K)]
Total: 12

Threads with active compile tasks:
C2 CompilerThread1  6691 2744       4       org.lombokweb.asm.ClassReader::readMethod (1070 bytes)
Total: 1

VM state: not at safepoint (normal execution)

VM Mutex/Monitor currently owned by a thread: None

Heap address: 0x0000000080000000, size: 2048 MB, Compressed Oops mode: 32-bit

CDS archive(s) mapped at: [0x0000012500000000-0x0000012500ba0000-0x0000012500ba0000), size 12189696, SharedBaseAddress: 0x0000012500000000, ArchiveRelocationMode: 1.
Compressed class space mapped at: 0x0000012501000000-0x0000012541000000, reserved size: 1073741824
Narrow klass base: 0x0000012500000000, Narrow klass shift: 0, Narrow klass range: 0x100000000

GC Precious Log:
 CardTable entry size: 512
 CPUs: 12 total, 12 available
 Memory: 16095M
 Large Page Support: Disabled
 NUMA Support: Disabled
 Compressed Oops: Enabled (32-bit)
 Alignments: Space 512K, Generation 512K, Heap 2M
 Heap Min Capacity: 100M
 Heap Initial Capacity: 100M
 Heap Max Capacity: 2G
 Pre-touch: Disabled
 Parallel Workers: 10

Heap:
 PSYoungGen      total 27136K, used 6293K [0x00000000d5580000, 0x00000000d7480000, 0x0000000100000000)
  eden space 24576K, 15% used [0x00000000d5580000,0x00000000d5950958,0x00000000d6d80000)
  from space 2560K, 93% used [0x00000000d6e80000,0x00000000d70d4cf0,0x00000000d7100000)
  to   space 3584K, 0% used [0x00000000d7100000,0x00000000d7100000,0x00000000d7480000)
 ParOldGen       total 68608K, used 8842K [0x0000000080000000, 0x0000000084300000, 0x00000000d5580000)
  object space 68608K, 12% used [0x0000000080000000,0x00000000808a2a30,0x0000000084300000)
 Metaspace       used 23496K, committed 24192K, reserved 1114112K
  class space    used 2275K, committed 2560K, reserved 1048576K

Card table byte_map: [0x0000012549a70000,0x0000012549e80000] _byte_map_base: 0x0000012549670000

Marking Bits: (ParMarkBitMap*) 0x00007ffa046f3450
 Begin Bits: [0x000001255c580000, 0x000001255e580000)
 End Bits:   [0x000001255e580000, 0x0000012560580000)

Polling page: 0x0000012547ec0000

Metaspace:

Usage:
  Non-class:     20.72 MB used.
      Class:      2.22 MB used.
       Both:     22.95 MB used.

Virtual space:
  Non-class space:       64.00 MB reserved,      21.12 MB ( 33%) committed,  1 nodes.
      Class space:        1.00 GB reserved,       2.50 MB ( <1%) committed,  1 nodes.
             Both:        1.06 GB reserved,      23.62 MB (  2%) committed. 

Chunk freelists:
   Non-Class:  10.16 MB
       Class:  13.52 MB
        Both:  23.68 MB

MaxMetaspaceSize: unlimited
CompressedClassSpaceSize: 1.00 GB
Initial GC threshold: 21.00 MB
Current GC threshold: 35.00 MB
CDS: on
 - commit_granule_bytes: 65536.
 - commit_granule_words: 8192.
 - virtual_space_node_default_size: 8388608.
 - enlarge_chunks_in_place: 1.
 - use_allocation_guard: 0.


Internal statistics:

num_allocs_failed_limit: 3.
num_arena_births: 520.
num_arena_deaths: 14.
num_vsnodes_births: 2.
num_vsnodes_deaths: 0.
num_space_committed: 378.
num_space_uncommitted: 0.
num_chunks_returned_to_freelist: 17.
num_chunks_taken_from_freelist: 1408.
num_chunk_merges: 9.
num_chunk_splits: 911.
num_chunks_enlarged: 593.
num_inconsistent_stats: 0.

CodeHeap 'non-profiled nmethods': size=120000Kb used=1360Kb max_used=1360Kb free=118639Kb
 bounds [0x0000012554da0000, 0x0000012555010000, 0x000001255c2d0000]
CodeHeap 'profiled nmethods': size=120000Kb used=5767Kb max_used=5767Kb free=114232Kb
 bounds [0x000001254d2d0000, 0x000001254d880000, 0x0000012554800000]
CodeHeap 'non-nmethods': size=5760Kb used=1320Kb max_used=1337Kb free=4439Kb
 bounds [0x0000012554800000, 0x0000012554a70000, 0x0000012554da0000]
CodeCache: size=245760Kb, used=8447Kb, max_used=8464Kb, free=237310Kb
 total_blobs=3561, nmethods=2954, adapters=513, full_count=0
Compilation: enabled, stopped_count=0, restarted_count=0

Compilation events (20 events):
Event: 5.664 Thread 0x0000012561e78860 2929       3       sun.util.locale.provider.LocaleProviderAdapter$$Lambda/0x800000068::apply (8 bytes)
Event: 5.664 Thread 0x0000012561e78860 nmethod 2929 0x000001254d868010 code [0x000001254d8681c0, 0x000001254d8683f0]
Event: 5.664 Thread 0x0000012561e78860 2935       3       sun.util.locale.LocaleObjectCache::normalizeKey (2 bytes)
Event: 5.664 Thread 0x0000012561e78860 nmethod 2935 0x000001254d868490 code [0x000001254d868620, 0x000001254d868730]
Event: 5.664 Thread 0x0000012561e78860 2936       3       sun.util.locale.ParseStatus::<init> (9 bytes)
Event: 5.664 Thread 0x0000012561e78860 nmethod 2936 0x000001254d868790 code [0x000001254d868940, 0x000001254d868b30]
Event: 5.664 Thread 0x0000012561e78860 2937       3       sun.util.locale.ParseStatus::reset (16 bytes)
Event: 5.664 Thread 0x0000012561e78860 nmethod 2937 0x000001254d868c10 code [0x000001254d868da0, 0x000001254d868ed8]
Event: 5.665 Thread 0x0000012561e78860 2938       3       sun.util.locale.StringTokenIterator::<init> (41 bytes)
Event: 5.665 Thread 0x0000012561e78860 nmethod 2938 0x000001254d868f90 code [0x000001254d8691c0, 0x000001254d869948]
Event: 5.665 Thread 0x0000012561e78860 2939       3       sun.util.locale.StringTokenIterator::setStart (62 bytes)
Event: 5.666 Thread 0x0000012561e78860 nmethod 2939 0x000001254d869c90 code [0x000001254d869e80, 0x000001254d86a250]
Event: 5.666 Thread 0x0000012561e78860 2940       3       sun.util.locale.LanguageTag::parseLanguage (55 bytes)
Event: 5.666 Thread 0x0000012561e78860 nmethod 2940 0x000001254d86a410 code [0x000001254d86a620, 0x000001254d86ac00]
Event: 5.666 Thread 0x0000012561e78860 2941       3       sun.util.locale.BaseLocale$Cache::normalizeKey (9 bytes)
Event: 5.666 Thread 0x0000012561e78860 nmethod 2941 0x000001254d86ae90 code [0x000001254d86b040, 0x000001254d86b2c8]
Event: 5.666 Thread 0x0000012561e78860 2922       3       sun.util.locale.BaseLocale$Key::normalize (67 bytes)
Event: 5.666 Thread 0x0000012561e78860 nmethod 2922 0x000001254d86b390 code [0x000001254d86b560, 0x000001254d86b7d8]
Event: 6.314 Thread 0x0000012561e78860 2942       1       java.util.concurrent.atomic.AtomicReference::set (6 bytes)
Event: 6.315 Thread 0x0000012561e78860 nmethod 2942 0x0000012554ef2d90 code [0x0000012554ef2f20, 0x0000012554ef3008]

GC Heap History (16 events):
Event: 1.068 GC heap before
{Heap before GC invocations=1 (full 0):
 PSYoungGen      total 29696K, used 25600K [0x00000000d5580000, 0x00000000d7680000, 0x0000000100000000)
  eden space 25600K, 100% used [0x00000000d5580000,0x00000000d6e80000,0x00000000d6e80000)
  from space 4096K, 0% used [0x00000000d7280000,0x00000000d7280000,0x00000000d7680000)
  to   space 4096K, 0% used [0x00000000d6e80000,0x00000000d6e80000,0x00000000d7280000)
 ParOldGen       total 68608K, used 0K [0x0000000080000000, 0x0000000084300000, 0x00000000d5580000)
  object space 68608K, 0% used [0x0000000080000000,0x0000000080000000,0x0000000084300000)
 Metaspace       used 4358K, committed 4608K, reserved 1114112K
  class space    used 474K, committed 576K, reserved 1048576K
}
Event: 1.077 GC heap after
{Heap after GC invocations=1 (full 0):
 PSYoungGen      total 29696K, used 3271K [0x00000000d5580000, 0x00000000d7680000, 0x0000000100000000)
  eden space 25600K, 0% used [0x00000000d5580000,0x00000000d5580000,0x00000000d6e80000)
  from space 4096K, 79% used [0x00000000d6e80000,0x00000000d71b1e98,0x00000000d7280000)
  to   space 4096K, 0% used [0x00000000d7280000,0x00000000d7280000,0x00000000d7680000)
 ParOldGen       total 68608K, used 16K [0x0000000080000000, 0x0000000084300000, 0x00000000d5580000)
  object space 68608K, 0% used [0x0000000080000000,0x0000000080004000,0x0000000084300000)
 Metaspace       used 4358K, committed 4608K, reserved 1114112K
  class space    used 474K, committed 576K, reserved 1048576K
}
Event: 2.065 GC heap before
{Heap before GC invocations=2 (full 0):
 PSYoungGen      total 29696K, used 28871K [0x00000000d5580000, 0x00000000d7680000, 0x0000000100000000)
  eden space 25600K, 100% used [0x00000000d5580000,0x00000000d6e80000,0x00000000d6e80000)
  from space 4096K, 79% used [0x00000000d6e80000,0x00000000d71b1e98,0x00000000d7280000)
  to   space 4096K, 0% used [0x00000000d7280000,0x00000000d7280000,0x00000000d7680000)
 ParOldGen       total 68608K, used 16K [0x0000000080000000, 0x0000000084300000, 0x00000000d5580000)
  object space 68608K, 0% used [0x0000000080000000,0x0000000080004000,0x0000000084300000)
 Metaspace       used 8193K, committed 8512K, reserved 1114112K
  class space    used 870K, committed 1024K, reserved 1048576K
}
Event: 2.071 GC heap after
{Heap after GC invocations=2 (full 0):
 PSYoungGen      total 29696K, used 4070K [0x00000000d5580000, 0x00000000d7680000, 0x0000000100000000)
  eden space 25600K, 0% used [0x00000000d5580000,0x00000000d5580000,0x00000000d6e80000)
  from space 4096K, 99% used [0x00000000d7280000,0x00000000d7679800,0x00000000d7680000)
  to   space 4096K, 0% used [0x00000000d6e80000,0x00000000d6e80000,0x00000000d7280000)
 ParOldGen       total 68608K, used 1159K [0x0000000080000000, 0x0000000084300000, 0x00000000d5580000)
  object space 68608K, 1% used [0x0000000080000000,0x0000000080121eb8,0x0000000084300000)
 Metaspace       used 8193K, committed 8512K, reserved 1114112K
  class space    used 870K, committed 1024K, reserved 1048576K
}
Event: 4.722 GC heap before
{Heap before GC invocations=3 (full 0):
 PSYoungGen      total 29696K, used 29670K [0x00000000d5580000, 0x00000000d7680000, 0x0000000100000000)
  eden space 25600K, 100% used [0x00000000d5580000,0x00000000d6e80000,0x00000000d6e80000)
  from space 4096K, 99% used [0x00000000d7280000,0x00000000d7679800,0x00000000d7680000)
  to   space 4096K, 0% used [0x00000000d6e80000,0x00000000d6e80000,0x00000000d7280000)
 ParOldGen       total 68608K, used 1159K [0x0000000080000000, 0x0000000084300000, 0x00000000d5580000)
  object space 68608K, 1% used [0x0000000080000000,0x0000000080121eb8,0x0000000084300000)
 Metaspace       used 13035K, committed 13568K, reserved 1114112K
  class space    used 1382K, committed 1664K, reserved 1048576K
}
Event: 4.726 GC heap after
{Heap after GC invocations=3 (full 0):
 PSYoungGen      total 29696K, used 4066K [0x00000000d5580000, 0x00000000d7680000, 0x0000000100000000)
  eden space 25600K, 0% used [0x00000000d5580000,0x00000000d5580000,0x00000000d6e80000)
  from space 4096K, 99% used [0x00000000d6e80000,0x00000000d7278890,0x00000000d7280000)
  to   space 4096K, 0% used [0x00000000d7280000,0x00000000d7280000,0x00000000d7680000)
 ParOldGen       total 68608K, used 2862K [0x0000000080000000, 0x0000000084300000, 0x00000000d5580000)
  object space 68608K, 4% used [0x0000000080000000,0x00000000802cb8f0,0x0000000084300000)
 Metaspace       used 13035K, committed 13568K, reserved 1114112K
  class space    used 1382K, committed 1664K, reserved 1048576K
}
Event: 5.165 GC heap before
{Heap before GC invocations=4 (full 0):
 PSYoungGen      total 29696K, used 29666K [0x00000000d5580000, 0x00000000d7680000, 0x0000000100000000)
  eden space 25600K, 100% used [0x00000000d5580000,0x00000000d6e80000,0x00000000d6e80000)
  from space 4096K, 99% used [0x00000000d6e80000,0x00000000d7278890,0x00000000d7280000)
  to   space 4096K, 0% used [0x00000000d7280000,0x00000000d7280000,0x00000000d7680000)
 ParOldGen       total 68608K, used 2862K [0x0000000080000000, 0x0000000084300000, 0x00000000d5580000)
  object space 68608K, 4% used [0x0000000080000000,0x00000000802cb8f0,0x0000000084300000)
 Metaspace       used 17190K, committed 17856K, reserved 1114112K
  class space    used 1807K, committed 2112K, reserved 1048576K
}
Event: 5.168 GC heap after
{Heap after GC invocations=4 (full 0):
 PSYoungGen      total 29696K, used 4082K [0x00000000d5580000, 0x00000000d7680000, 0x0000000100000000)
  eden space 25600K, 0% used [0x00000000d5580000,0x00000000d5580000,0x00000000d6e80000)
  from space 4096K, 99% used [0x00000000d7280000,0x00000000d767cb58,0x00000000d7680000)
  to   space 4096K, 0% used [0x00000000d6e80000,0x00000000d6e80000,0x00000000d7280000)
 ParOldGen       total 68608K, used 4515K [0x0000000080000000, 0x0000000084300000, 0x00000000d5580000)
  object space 68608K, 6% used [0x0000000080000000,0x0000000080468fa8,0x0000000084300000)
 Metaspace       used 17190K, committed 17856K, reserved 1114112K
  class space    used 1807K, committed 2112K, reserved 1048576K
}
Event: 5.379 GC heap before
{Heap before GC invocations=5 (full 0):
 PSYoungGen      total 29696K, used 29682K [0x00000000d5580000, 0x00000000d7680000, 0x0000000100000000)
  eden space 25600K, 100% used [0x00000000d5580000,0x00000000d6e80000,0x00000000d6e80000)
  from space 4096K, 99% used [0x00000000d7280000,0x00000000d767cb58,0x00000000d7680000)
  to   space 4096K, 0% used [0x00000000d6e80000,0x00000000d6e80000,0x00000000d7280000)
 ParOldGen       total 68608K, used 4515K [0x0000000080000000, 0x0000000084300000, 0x00000000d5580000)
  object space 68608K, 6% used [0x0000000080000000,0x0000000080468fa8,0x0000000084300000)
 Metaspace       used 20412K, committed 21120K, reserved 1114112K
  class space    used 2027K, committed 2368K, reserved 1048576K
}
Event: 5.382 GC heap after
{Heap after GC invocations=5 (full 0):
 PSYoungGen      total 29184K, used 4066K [0x00000000d5580000, 0x00000000d7800000, 0x0000000100000000)
  eden space 25088K, 0% used [0x00000000d5580000,0x00000000d5580000,0x00000000d6e00000)
  from space 4096K, 99% used [0x00000000d6e80000,0x00000000d7278b68,0x00000000d7280000)
  to   space 5120K, 0% used [0x00000000d7300000,0x00000000d7300000,0x00000000d7800000)
 ParOldGen       total 68608K, used 4768K [0x0000000080000000, 0x0000000084300000, 0x00000000d5580000)
  object space 68608K, 6% used [0x0000000080000000,0x00000000804a8090,0x0000000084300000)
 Metaspace       used 20412K, committed 21120K, reserved 1114112K
  class space    used 2027K, committed 2368K, reserved 1048576K
}
Event: 5.409 GC heap before
{Heap before GC invocations=6 (full 0):
 PSYoungGen      total 29184K, used 9554K [0x00000000d5580000, 0x00000000d7800000, 0x0000000100000000)
  eden space 25088K, 21% used [0x00000000d5580000,0x00000000d5adbef8,0x00000000d6e00000)
  from space 4096K, 99% used [0x00000000d6e80000,0x00000000d7278b68,0x00000000d7280000)
  to   space 5120K, 0% used [0x00000000d7300000,0x00000000d7300000,0x00000000d7800000)
 ParOldGen       total 68608K, used 4768K [0x0000000080000000, 0x0000000084300000, 0x00000000d5580000)
  object space 68608K, 6% used [0x0000000080000000,0x00000000804a8090,0x0000000084300000)
 Metaspace       used 20849K, committed 21504K, reserved 1114112K
  class space    used 2060K, committed 2368K, reserved 1048576K
}
Event: 5.412 GC heap after
{Heap after GC invocations=6 (full 0):
 PSYoungGen      total 29696K, used 4417K [0x00000000d5580000, 0x00000000d7780000, 0x0000000100000000)
  eden space 25088K, 0% used [0x00000000d5580000,0x00000000d5580000,0x00000000d6e00000)
  from space 4608K, 95% used [0x00000000d7300000,0x00000000d7750678,0x00000000d7780000)
  to   space 4608K, 0% used [0x00000000d6e80000,0x00000000d6e80000,0x00000000d7300000)
 ParOldGen       total 68608K, used 4768K [0x0000000080000000, 0x0000000084300000, 0x00000000d5580000)
  object space 68608K, 6% used [0x0000000080000000,0x00000000804a8090,0x0000000084300000)
 Metaspace       used 20849K, committed 21504K, reserved 1114112K
  class space    used 2060K, committed 2368K, reserved 1048576K
}
Event: 5.412 GC heap before
{Heap before GC invocations=7 (full 1):
 PSYoungGen      total 29696K, used 4417K [0x00000000d5580000, 0x00000000d7780000, 0x0000000100000000)
  eden space 25088K, 0% used [0x00000000d5580000,0x00000000d5580000,0x00000000d6e00000)
  from space 4608K, 95% used [0x00000000d7300000,0x00000000d7750678,0x00000000d7780000)
  to   space 4608K, 0% used [0x00000000d6e80000,0x00000000d6e80000,0x00000000d7300000)
 ParOldGen       total 68608K, used 4768K [0x0000000080000000, 0x0000000084300000, 0x00000000d5580000)
  object space 68608K, 6% used [0x0000000080000000,0x00000000804a8090,0x0000000084300000)
 Metaspace       used 20849K, committed 21504K, reserved 1114112K
  class space    used 2060K, committed 2368K, reserved 1048576K
}
Event: 5.431 GC heap after
{Heap after GC invocations=7 (full 1):
 PSYoungGen      total 29696K, used 0K [0x00000000d5580000, 0x00000000d7780000, 0x0000000100000000)
  eden space 25088K, 0% used [0x00000000d5580000,0x00000000d5580000,0x00000000d6e00000)
  from space 4608K, 0% used [0x00000000d7300000,0x00000000d7300000,0x00000000d7780000)
  to   space 4608K, 0% used [0x00000000d6e80000,0x00000000d6e80000,0x00000000d7300000)
 ParOldGen       total 68608K, used 8834K [0x0000000080000000, 0x0000000084300000, 0x00000000d5580000)
  object space 68608K, 12% used [0x0000000080000000,0x00000000808a0a30,0x0000000084300000)
 Metaspace       used 20837K, committed 21504K, reserved 1114112K
  class space    used 2057K, committed 2368K, reserved 1048576K
}
Event: 5.638 GC heap before
{Heap before GC invocations=8 (full 1):
 PSYoungGen      total 29696K, used 25088K [0x00000000d5580000, 0x00000000d7780000, 0x0000000100000000)
  eden space 25088K, 100% used [0x00000000d5580000,0x00000000d6e00000,0x00000000d6e00000)
  from space 4608K, 0% used [0x00000000d7300000,0x00000000d7300000,0x00000000d7780000)
  to   space 4608K, 0% used [0x00000000d6e80000,0x00000000d6e80000,0x00000000d7300000)
 ParOldGen       total 68608K, used 8834K [0x0000000080000000, 0x0000000084300000, 0x00000000d5580000)
  object space 68608K, 12% used [0x0000000080000000,0x00000000808a0a30,0x0000000084300000)
 Metaspace       used 23062K, committed 23808K, reserved 1114112K
  class space    used 2237K, committed 2560K, reserved 1048576K
}
Event: 5.640 GC heap after
{Heap after GC invocations=8 (full 1):
 PSYoungGen      total 27136K, used 2387K [0x00000000d5580000, 0x00000000d7480000, 0x0000000100000000)
  eden space 24576K, 0% used [0x00000000d5580000,0x00000000d5580000,0x00000000d6d80000)
  from space 2560K, 93% used [0x00000000d6e80000,0x00000000d70d4cf0,0x00000000d7100000)
  to   space 3584K, 0% used [0x00000000d7100000,0x00000000d7100000,0x00000000d7480000)
 ParOldGen       total 68608K, used 8842K [0x0000000080000000, 0x0000000084300000, 0x00000000d5580000)
  object space 68608K, 12% used [0x0000000080000000,0x00000000808a2a30,0x0000000084300000)
 Metaspace       used 23062K, committed 23808K, reserved 1114112K
  class space    used 2237K, committed 2560K, reserved 1048576K
}

Dll operation events (10 events):
Event: 0.019 Loaded shared library c:\Users\singh\.vscode\extensions\redhat.java-1.54.0-win32-x64\jre\21.0.10-win32-x86_64\bin\java.dll
Event: 0.218 Loaded shared library c:\Users\singh\.vscode\extensions\redhat.java-1.54.0-win32-x64\jre\21.0.10-win32-x86_64\bin\zip.dll
Event: 0.246 Loaded shared library C:\Users\singh\.vscode\extensions\redhat.java-1.54.0-win32-x64\jre\21.0.10-win32-x86_64\bin\instrument.dll
Event: 0.253 Loaded shared library C:\Users\singh\.vscode\extensions\redhat.java-1.54.0-win32-x64\jre\21.0.10-win32-x86_64\bin\net.dll
Event: 0.257 Loaded shared library C:\Users\singh\.vscode\extensions\redhat.java-1.54.0-win32-x64\jre\21.0.10-win32-x86_64\bin\nio.dll
Event: 0.261 Loaded shared library C:\Users\singh\.vscode\extensions\redhat.java-1.54.0-win32-x64\jre\21.0.10-win32-x86_64\bin\zip.dll
Event: 0.288 Loaded shared library C:\Users\singh\.vscode\extensions\redhat.java-1.54.0-win32-x64\jre\21.0.10-win32-x86_64\bin\jimage.dll
Event: 0.402 Loaded shared library c:\Users\singh\.vscode\extensions\redhat.java-1.54.0-win32-x64\jre\21.0.10-win32-x86_64\bin\verify.dll
Event: 2.014 Loaded shared library C:\Users\singh\AppData\Roaming\Code\User\globalStorage\redhat.java\1.54.0\config_ss_win\org.eclipse.equinox.launcher\org.eclipse.equinox.launcher.win32.win32.x86_64_1.3.0.v20260203-2149\eclipse_11919.dll
Event: 5.025 Loaded shared library D:\Temp\jna-109441977\jna14822323500775114237.dll

Deoptimization events (20 events):
Event: 5.664 Thread 0x000001254a072b00 Uncommon trap: trap_request=0xffffff45 fr.pc=0x0000012554e30324 relative=0x00000000000004a4
Event: 5.664 Thread 0x000001254a072b00 Uncommon trap: reason=unstable_if action=reinterpret pc=0x0000012554e30324 method=java.lang.AbstractStringBuilder.inflateIfNeededFor(Ljava/lang/String;)V @ 14 c2
Event: 5.664 Thread 0x000001254a072b00 DEOPT PACKING pc=0x0000012554e30324 sp=0x0000001756afe020
Event: 5.664 Thread 0x000001254a072b00 DEOPT UNPACKING pc=0x0000012554853aa2 sp=0x0000001756afdf28 mode 2
Event: 5.664 Thread 0x000001254a072b00 Uncommon trap: trap_request=0xffffff45 fr.pc=0x0000012554eb50f8 relative=0x0000000000000438
Event: 5.664 Thread 0x000001254a072b00 Uncommon trap: reason=unstable_if action=reinterpret pc=0x0000012554eb50f8 method=java.lang.AbstractStringBuilder.isLatin1()Z @ 10 c2
Event: 5.664 Thread 0x000001254a072b00 DEOPT PACKING pc=0x0000012554eb50f8 sp=0x0000001756afe150
Event: 5.664 Thread 0x000001254a072b00 DEOPT UNPACKING pc=0x0000012554853aa2 sp=0x0000001756afe0c0 mode 2
Event: 5.664 Thread 0x000001254a072b00 Uncommon trap: trap_request=0xffffff45 fr.pc=0x0000012554dc7aa0 relative=0x0000000000000440
Event: 5.664 Thread 0x000001254a072b00 Uncommon trap: reason=unstable_if action=reinterpret pc=0x0000012554dc7aa0 method=java.lang.StringLatin1.canEncode(C)Z @ 4 c2
Event: 5.665 Thread 0x000001254a072b00 DEOPT PACKING pc=0x0000012554dc7aa0 sp=0x0000001756afe1b0
Event: 5.665 Thread 0x000001254a072b00 DEOPT UNPACKING pc=0x0000012554853aa2 sp=0x0000001756afe0e0 mode 2
Event: 5.665 Thread 0x000001254a072b00 Uncommon trap: trap_request=0xffffff45 fr.pc=0x0000012554defbf4 relative=0x0000000000000414
Event: 5.665 Thread 0x000001254a072b00 Uncommon trap: reason=unstable_if action=reinterpret pc=0x0000012554defbf4 method=java.lang.AbstractStringBuilder.isLatin1()Z @ 10 c2
Event: 5.665 Thread 0x000001254a072b00 DEOPT PACKING pc=0x0000012554defbf4 sp=0x0000001756afe1d0
Event: 5.665 Thread 0x000001254a072b00 DEOPT UNPACKING pc=0x0000012554853aa2 sp=0x0000001756afe160 mode 2
Event: 5.665 Thread 0x000001254a072b00 Uncommon trap: trap_request=0xffffff45 fr.pc=0x0000012554e6fb0c relative=0x000000000000006c
Event: 5.665 Thread 0x000001254a072b00 Uncommon trap: reason=unstable_if action=reinterpret pc=0x0000012554e6fb0c method=java.lang.AbstractStringBuilder.isLatin1()Z @ 10 c2
Event: 5.665 Thread 0x000001254a072b00 DEOPT PACKING pc=0x0000012554e6fb0c sp=0x0000001756afe1d0
Event: 5.665 Thread 0x000001254a072b00 DEOPT UNPACKING pc=0x0000012554853aa2 sp=0x0000001756afe160 mode 2

Classes loaded (20 events):
Event: 5.616 Loading class com/sun/org/apache/xerces/internal/impl/msg/XMLMessages
Event: 5.616 Loading class com/sun/org/apache/xerces/internal/impl/msg/XMLMessages done
Event: 5.618 Loading class com/sun/org/apache/xerces/internal/impl/msg/XMLMessages_en
Event: 5.618 Loading class com/sun/org/apache/xerces/internal/impl/msg/XMLMessages_en done
Event: 5.618 Loading class com/sun/org/apache/xerces/internal/impl/msg/XMLMessages_en
Event: 5.618 Loading class com/sun/org/apache/xerces/internal/impl/msg/XMLMessages_en done
Event: 5.618 Loading class com/sun/org/apache/xerces/internal/impl/msg/XMLMessages_en_IN
Event: 5.618 Loading class com/sun/org/apache/xerces/internal/impl/msg/XMLMessages_en_IN done
Event: 5.618 Loading class com/sun/org/apache/xerces/internal/impl/msg/XMLMessages_en_IN
Event: 5.618 Loading class com/sun/org/apache/xerces/internal/impl/msg/XMLMessages_en_IN done
Event: 5.631 Loading class java/net/Authenticator
Event: 5.631 Loading class java/net/Authenticator done
Event: 5.641 Loading class java/net/SocketAddress
Event: 5.641 Loading class java/net/SocketAddress done
Event: 5.641 Loading class java/net/InetSocketAddress
Event: 5.641 Loading class java/net/InetSocketAddress done
Event: 5.641 Loading class java/nio/channels/AsynchronousByteChannel
Event: 5.641 Loading class java/nio/channels/AsynchronousChannel
Event: 5.641 Loading class java/nio/channels/AsynchronousChannel done
Event: 5.641 Loading class java/nio/channels/AsynchronousByteChannel done

Classes unloaded (7 events):
Event: 5.416 Thread 0x000001254a064ac0 Unloading class 0x0000012501191400 'java/lang/invoke/LambdaForm$MH+0x0000012501191400'
Event: 5.416 Thread 0x000001254a064ac0 Unloading class 0x0000012501191000 'java/lang/invoke/LambdaForm$MH+0x0000012501191000'
Event: 5.416 Thread 0x000001254a064ac0 Unloading class 0x0000012501190c00 'java/lang/invoke/LambdaForm$MH+0x0000012501190c00'
Event: 5.416 Thread 0x000001254a064ac0 Unloading class 0x0000012501190800 'java/lang/invoke/LambdaForm$MH+0x0000012501190800'
Event: 5.416 Thread 0x000001254a064ac0 Unloading class 0x0000012501190400 'java/lang/invoke/LambdaForm$BMH+0x0000012501190400'
Event: 5.416 Thread 0x000001254a064ac0 Unloading class 0x0000012501190000 'java/lang/invoke/LambdaForm$DMH+0x0000012501190000'
Event: 5.416 Thread 0x000001254a064ac0 Unloading class 0x000001250118ec00 'java/lang/invoke/LambdaForm$DMH+0x000001250118ec00'

Classes redefined (0 events):
No events

Internal exceptions (20 events):
Event: 5.064 Thread 0x000001254a072b00 Exception <a 'java/lang/NoSuchMethodError'{0x00000000d65ec858}: 'java.lang.Object java.lang.invoke.Invokers$Holder.linkToTargetMethod(java.lang.Object, java.lang.Object, long, java.lang.Object)'> (0x00000000d65ec858) 
thrown [s\src\hotspot\share\interpreter\linkResolver.cpp, line 773]
Event: 5.070 Thread 0x000001254a072b00 Exception <a 'java/lang/NoSuchMethodError'{0x00000000d665e7a8}: 'int java.lang.invoke.DirectMethodHandle$Holder.invokeStaticInit(java.lang.Object, java.lang.Object, java.lang.Object)'> (0x00000000d665e7a8) 
thrown [s\src\hotspot\share\interpreter\linkResolver.cpp, line 773]
Event: 5.074 Thread 0x000001254a072b00 Exception <a 'java/lang/IncompatibleClassChangeError'{0x00000000d66edc50}: Found class java.lang.Object, but interface was expected> (0x00000000d66edc50) 
thrown [s\src\hotspot\share\interpreter\linkResolver.cpp, line 840]
Event: 5.076 Thread 0x000001254a072b00 Exception <a 'java/lang/NoSuchMethodError'{0x00000000d67009d0}: 'java.lang.Object java.lang.invoke.DirectMethodHandle$Holder.invokeSpecial(java.lang.Object, java.lang.Object, java.lang.Object, int, java.lang.Object, java.lang.Object)'> (0x00000000d67009d0) 
thrown [s\src\hotspot\share\interpreter\linkResolver.cpp, line 773]
Event: 5.077 Thread 0x000001254a072b00 Exception <a 'java/lang/NoSuchMethodError'{0x00000000d67084a8}: 'java.lang.Object java.lang.invoke.DirectMethodHandle$Holder.newInvokeSpecial(java.lang.Object, java.lang.Object, java.lang.Object, int, java.lang.Object)'> (0x00000000d67084a8) 
thrown [s\src\hotspot\share\interpreter\linkResolver.cpp, line 773]
Event: 5.077 Thread 0x000001254a072b00 Exception <a 'java/lang/NoSuchMethodError'{0x00000000d670c428}: 'java.lang.Object java.lang.invoke.DirectMethodHandle$Holder.invokeSpecial(java.lang.Object, java.lang.Object, java.lang.Object, java.lang.Object, int, java.lang.Object)'> (0x00000000d670c428) 
thrown [s\src\hotspot\share\interpreter\linkResolver.cpp, line 773]
Event: 5.077 Thread 0x000001254a072b00 Exception <a 'java/lang/NoSuchMethodError'{0x00000000d670ff68}: 'java.lang.Object java.lang.invoke.Invokers$Holder.linkToTargetMethod(java.lang.Object, java.lang.Object, int, java.lang.Object, java.lang.Object)'> (0x00000000d670ff68) 
thrown [s\src\hotspot\share\interpreter\linkResolver.cpp, line 773]
Event: 5.077 Thread 0x00000125676f8490 Exception <a 'java/lang/NoSuchMethodError'{0x00000000d6628900}: 'java.lang.Object java.lang.invoke.DirectMethodHandle$Holder.invokeSpecial(java.lang.Object, java.lang.Object, int, java.lang.Object, java.lang.Object)'> (0x00000000d6628900) 
thrown [s\src\hotspot\share\interpreter\linkResolver.cpp, line 773]
Event: 5.078 Thread 0x00000125676f8490 Exception <a 'java/lang/NoSuchMethodError'{0x00000000d662f638}: 'java.lang.Object java.lang.invoke.DirectMethodHandle$Holder.newInvokeSpecial(java.lang.Object, java.lang.Object, int, java.lang.Object)'> (0x00000000d662f638) 
thrown [s\src\hotspot\share\interpreter\linkResolver.cpp, line 773]
Event: 5.078 Thread 0x00000125676f8490 Exception <a 'java/lang/NoSuchMethodError'{0x00000000d6632f18}: 'java.lang.Object java.lang.invoke.DirectMethodHandle$Holder.invokeSpecial(java.lang.Object, java.lang.Object, java.lang.Object, int, java.lang.Object)'> (0x00000000d6632f18) 
thrown [s\src\hotspot\share\interpreter\linkResolver.cpp, line 773]
Event: 5.087 Thread 0x000001254a072b00 Exception <a 'java/lang/NoSuchMethodError'{0x00000000d682f250}: 'void java.lang.invoke.DirectMethodHandle$Holder.invokeSpecial(java.lang.Object, java.lang.Object, java.lang.Object, java.lang.Object, java.lang.Object)'> (0x00000000d682f250) 
thrown [s\src\hotspot\share\interpreter\linkResolver.cpp, line 773]
Event: 5.112 Thread 0x000001254a072b00 Exception <a 'java/lang/NoSuchMethodError'{0x00000000d6a65760}: 'double java.lang.invoke.DirectMethodHandle$Holder.invokeStatic(java.lang.Object, java.lang.Object)'> (0x00000000d6a65760) 
thrown [s\src\hotspot\share\interpreter\linkResolver.cpp, line 773]
Event: 5.112 Thread 0x000001254a072b00 Exception <a 'java/lang/NoSuchMethodError'{0x00000000d6a68e20}: 'double java.lang.invoke.DirectMethodHandle$Holder.invokeStaticInit(java.lang.Object, java.lang.Object)'> (0x00000000d6a68e20) 
thrown [s\src\hotspot\share\interpreter\linkResolver.cpp, line 773]
Event: 5.376 Thread 0x000001254a072b00 Implicit null exception at 0x0000012554ed6175 to 0x0000012554ed6250
Event: 5.499 Thread 0x000001254a072b00 Exception <a 'java/io/FileNotFoundException'{0x00000000d63f4a08}> (0x00000000d63f4a08) 
thrown [s\src\hotspot\share\prims\jni.cpp, line 520]
Event: 5.499 Thread 0x000001254a072b00 Exception <a 'java/io/FileNotFoundException'{0x00000000d63f5a08}> (0x00000000d63f5a08) 
thrown [s\src\hotspot\share\prims\jni.cpp, line 520]
Event: 5.614 Thread 0x000001254a072b00 Exception <a 'java/lang/ClassNotFoundException'{0x00000000d6c30708}: com/sun/org/apache/xerces/internal/impl/msg/spi/DOMMessagesProvider> (0x00000000d6c30708) 
thrown [s\src\hotspot\share\classfile\systemDictionary.cpp, line 312]
Event: 5.616 Thread 0x000001254a072b00 Exception <a 'java/lang/ClassNotFoundException'{0x00000000d6c4bbf0}: com/sun/org/apache/xerces/internal/impl/msg/spi/XMLSerializerMessagesProvider> (0x00000000d6c4bbf0) 
thrown [s\src\hotspot\share\classfile\systemDictionary.cpp, line 312]
Event: 5.616 Thread 0x000001254a072b00 Exception <a 'java/lang/ClassNotFoundException'{0x00000000d6c58f10}: com/sun/org/apache/xerces/internal/impl/msg/spi/XMLMessagesProvider> (0x00000000d6c58f10) 
thrown [s\src\hotspot\share\classfile\systemDictionary.cpp, line 312]
Event: 5.647 Thread 0x000001254a072b00 Exception <a 'java/lang/NoSuchMethodError'{0x00000000d561ba08}: 'java.lang.Object java.lang.invoke.DirectMethodHandle$Holder.newInvokeSpecial(java.lang.Object, int, java.lang.Object, java.lang.Object)'> (0x00000000d561ba08) 
thrown [s\src\hotspot\share\interpreter\linkResolver.cpp, line 773]

ZGC Phase Switch (0 events):
No events

VM Operations (20 events):
Event: 4.722 Executing safepoint VM operation: ParallelGCFailedAllocation (Allocation Failure)
Event: 4.726 Executing safepoint VM operation: ParallelGCFailedAllocation (Allocation Failure) done
Event: 4.769 Executing non-safepoint VM operation: HandshakeAllThreads (Deoptimize)
Event: 4.769 Executing non-safepoint VM operation: HandshakeAllThreads (Deoptimize) done
Event: 4.771 Executing non-safepoint VM operation: HandshakeAllThreads (Deoptimize)
Event: 4.772 Executing non-safepoint VM operation: HandshakeAllThreads (Deoptimize) done
Event: 4.780 Executing non-safepoint VM operation: HandshakeAllThreads (Deoptimize)
Event: 4.780 Executing non-safepoint VM operation: HandshakeAllThreads (Deoptimize) done
Event: 5.029 Executing non-safepoint VM operation: HandshakeAllThreads (Deoptimize)
Event: 5.029 Executing non-safepoint VM operation: HandshakeAllThreads (Deoptimize) done
Event: 5.165 Executing safepoint VM operation: ParallelGCFailedAllocation (Allocation Failure)
Event: 5.168 Executing safepoint VM operation: ParallelGCFailedAllocation (Allocation Failure) done
Event: 5.379 Executing safepoint VM operation: ParallelGCFailedAllocation (Allocation Failure)
Event: 5.382 Executing safepoint VM operation: ParallelGCFailedAllocation (Allocation Failure) done
Event: 5.409 Executing safepoint VM operation: CollectForMetadataAllocation (Metadata GC Threshold)
Event: 5.431 Executing safepoint VM operation: CollectForMetadataAllocation (Metadata GC Threshold) done
Event: 5.638 Executing safepoint VM operation: ParallelGCFailedAllocation (Allocation Failure)
Event: 5.640 Executing safepoint VM operation: ParallelGCFailedAllocation (Allocation Failure) done
Event: 6.640 Executing safepoint VM operation: Cleanup
Event: 6.640 Executing safepoint VM operation: Cleanup done

Memory protections (0 events):
No events

Nmethod flushes (0 events):
No events

Events (20 events):
Event: 1.304 Thread 0x00000125670837b0 Thread exited: 0x00000125670837b0
Event: 1.304 Thread 0x0000012561f37340 Thread exited: 0x0000012561f37340
Event: 1.399 Thread 0x0000012561e78860 Thread added: 0x0000012567658240
Event: 1.400 Thread 0x0000012561e78860 Thread added: 0x000001256767c660
Event: 1.675 Thread 0x000001254a0dbeb0 Thread added: 0x000001254a073190
Event: 1.987 Thread 0x000001256767c660 Thread exited: 0x000001256767c660
Event: 1.996 Thread 0x000001254a0dbeb0 Thread added: 0x000001254a071de0
Event: 2.004 Thread 0x000001254a0dbeb0 Thread added: 0x000001254a072b00
Event: 2.158 Thread 0x0000012567658240 Thread exited: 0x0000012567658240
Event: 2.236 Thread 0x000001254a072b00 Thread added: 0x00000125676fb280
Event: 3.425 Thread 0x0000012561e78860 Thread added: 0x0000012567ac9140
Event: 3.425 Thread 0x0000012561e78860 Thread added: 0x00000125677118a0
Event: 3.628 Thread 0x000001254a072b00 Thread added: 0x00000125676fabf0
Event: 3.994 Thread 0x00000125677118a0 Thread exited: 0x00000125677118a0
Event: 3.994 Thread 0x0000012567ac9140 Thread exited: 0x0000012567ac9140
Event: 4.784 Thread 0x0000012561e78860 Thread added: 0x0000012567af6a70
Event: 5.042 Thread 0x000001254a072b00 Thread added: 0x00000125676fb910
Event: 5.065 Thread 0x000001254a072b00 Thread added: 0x00000125676f8490
Event: 5.078 Thread 0x000001254a072b00 Thread added: 0x00000125676f9840
Event: 5.629 Thread 0x000001254a072b00 Thread added: 0x00000125676fa560


Dynamic libraries:
0x00007ff6478b0000 - 0x00007ff6478be000 	c:\Users\singh\.vscode\extensions\redhat.java-1.54.0-win32-x64\jre\21.0.10-win32-x86_64\bin\java.exe
0x00007ffad91c0000 - 0x00007ffad9427000 	C:\WINDOWS\SYSTEM32\ntdll.dll
0x00007ffad8a00000 - 0x00007ffad8ac9000 	C:\WINDOWS\System32\KERNEL32.DLL
0x00007ffad69c0000 - 0x00007ffad6db7000 	C:\WINDOWS\System32\KERNELBASE.dll
0x00007ffad2f40000 - 0x00007ffad2fe0000 	C:\WINDOWS\SYSTEM32\apphelp.dll
0x00007ffad6dc0000 - 0x00007ffad6f0b000 	C:\WINDOWS\System32\ucrtbase.dll
0x00007ffab02a0000 - 0x00007ffab02b8000 	c:\Users\singh\.vscode\extensions\redhat.java-1.54.0-win32-x64\jre\21.0.10-win32-x86_64\bin\jli.dll
0x00007ffad7000000 - 0x00007ffad71c6000 	C:\WINDOWS\System32\USER32.dll
0x00007ffaaf9e0000 - 0x00007ffaaf9fe000 	c:\Users\singh\.vscode\extensions\redhat.java-1.54.0-win32-x64\jre\21.0.10-win32-x86_64\bin\VCRUNTIME140.dll
0x00007ffad6f10000 - 0x00007ffad6f37000 	C:\WINDOWS\System32\win32u.dll
0x00007ffad8d80000 - 0x00007ffad8dab000 	C:\WINDOWS\System32\GDI32.dll
0x00007ffad6800000 - 0x00007ffad692c000 	C:\WINDOWS\System32\gdi32full.dll
0x00007ffad5d60000 - 0x00007ffad5e03000 	C:\WINDOWS\System32\msvcp_win.dll
0x00007ffab14e0000 - 0x00007ffab1772000 	C:\WINDOWS\WinSxS\amd64_microsoft.windows.common-controls_6595b64144ccf1df_6.0.26100.8457_none_3e0b2faee331e92d\COMCTL32.dll
0x00007ffad81d0000 - 0x00007ffad8279000 	C:\WINDOWS\System32\msvcrt.dll
0x00007ffad87b0000 - 0x00007ffad87e2000 	C:\WINDOWS\System32\IMM32.DLL
0x00007ffac6d30000 - 0x00007ffac6d3c000 	c:\Users\singh\.vscode\extensions\redhat.java-1.54.0-win32-x64\jre\21.0.10-win32-x86_64\bin\vcruntime140_1.dll
0x00007ffa7e760000 - 0x00007ffa7e7ed000 	c:\Users\singh\.vscode\extensions\redhat.java-1.54.0-win32-x64\jre\21.0.10-win32-x86_64\bin\msvcp140.dll
0x00007ffa03a30000 - 0x00007ffa047d1000 	c:\Users\singh\.vscode\extensions\redhat.java-1.54.0-win32-x64\jre\21.0.10-win32-x86_64\bin\server\jvm.dll
0x00007ffad8c30000 - 0x00007ffad8ce6000 	C:\WINDOWS\System32\ADVAPI32.dll
0x00007ffad8f10000 - 0x00007ffad8fb7000 	C:\WINDOWS\System32\sechost.dll
0x00007ffad9060000 - 0x00007ffad9178000 	C:\WINDOWS\System32\RPCRT4.dll
0x00007ffad8b50000 - 0x00007ffad8bd0000 	C:\WINDOWS\System32\WS2_32.dll
0x00007ffad5a50000 - 0x00007ffad5aae000 	C:\WINDOWS\SYSTEM32\POWRPROF.dll
0x00007ffad0980000 - 0x00007ffad09b6000 	C:\WINDOWS\SYSTEM32\WINMM.dll
0x00007ffac1ca0000 - 0x00007ffac1cab000 	C:\WINDOWS\SYSTEM32\VERSION.dll
0x00007ffad5a30000 - 0x00007ffad5a44000 	C:\WINDOWS\SYSTEM32\UMPDC.dll
0x00007ffad48e0000 - 0x00007ffad48fb000 	C:\WINDOWS\SYSTEM32\kernel.appcore.dll
0x00007ffabc780000 - 0x00007ffabc78a000 	c:\Users\singh\.vscode\extensions\redhat.java-1.54.0-win32-x64\jre\21.0.10-win32-x86_64\bin\jimage.dll
0x00007ffad39d0000 - 0x00007ffad3c12000 	C:\WINDOWS\SYSTEM32\DBGHELP.DLL
0x00007ffad71d0000 - 0x00007ffad7553000 	C:\WINDOWS\System32\combase.dll
0x00007ffad8920000 - 0x00007ffad89f9000 	C:\WINDOWS\System32\OLEAUT32.dll
0x00007ffaac840000 - 0x00007ffaac87b000 	C:\WINDOWS\SYSTEM32\dbgcore.DLL
0x00007ffad5bf0000 - 0x00007ffad5c98000 	C:\WINDOWS\System32\bcryptPrimitives.dll
0x00007ffabc5e0000 - 0x00007ffabc5ef000 	c:\Users\singh\.vscode\extensions\redhat.java-1.54.0-win32-x64\jre\21.0.10-win32-x86_64\bin\instrument.dll
0x00007ffaaf8f0000 - 0x00007ffaaf910000 	c:\Users\singh\.vscode\extensions\redhat.java-1.54.0-win32-x64\jre\21.0.10-win32-x86_64\bin\java.dll
0x00007ffad79f0000 - 0x00007ffad815e000 	C:\WINDOWS\System32\SHELL32.dll
0x00007ffad5e10000 - 0x00007ffad667c000 	C:\WINDOWS\System32\windows.storage.dll
0x00007ffad87f0000 - 0x00007ffad88e6000 	C:\WINDOWS\System32\SHCORE.dll
0x00007ffad8fd0000 - 0x00007ffad9036000 	C:\WINDOWS\System32\shlwapi.dll
0x00007ffad5b10000 - 0x00007ffad5b39000 	C:\WINDOWS\SYSTEM32\profapi.dll
0x00007ffa990c0000 - 0x00007ffa990d8000 	c:\Users\singh\.vscode\extensions\redhat.java-1.54.0-win32-x64\jre\21.0.10-win32-x86_64\bin\zip.dll
0x00007ffabc490000 - 0x00007ffabc4a0000 	C:\Users\singh\.vscode\extensions\redhat.java-1.54.0-win32-x64\jre\21.0.10-win32-x86_64\bin\net.dll
0x00007ffad0140000 - 0x00007ffad0269000 	C:\WINDOWS\SYSTEM32\WINHTTP.dll
0x00007ffad4ef0000 - 0x00007ffad4f5c000 	C:\WINDOWS\system32\mswsock.dll
0x00007ffa98de0000 - 0x00007ffa98df6000 	C:\Users\singh\.vscode\extensions\redhat.java-1.54.0-win32-x64\jre\21.0.10-win32-x86_64\bin\nio.dll
0x00007ffab1830000 - 0x00007ffab1840000 	c:\Users\singh\.vscode\extensions\redhat.java-1.54.0-win32-x64\jre\21.0.10-win32-x86_64\bin\verify.dll
0x00007ffa82b00000 - 0x00007ffa82b45000 	C:\Users\singh\AppData\Roaming\Code\User\globalStorage\redhat.java\1.54.0\config_ss_win\org.eclipse.equinox.launcher\org.eclipse.equinox.launcher.win32.win32.x86_64_1.3.0.v20260203-2149\eclipse_11919.dll
0x00007ffad85e0000 - 0x00007ffad8777000 	C:\WINDOWS\System32\ole32.dll
0x00007ffad51d0000 - 0x00007ffad51eb000 	C:\WINDOWS\SYSTEM32\CRYPTSP.dll
0x00007ffad4900000 - 0x00007ffad4939000 	C:\WINDOWS\system32\rsaenh.dll
0x00007ffad4fa0000 - 0x00007ffad4fd3000 	C:\WINDOWS\SYSTEM32\USERENV.dll
0x00007ffad5ae0000 - 0x00007ffad5b0a000 	C:\WINDOWS\SYSTEM32\bcrypt.dll
0x00007ffad51f0000 - 0x00007ffad51fc000 	C:\WINDOWS\SYSTEM32\CRYPTBASE.dll
0x00007ffad43a0000 - 0x00007ffad43d2000 	C:\WINDOWS\SYSTEM32\IPHLPAPI.DLL
0x00007ffad8780000 - 0x00007ffad878a000 	C:\WINDOWS\System32\NSI.dll
0x00007ffa79780000 - 0x00007ffa797c9000 	D:\Temp\jna-109441977\jna14822323500775114237.dll
0x00007ffad9040000 - 0x00007ffad9048000 	C:\WINDOWS\System32\PSAPI.DLL

JVMTI agents:
c:\Users\singh\.vscode\extensions\redhat.java-1.54.0-win32-x64\lombok\lombok-1.18.39-4050.jar path:c:\Users\singh\.vscode\extensions\redhat.java-1.54.0-win32-x64\jre\21.0.10-win32-x86_64\bin\instrument.dll, loaded, initialized, instrumentlib options:none

dbghelp: loaded successfully - version: 4.0.5 - missing functions: none
symbol engine: initialized successfully - sym options: 0x614 - pdb path: .;c:\Users\singh\.vscode\extensions\redhat.java-1.54.0-win32-x64\jre\21.0.10-win32-x86_64\bin;C:\WINDOWS\SYSTEM32;C:\WINDOWS\WinSxS\amd64_microsoft.windows.common-controls_6595b64144ccf1df_6.0.26100.8457_none_3e0b2faee331e92d;c:\Users\singh\.vscode\extensions\redhat.java-1.54.0-win32-x64\jre\21.0.10-win32-x86_64\bin\server;C:\Users\singh\AppData\Roaming\Code\User\globalStorage\redhat.java\1.54.0\config_ss_win\org.eclipse.equinox.launcher\org.eclipse.equinox.launcher.win32.win32.x86_64_1.3.0.v20260203-2149;D:\Temp\jna-109441977

VM Arguments:
jvm_args: --add-modules=ALL-SYSTEM --add-opens=java.base/java.util=ALL-UNNAMED --add-opens=java.base/java.lang=ALL-UNNAMED --add-opens=java.base/sun.nio.fs=ALL-UNNAMED -Declipse.application=org.eclipse.jdt.ls.core.id1 -Dosgi.bundles.defaultStartLevel=4 -Declipse.product=org.eclipse.jdt.ls.core.product -Djava.import.generatesMetadataFilesAtProjectRoot=false -DDetectVMInstallationsJob.disabled=true -Dfile.encoding=utf8 -XX:+UseParallelGC -XX:GCTimeRatio=4 -XX:AdaptiveSizePolicyWeight=90 -Dsun.zip.disableMemoryMapping=true -Xmx2G -Xms100m -Xlog:disable -javaagent:c:\Users\singh\.vscode\extensions\redhat.java-1.54.0-win32-x64\lombok\lombok-1.18.39-4050.jar 
java_command: c:\Users\singh\.vscode\extensions\redhat.java-1.54.0-win32-x64\server\plugins\org.eclipse.equinox.launcher_1.7.100.v20251111-0406.jar -configuration c:\Users\singh\AppData\Roaming\Code\User\globalStorage\redhat.java\1.54.0\config_ss_win -data c:\Users\singh\AppData\Roaming\Code\User\workspaceStorage\404dc8cd7f8cac0b2001f1f3d6f6cd5e\redhat.java\ss_ws --pipe=\\.\pipe\lsp-6251308666c3c0f7d43cd110cafe8dce-sock
java_class_path (initial): c:\Users\singh\.vscode\extensions\redhat.java-1.54.0-win32-x64\server\plugins\org.eclipse.equinox.launcher_1.7.100.v20251111-0406.jar
Launcher Type: SUN_STANDARD

[Global flags]
    uintx AdaptiveSizePolicyWeight                 = 90                                        {product} {command line}
     intx CICompilerCount                          = 4                                         {product} {ergonomic}
    uintx GCTimeRatio                              = 4                                         {product} {command line}
   size_t InitialHeapSize                          = 104857600                                 {product} {command line}
   size_t MaxHeapSize                              = 2147483648                                {product} {command line}
   size_t MaxNewSize                               = 715653120                                 {product} {ergonomic}
   size_t MinHeapDeltaBytes                        = 524288                                    {product} {ergonomic}
   size_t MinHeapSize                              = 104857600                                 {product} {command line}
   size_t NewSize                                  = 34603008                                  {product} {ergonomic}
    uintx NonNMethodCodeHeapSize                   = 5839372                                {pd product} {ergonomic}
    uintx NonProfiledCodeHeapSize                  = 122909434                              {pd product} {ergonomic}
   size_t OldSize                                  = 70254592                                  {product} {ergonomic}
    uintx ProfiledCodeHeapSize                     = 122909434                              {pd product} {ergonomic}
    uintx ReservedCodeCacheSize                    = 251658240                              {pd product} {ergonomic}
     bool SegmentedCodeCache                       = true                                      {product} {ergonomic}
   size_t SoftMaxHeapSize                          = 2147483648                             {manageable} {ergonomic}
     bool UseCompressedOops                        = true                           {product lp64_product} {ergonomic}
     bool UseLargePagesIndividualAllocation        = false                                  {pd product} {ergonomic}
     bool UseParallelGC                            = true                                      {product} {command line}

Logging:
Log output configuration:
 #0: stdout all=off uptime,level,tags foldmultilines=false
 #1: stderr all=off uptime,level,tags foldmultilines=false

Release file:
JAVA_VERSION="21.0.10" 
MODULES="java.base java.compiler java.datatransfer java.xml java.prefs java.desktop java.instrument java.logging java.management java.security.sasl java.naming java.rmi java.management.rmi java.net.http java.scripting java.security.jgss java.transaction.xa java.sql java.sql.rowset java.xml.crypto java.se java.smartcardio jdk.accessibility jdk.internal.jvmstat jdk.attach jdk.charsets jdk.internal.opt jdk.zipfs jdk.compiler jdk.crypto.ec jdk.crypto.cryptoki jdk.crypto.mscapi jdk.dynalink jdk.internal.ed jdk.editpad jdk.hotspot.agent jdk.httpserver jdk.internal.le jdk.internal.vm.ci jdk.internal.vm.compiler jdk.internal.vm.compiler.management jdk.jartool jdk.javadoc jdk.jcmd jdk.management jdk.management.agent jdk.jconsole jdk.jdeps jdk.jdwp.agent jdk.jdi jdk.jfr jdk.jshell jdk.jsobject jdk.jstatd jdk.localedata jdk.management.jfr jdk.naming.dns jdk.naming.rmi jdk.net jdk.nio.mapmode jdk.random jdk.sctp jdk.security.auth jdk.security.jgss jdk.unsupported jdk.unsupported.desktop jdk.xml.dom" 

Environment Variables:
JAVA_HOME=C:\Users\singh\AppData\Local\Programs\Eclipse Adoptium\jdk-17.0.11.9-hotspot\
PATH=D:\SQL\dbhomeXE\bin;C:\Program Files\Python310\Scripts\;C:\Program Files\Python310\;C:\Program Files\Microsoft\jdk-17.0.13.11-hotspot\bin;C:\Program Files\Eclipse Adoptium\jdk-21.0.3.9-hotspot\bin;C:\WINDOWS\system32;C:\WINDOWS;C:\WINDOWS\System32\Wbem;C:\WINDOWS\System32\WindowsPowerShell\v1.0\;C:\WINDOWS\System32\OpenSSH\;C:\MinGW\bin;C:\Program Files\Microsoft SQL Server\Client SDK\ODBC\170\Tools\Binn\;C:\Program Files (x86)\Microsoft SQL Server\150\Tools\Binn\;C:\Program Files\Microsoft SQL Server\150\Tools\Binn\;C:\Program Files\Microsoft SQL Server\150\DTS\Binn\;C:\Program Files (x86)\Windows Kits\8.1\Windows Performance Toolkit\;C:\Program Files\dotnet\;C:\Program Files\Git\cmd;C:\ProgramData\chocolatey\bin;C:\Program Files\nodejs\;C:\Program Files\Maven\apache-maven-3.9.15\bin;;C:\Program Files\Docker\Docker\resources\bin;C:\Program Files\MySQL\MySQL Shell 8.0\bin\;C:\Users\singh\AppData\Local\Programs\Python\Python313\Scripts\;C:\Users\singh\AppData\Local\Programs\Python\Python313\;C:\Users\singh\AppData\Local\Programs\Python\Launcher\;C:\Users\singh\AppData\Local\Programs\Eclipse Adoptium\jdk-17.0.11.9-hotspot\bin;C:\Users\singh\AppData\Local\Microsoft\WindowsApps;C:\Users\singh\AppData\Local\Programs\Microsoft VS Code\bin;C:\Users\singh\AppData\Roaming\npm;D:\Antigravity\Antigravity\bin
USERNAME=singh
OS=Windows_NT
PROCESSOR_IDENTIFIER=Intel64 Family 6 Model 186 Stepping 3, GenuineIntel
TMP=D:\Temp
TEMP=D:\Temp\Temp




Periodic native trim disabled

---------------  S Y S T E M  ---------------

OS:
 Windows 11 , 64 bit Build 26100 (10.0.26100.8328)
OS uptime: 0 days 19:44 hours
Hyper-V role detected

CPU: total 12 (initial active 12) (6 cores per cpu, 2 threads per core) family 6 model 186 stepping 3 microcode 0x4128, cx8, cmov, fxsr, ht, mmx, 3dnowpref, sse, sse2, sse3, ssse3, sse4.1, sse4.2, popcnt, lzcnt, tsc, tscinvbit, avx, avx2, aes, erms, clmul, bmi1, bmi2, adx, sha, fma, vzeroupper, clflush, clflushopt, clwb, hv, serialize, rdtscp, rdpid, fsrm, f16c, cet_ibt, cet_ss
Processor Information for processor 0
  Max Mhz: 1700, Current Mhz: 1700, Mhz Limit: 1700
Processor Information for processor 1
  Max Mhz: 1700, Current Mhz: 1700, Mhz Limit: 1700
Processor Information for processor 2
  Max Mhz: 1700, Current Mhz: 1700, Mhz Limit: 1700
Processor Information for processor 3
  Max Mhz: 1700, Current Mhz: 1700, Mhz Limit: 1700
Processor Information for processor 4
  Max Mhz: 1700, Current Mhz: 1200, Mhz Limit: 1190
Processor Information for processor 5
  Max Mhz: 1700, Current Mhz: 1200, Mhz Limit: 1190
Processor Information for processor 6
  Max Mhz: 1700, Current Mhz: 1200, Mhz Limit: 1190
Processor Information for processor 7
  Max Mhz: 1700, Current Mhz: 1200, Mhz Limit: 1190
Processor Information for processor 8
  Max Mhz: 1700, Current Mhz: 1200, Mhz Limit: 1190
Processor Information for processor 9
  Max Mhz: 1700, Current Mhz: 1200, Mhz Limit: 1190
Processor Information for processor 10
  Max Mhz: 1700, Current Mhz: 1200, Mhz Limit: 1190
Processor Information for processor 11
  Max Mhz: 1700, Current Mhz: 1200, Mhz Limit: 1190

Memory: 4k page, system-wide physical 16095M (3549M free)
TotalPageFile size 20191M (AvailPageFile size 6M)
current process WorkingSet (physical memory assigned to process): 146M, peak: 151M
current process commit charge ("private bytes"): 287M, peak: 290M

vm_info: OpenJDK 64-Bit Server VM (21.0.10+7-LTS) for windows-amd64 JRE (21.0.10+7-LTS), built on 2026-01-20T00:00:00Z by "admin" with MS VC++ 17.12 (VS2022)

END.
